2019-03-26 10:13:57.440 febs [main] INFO  cc.mrbird.febs.FebsApplication - Starting FebsApplication on DESKTOP-L5UH5E4 with PID 6700 (D:\demo\vue\FEBS-Vue\backend\target\classes started by volga in D:\demo\vue\FEBS-Vue\backend)
2019-03-26 10:13:57.445 febs [main] INFO  cc.mrbird.febs.FebsApplication - No active profile set, falling back to default profiles: default
2019-03-26 10:13:59.853 febs [main] INFO  o.s.d.r.c.RepositoryConfigurationDelegate - Multiple Spring Data modules found, entering strict repository configuration mode!
2019-03-26 10:13:59.858 febs [main] INFO  o.s.d.r.c.RepositoryConfigurationDelegate - Bootstrapping Spring Data repositories in DEFAULT mode.
2019-03-26 10:13:59.966 febs [main] INFO  o.s.d.r.c.RepositoryConfigurationDelegate - Finished Spring Data repository scanning in 85ms. Found 0 repository interfaces.
2019-03-26 10:14:00.429 febs [main] INFO  o.s.c.s.PostProcessorRegistrationDelegate$BeanPostProcessorChecker - Bean 'asyncExecutorPoolConfig' of type [cc.mrbird.febs.common.config.AsyncExecutorPoolConfig$$EnhancerBySpringCGLIB$$4947472b] is not eligible for getting processed by all BeanPostProcessors (for example: not eligible for auto-proxying)
2019-03-26 10:14:00.685 febs [main] INFO  o.s.c.s.PostProcessorRegistrationDelegate$BeanPostProcessorChecker - Bean 'spring.datasource.dynamic-com.baomidou.dynamic.datasource.spring.boot.autoconfigure.DynamicDataSourceProperties' of type [com.baomidou.dynamic.datasource.spring.boot.autoconfigure.DynamicDataSourceProperties] is not eligible for getting processed by all BeanPostProcessors (for example: not eligible for auto-proxying)
2019-03-26 10:14:00.845 febs [main] INFO  o.s.c.s.PostProcessorRegistrationDelegate$BeanPostProcessorChecker - Bean 'com.baomidou.dynamic.datasource.spring.boot.autoconfigure.DynamicDataSourceAutoConfiguration' of type [com.baomidou.dynamic.datasource.spring.boot.autoconfigure.DynamicDataSourceAutoConfiguration$$EnhancerBySpringCGLIB$$239692cf] is not eligible for getting processed by all BeanPostProcessors (for example: not eligible for auto-proxying)
2019-03-26 10:14:00.855 febs [main] INFO  o.s.c.s.PostProcessorRegistrationDelegate$BeanPostProcessorChecker - Bean 'dsProcessor' of type [com.baomidou.dynamic.datasource.processor.DsHeaderProcessor] is not eligible for getting processed by all BeanPostProcessors (for example: not eligible for auto-proxying)
2019-03-26 10:14:00.860 febs [main] INFO  o.s.c.s.PostProcessorRegistrationDelegate$BeanPostProcessorChecker - Bean 'dynamicDatasourceAnnotationAdvisor' of type [com.baomidou.dynamic.datasource.aop.DynamicDataSourceAnnotationAdvisor] is not eligible for getting processed by all BeanPostProcessors (for example: not eligible for auto-proxying)
2019-03-26 10:14:00.874 febs [main] INFO  o.s.c.s.PostProcessorRegistrationDelegate$BeanPostProcessorChecker - Bean 'org.springframework.transaction.annotation.ProxyTransactionManagementConfiguration' of type [org.springframework.transaction.annotation.ProxyTransactionManagementConfiguration$$EnhancerBySpringCGLIB$$ba0821fe] is not eligible for getting processed by all BeanPostProcessors (for example: not eligible for auto-proxying)
2019-03-26 10:14:00.903 febs [main] INFO  o.s.c.s.PostProcessorRegistrationDelegate$BeanPostProcessorChecker - Bean 'shiroConfig' of type [cc.mrbird.febs.common.authentication.ShiroConfig$$EnhancerBySpringCGLIB$$258823a7] is not eligible for getting processed by all BeanPostProcessors (for example: not eligible for auto-proxying)
2019-03-26 10:14:01.078 febs [main] INFO  o.s.c.s.PostProcessorRegistrationDelegate$BeanPostProcessorChecker - Bean 'redisConfig' of type [cc.mrbird.febs.common.config.RedisConfig$$EnhancerBySpringCGLIB$$1e4cdafb] is not eligible for getting processed by all BeanPostProcessors (for example: not eligible for auto-proxying)
2019-03-26 10:14:01.104 febs [main] INFO  o.s.c.s.PostProcessorRegistrationDelegate$BeanPostProcessorChecker - Bean 'redisPoolFactory' of type [redis.clients.jedis.JedisPool] is not eligible for getting processed by all BeanPostProcessors (for example: not eligible for auto-proxying)
2019-03-26 10:14:01.110 febs [main] INFO  o.s.c.s.PostProcessorRegistrationDelegate$BeanPostProcessorChecker - Bean 'redisService' of type [cc.mrbird.febs.common.service.impl.RedisServiceImpl] is not eligible for getting processed by all BeanPostProcessors (for example: not eligible for auto-proxying)
2019-03-26 10:14:01.216 febs [main] INFO  o.s.c.s.PostProcessorRegistrationDelegate$BeanPostProcessorChecker - Bean 'mybatis-plus-com.baomidou.mybatisplus.autoconfigure.MybatisPlusProperties' of type [com.baomidou.mybatisplus.autoconfigure.MybatisPlusProperties] is not eligible for getting processed by all BeanPostProcessors (for example: not eligible for auto-proxying)
2019-03-26 10:14:01.226 febs [main] INFO  o.s.c.s.PostProcessorRegistrationDelegate$BeanPostProcessorChecker - Bean 'mybatisPlusConfig' of type [cc.mrbird.febs.common.config.MybatisPlusConfig$$EnhancerBySpringCGLIB$$b8f7e0d] is not eligible for getting processed by all BeanPostProcessors (for example: not eligible for auto-proxying)
2019-03-26 10:14:01.231 febs [main] INFO  o.s.c.s.PostProcessorRegistrationDelegate$BeanPostProcessorChecker - Bean 'paginationInterceptor' of type [com.baomidou.mybatisplus.extension.plugins.PaginationInterceptor] is not eligible for getting processed by all BeanPostProcessors (for example: not eligible for auto-proxying)
2019-03-26 10:14:01.240 febs [main] INFO  o.s.c.s.PostProcessorRegistrationDelegate$BeanPostProcessorChecker - Bean 'com.baomidou.mybatisplus.autoconfigure.MybatisPlusAutoConfiguration' of type [com.baomidou.mybatisplus.autoconfigure.MybatisPlusAutoConfiguration$$EnhancerBySpringCGLIB$$f7d08e98] is not eligible for getting processed by all BeanPostProcessors (for example: not eligible for auto-proxying)
2019-03-26 10:14:01.250 febs [main] INFO  o.s.c.s.PostProcessorRegistrationDelegate$BeanPostProcessorChecker - Bean 'dynamicDataSourceCreator' of type [com.baomidou.dynamic.datasource.DynamicDataSourceCreator] is not eligible for getting processed by all BeanPostProcessors (for example: not eligible for auto-proxying)
2019-03-26 10:14:01.253 febs [main] INFO  o.s.c.s.PostProcessorRegistrationDelegate$BeanPostProcessorChecker - Bean 'dynamicDataSourceProvider' of type [com.baomidou.dynamic.datasource.provider.YmlDynamicDataSourceProvider] is not eligible for getting processed by all BeanPostProcessors (for example: not eligible for auto-proxying)
2019-03-26 10:14:01.257 febs [main] INFO  c.b.d.d.DynamicRoutingDataSource - 动态数据源-检测到并开启了p6spy
2019-03-26 10:14:01.432 febs [main] INFO  com.zaxxer.hikari.HikariDataSource - primary - Starting...
2019-03-26 10:14:03.560 febs [main] INFO  o.s.b.a.l.ConditionEvaluationReportLoggingListener - 

Error starting ApplicationContext. To display the conditions report re-run your application with 'debug' enabled.
2019-03-26 10:15:59.248 febs [main] INFO  cc.mrbird.febs.FebsApplication - Starting FebsApplication on DESKTOP-L5UH5E4 with PID 3320 (D:\demo\vue\FEBS-Vue\backend\target\classes started by volga in D:\demo\vue\FEBS-Vue\backend)
2019-03-26 10:15:59.371 febs [main] INFO  cc.mrbird.febs.FebsApplication - No active profile set, falling back to default profiles: default
2019-03-26 10:16:01.018 febs [main] INFO  o.s.d.r.c.RepositoryConfigurationDelegate - Multiple Spring Data modules found, entering strict repository configuration mode!
2019-03-26 10:16:01.021 febs [main] INFO  o.s.d.r.c.RepositoryConfigurationDelegate - Bootstrapping Spring Data repositories in DEFAULT mode.
2019-03-26 10:16:01.139 febs [main] INFO  o.s.d.r.c.RepositoryConfigurationDelegate - Finished Spring Data repository scanning in 95ms. Found 0 repository interfaces.
2019-03-26 10:16:01.678 febs [main] INFO  o.s.c.s.PostProcessorRegistrationDelegate$BeanPostProcessorChecker - Bean 'asyncExecutorPoolConfig' of type [cc.mrbird.febs.common.config.AsyncExecutorPoolConfig$$EnhancerBySpringCGLIB$$f02d6616] is not eligible for getting processed by all BeanPostProcessors (for example: not eligible for auto-proxying)
2019-03-26 10:16:01.861 febs [main] INFO  o.s.c.s.PostProcessorRegistrationDelegate$BeanPostProcessorChecker - Bean 'spring.datasource.dynamic-com.baomidou.dynamic.datasource.spring.boot.autoconfigure.DynamicDataSourceProperties' of type [com.baomidou.dynamic.datasource.spring.boot.autoconfigure.DynamicDataSourceProperties] is not eligible for getting processed by all BeanPostProcessors (for example: not eligible for auto-proxying)
2019-03-26 10:16:02.022 febs [main] INFO  o.s.c.s.PostProcessorRegistrationDelegate$BeanPostProcessorChecker - Bean 'com.baomidou.dynamic.datasource.spring.boot.autoconfigure.DynamicDataSourceAutoConfiguration' of type [com.baomidou.dynamic.datasource.spring.boot.autoconfigure.DynamicDataSourceAutoConfiguration$$EnhancerBySpringCGLIB$$ca7cb1ba] is not eligible for getting processed by all BeanPostProcessors (for example: not eligible for auto-proxying)
2019-03-26 10:16:02.047 febs [main] INFO  o.s.c.s.PostProcessorRegistrationDelegate$BeanPostProcessorChecker - Bean 'dsProcessor' of type [com.baomidou.dynamic.datasource.processor.DsHeaderProcessor] is not eligible for getting processed by all BeanPostProcessors (for example: not eligible for auto-proxying)
2019-03-26 10:16:02.052 febs [main] INFO  o.s.c.s.PostProcessorRegistrationDelegate$BeanPostProcessorChecker - Bean 'dynamicDatasourceAnnotationAdvisor' of type [com.baomidou.dynamic.datasource.aop.DynamicDataSourceAnnotationAdvisor] is not eligible for getting processed by all BeanPostProcessors (for example: not eligible for auto-proxying)
2019-03-26 10:16:02.067 febs [main] INFO  o.s.c.s.PostProcessorRegistrationDelegate$BeanPostProcessorChecker - Bean 'org.springframework.transaction.annotation.ProxyTransactionManagementConfiguration' of type [org.springframework.transaction.annotation.ProxyTransactionManagementConfiguration$$EnhancerBySpringCGLIB$$60ee40e9] is not eligible for getting processed by all BeanPostProcessors (for example: not eligible for auto-proxying)
2019-03-26 10:16:02.094 febs [main] INFO  o.s.c.s.PostProcessorRegistrationDelegate$BeanPostProcessorChecker - Bean 'shiroConfig' of type [cc.mrbird.febs.common.authentication.ShiroConfig$$EnhancerBySpringCGLIB$$cc6e4292] is not eligible for getting processed by all BeanPostProcessors (for example: not eligible for auto-proxying)
2019-03-26 10:16:02.281 febs [main] INFO  o.s.c.s.PostProcessorRegistrationDelegate$BeanPostProcessorChecker - Bean 'redisConfig' of type [cc.mrbird.febs.common.config.RedisConfig$$EnhancerBySpringCGLIB$$c532f9e6] is not eligible for getting processed by all BeanPostProcessors (for example: not eligible for auto-proxying)
2019-03-26 10:16:02.310 febs [main] INFO  o.s.c.s.PostProcessorRegistrationDelegate$BeanPostProcessorChecker - Bean 'redisPoolFactory' of type [redis.clients.jedis.JedisPool] is not eligible for getting processed by all BeanPostProcessors (for example: not eligible for auto-proxying)
2019-03-26 10:16:02.318 febs [main] INFO  o.s.c.s.PostProcessorRegistrationDelegate$BeanPostProcessorChecker - Bean 'redisService' of type [cc.mrbird.febs.common.service.impl.RedisServiceImpl] is not eligible for getting processed by all BeanPostProcessors (for example: not eligible for auto-proxying)
2019-03-26 10:16:02.417 febs [main] INFO  o.s.c.s.PostProcessorRegistrationDelegate$BeanPostProcessorChecker - Bean 'mybatis-plus-com.baomidou.mybatisplus.autoconfigure.MybatisPlusProperties' of type [com.baomidou.mybatisplus.autoconfigure.MybatisPlusProperties] is not eligible for getting processed by all BeanPostProcessors (for example: not eligible for auto-proxying)
2019-03-26 10:16:02.430 febs [main] INFO  o.s.c.s.PostProcessorRegistrationDelegate$BeanPostProcessorChecker - Bean 'mybatisPlusConfig' of type [cc.mrbird.febs.common.config.MybatisPlusConfig$$EnhancerBySpringCGLIB$$b2759cf8] is not eligible for getting processed by all BeanPostProcessors (for example: not eligible for auto-proxying)
2019-03-26 10:16:02.438 febs [main] INFO  o.s.c.s.PostProcessorRegistrationDelegate$BeanPostProcessorChecker - Bean 'paginationInterceptor' of type [com.baomidou.mybatisplus.extension.plugins.PaginationInterceptor] is not eligible for getting processed by all BeanPostProcessors (for example: not eligible for auto-proxying)
2019-03-26 10:16:02.449 febs [main] INFO  o.s.c.s.PostProcessorRegistrationDelegate$BeanPostProcessorChecker - Bean 'com.baomidou.mybatisplus.autoconfigure.MybatisPlusAutoConfiguration' of type [com.baomidou.mybatisplus.autoconfigure.MybatisPlusAutoConfiguration$$EnhancerBySpringCGLIB$$9eb6ad83] is not eligible for getting processed by all BeanPostProcessors (for example: not eligible for auto-proxying)
2019-03-26 10:16:02.467 febs [main] INFO  o.s.c.s.PostProcessorRegistrationDelegate$BeanPostProcessorChecker - Bean 'dynamicDataSourceCreator' of type [com.baomidou.dynamic.datasource.DynamicDataSourceCreator] is not eligible for getting processed by all BeanPostProcessors (for example: not eligible for auto-proxying)
2019-03-26 10:16:02.470 febs [main] INFO  o.s.c.s.PostProcessorRegistrationDelegate$BeanPostProcessorChecker - Bean 'dynamicDataSourceProvider' of type [com.baomidou.dynamic.datasource.provider.YmlDynamicDataSourceProvider] is not eligible for getting processed by all BeanPostProcessors (for example: not eligible for auto-proxying)
2019-03-26 10:16:02.476 febs [main] INFO  c.b.d.d.DynamicRoutingDataSource - 动态数据源-检测到并开启了p6spy
2019-03-26 10:16:02.488 febs [main] INFO  com.zaxxer.hikari.HikariDataSource - primary - Starting...
2019-03-26 10:16:03.907 febs [main] INFO  com.zaxxer.hikari.HikariDataSource - primary - Start completed.
2019-03-26 10:16:03.907 febs [main] INFO  c.b.d.d.DynamicRoutingDataSource - 初始共加载 1 个数据源
2019-03-26 10:16:03.907 febs [main] INFO  c.b.d.d.DynamicRoutingDataSource - 动态数据源-加载 primary 成功
2019-03-26 10:16:03.907 febs [main] INFO  c.b.d.d.DynamicRoutingDataSource - 当前的默认数据源是单数据源，数据源名为 primary
2019-03-26 10:16:03.907 febs [main] INFO  o.s.c.s.PostProcessorRegistrationDelegate$BeanPostProcessorChecker - Bean 'dataSource' of type [com.baomidou.dynamic.datasource.DynamicRoutingDataSource] is not eligible for getting processed by all BeanPostProcessors (for example: not eligible for auto-proxying)
2019-03-26 10:16:03.927 febs [main] INFO  o.s.c.s.PostProcessorRegistrationDelegate$BeanPostProcessorChecker - Bean 'spring.datasource-org.springframework.boot.autoconfigure.jdbc.DataSourceProperties' of type [org.springframework.boot.autoconfigure.jdbc.DataSourceProperties] is not eligible for getting processed by all BeanPostProcessors (for example: not eligible for auto-proxying)
2019-03-26 10:16:03.938 febs [main] INFO  o.s.c.s.PostProcessorRegistrationDelegate$BeanPostProcessorChecker - Bean 'org.springframework.boot.autoconfigure.jdbc.DataSourceInitializerInvoker' of type [org.springframework.boot.autoconfigure.jdbc.DataSourceInitializerInvoker] is not eligible for getting processed by all BeanPostProcessors (for example: not eligible for auto-proxying)
2019-03-26 10:16:05.165 febs [main] INFO  o.s.c.s.PostProcessorRegistrationDelegate$BeanPostProcessorChecker - Bean 'sqlSessionFactory' of type [org.apache.ibatis.session.defaults.DefaultSqlSessionFactory] is not eligible for getting processed by all BeanPostProcessors (for example: not eligible for auto-proxying)
2019-03-26 10:16:05.174 febs [main] INFO  o.s.c.s.PostProcessorRegistrationDelegate$BeanPostProcessorChecker - Bean 'sqlSessionTemplate' of type [org.mybatis.spring.SqlSessionTemplate] is not eligible for getting processed by all BeanPostProcessors (for example: not eligible for auto-proxying)
2019-03-26 10:16:05.180 febs [main] INFO  o.s.c.s.PostProcessorRegistrationDelegate$BeanPostProcessorChecker - Bean 'roleMapper' of type [org.mybatis.spring.mapper.MapperFactoryBean] is not eligible for getting processed by all BeanPostProcessors (for example: not eligible for auto-proxying)
2019-03-26 10:16:05.184 febs [main] INFO  o.s.c.s.PostProcessorRegistrationDelegate$BeanPostProcessorChecker - Bean 'roleMapper' of type [com.sun.proxy.$Proxy103] is not eligible for getting processed by all BeanPostProcessors (for example: not eligible for auto-proxying)
2019-03-26 10:16:05.228 febs [main] INFO  o.s.c.s.PostProcessorRegistrationDelegate$BeanPostProcessorChecker - Bean 'roleMenuMapper' of type [org.mybatis.spring.mapper.MapperFactoryBean] is not eligible for getting processed by all BeanPostProcessors (for example: not eligible for auto-proxying)
2019-03-26 10:16:05.230 febs [main] INFO  o.s.c.s.PostProcessorRegistrationDelegate$BeanPostProcessorChecker - Bean 'roleMenuMapper' of type [com.sun.proxy.$Proxy105] is not eligible for getting processed by all BeanPostProcessors (for example: not eligible for auto-proxying)
2019-03-26 10:16:05.238 febs [main] INFO  o.s.c.s.PostProcessorRegistrationDelegate$BeanPostProcessorChecker - Bean 'userRoleMapper' of type [org.mybatis.spring.mapper.MapperFactoryBean] is not eligible for getting processed by all BeanPostProcessors (for example: not eligible for auto-proxying)
2019-03-26 10:16:05.239 febs [main] INFO  o.s.c.s.PostProcessorRegistrationDelegate$BeanPostProcessorChecker - Bean 'userRoleMapper' of type [com.sun.proxy.$Proxy106] is not eligible for getting processed by all BeanPostProcessors (for example: not eligible for auto-proxying)
2019-03-26 10:16:05.241 febs [main] INFO  o.s.c.s.PostProcessorRegistrationDelegate$BeanPostProcessorChecker - Bean 'userRoleService' of type [cc.mrbird.febs.system.service.impl.UserRoleServiceImpl] is not eligible for getting processed by all BeanPostProcessors (for example: not eligible for auto-proxying)
2019-03-26 10:16:05.306 febs [main] INFO  o.s.c.s.PostProcessorRegistrationDelegate$BeanPostProcessorChecker - Bean 'roleMenuService' of type [cc.mrbird.febs.system.service.impl.RoleMenuServiceImpl] is not eligible for getting processed by all BeanPostProcessors (for example: not eligible for auto-proxying)
2019-03-26 10:16:05.336 febs [main] INFO  o.s.c.s.PostProcessorRegistrationDelegate$BeanPostProcessorChecker - Bean 'roleService' of type [cc.mrbird.febs.system.service.impl.RoleServiceImpl] is not eligible for getting processed by all BeanPostProcessors (for example: not eligible for auto-proxying)
2019-03-26 10:16:05.374 febs [main] INFO  o.s.c.s.PostProcessorRegistrationDelegate$BeanPostProcessorChecker - Bean 'menuMapper' of type [org.mybatis.spring.mapper.MapperFactoryBean] is not eligible for getting processed by all BeanPostProcessors (for example: not eligible for auto-proxying)
2019-03-26 10:16:05.375 febs [main] INFO  o.s.c.s.PostProcessorRegistrationDelegate$BeanPostProcessorChecker - Bean 'menuMapper' of type [com.sun.proxy.$Proxy110] is not eligible for getting processed by all BeanPostProcessors (for example: not eligible for auto-proxying)
2019-03-26 10:16:05.379 febs [main] INFO  o.s.c.s.PostProcessorRegistrationDelegate$BeanPostProcessorChecker - Bean 'menuService' of type [cc.mrbird.febs.system.service.impl.MenuServiceImpl] is not eligible for getting processed by all BeanPostProcessors (for example: not eligible for auto-proxying)
2019-03-26 10:16:05.414 febs [main] INFO  o.s.c.s.PostProcessorRegistrationDelegate$BeanPostProcessorChecker - Bean 'userMapper' of type [org.mybatis.spring.mapper.MapperFactoryBean] is not eligible for getting processed by all BeanPostProcessors (for example: not eligible for auto-proxying)
2019-03-26 10:16:05.415 febs [main] INFO  o.s.c.s.PostProcessorRegistrationDelegate$BeanPostProcessorChecker - Bean 'userMapper' of type [com.sun.proxy.$Proxy112] is not eligible for getting processed by all BeanPostProcessors (for example: not eligible for auto-proxying)
2019-03-26 10:16:05.461 febs [main] INFO  o.s.c.s.PostProcessorRegistrationDelegate$BeanPostProcessorChecker - Bean 'userConfigMapper' of type [org.mybatis.spring.mapper.MapperFactoryBean] is not eligible for getting processed by all BeanPostProcessors (for example: not eligible for auto-proxying)
2019-03-26 10:16:05.463 febs [main] INFO  o.s.c.s.PostProcessorRegistrationDelegate$BeanPostProcessorChecker - Bean 'userConfigMapper' of type [com.sun.proxy.$Proxy113] is not eligible for getting processed by all BeanPostProcessors (for example: not eligible for auto-proxying)
2019-03-26 10:16:05.469 febs [main] INFO  o.s.c.s.PostProcessorRegistrationDelegate$BeanPostProcessorChecker - Bean 'userConfigService' of type [cc.mrbird.febs.system.service.impl.UserConfigServiceImpl] is not eligible for getting processed by all BeanPostProcessors (for example: not eligible for auto-proxying)
2019-03-26 10:16:05.493 febs [main] INFO  o.s.c.s.PostProcessorRegistrationDelegate$BeanPostProcessorChecker - Bean 'userService' of type [cc.mrbird.febs.system.service.impl.UserServiceImpl] is not eligible for getting processed by all BeanPostProcessors (for example: not eligible for auto-proxying)
2019-03-26 10:16:05.522 febs [main] INFO  o.s.c.s.PostProcessorRegistrationDelegate$BeanPostProcessorChecker - Bean 'org.springframework.boot.autoconfigure.jackson.JacksonAutoConfiguration$JacksonObjectMapperConfiguration' of type [org.springframework.boot.autoconfigure.jackson.JacksonAutoConfiguration$JacksonObjectMapperConfiguration$$EnhancerBySpringCGLIB$$bc81c07a] is not eligible for getting processed by all BeanPostProcessors (for example: not eligible for auto-proxying)
2019-03-26 10:16:05.526 febs [main] INFO  o.s.c.s.PostProcessorRegistrationDelegate$BeanPostProcessorChecker - Bean 'org.springframework.boot.autoconfigure.jackson.JacksonAutoConfiguration$JacksonObjectMapperBuilderConfiguration' of type [org.springframework.boot.autoconfigure.jackson.JacksonAutoConfiguration$JacksonObjectMapperBuilderConfiguration$$EnhancerBySpringCGLIB$$6ece8293] is not eligible for getting processed by all BeanPostProcessors (for example: not eligible for auto-proxying)
2019-03-26 10:16:05.530 febs [main] INFO  o.s.c.s.PostProcessorRegistrationDelegate$BeanPostProcessorChecker - Bean 'org.springframework.boot.autoconfigure.jackson.JacksonAutoConfiguration$Jackson2ObjectMapperBuilderCustomizerConfiguration' of type [org.springframework.boot.autoconfigure.jackson.JacksonAutoConfiguration$Jackson2ObjectMapperBuilderCustomizerConfiguration$$EnhancerBySpringCGLIB$$29e56882] is not eligible for getting processed by all BeanPostProcessors (for example: not eligible for auto-proxying)
2019-03-26 10:16:05.540 febs [main] INFO  o.s.c.s.PostProcessorRegistrationDelegate$BeanPostProcessorChecker - Bean 'spring.jackson-org.springframework.boot.autoconfigure.jackson.JacksonProperties' of type [org.springframework.boot.autoconfigure.jackson.JacksonProperties] is not eligible for getting processed by all BeanPostProcessors (for example: not eligible for auto-proxying)
2019-03-26 10:16:05.544 febs [main] INFO  o.s.c.s.PostProcessorRegistrationDelegate$BeanPostProcessorChecker - Bean 'standardJacksonObjectMapperBuilderCustomizer' of type [org.springframework.boot.autoconfigure.jackson.JacksonAutoConfiguration$Jackson2ObjectMapperBuilderCustomizerConfiguration$StandardJackson2ObjectMapperBuilderCustomizer] is not eligible for getting processed by all BeanPostProcessors (for example: not eligible for auto-proxying)
2019-03-26 10:16:05.554 febs [main] INFO  o.s.c.s.PostProcessorRegistrationDelegate$BeanPostProcessorChecker - Bean 'org.springframework.boot.autoconfigure.jackson.JacksonAutoConfiguration$ParameterNamesModuleConfiguration' of type [org.springframework.boot.autoconfigure.jackson.JacksonAutoConfiguration$ParameterNamesModuleConfiguration$$EnhancerBySpringCGLIB$$50b0dfb0] is not eligible for getting processed by all BeanPostProcessors (for example: not eligible for auto-proxying)
2019-03-26 10:16:05.568 febs [main] INFO  o.s.c.s.PostProcessorRegistrationDelegate$BeanPostProcessorChecker - Bean 'parameterNamesModule' of type [com.fasterxml.jackson.module.paramnames.ParameterNamesModule] is not eligible for getting processed by all BeanPostProcessors (for example: not eligible for auto-proxying)
2019-03-26 10:16:05.576 febs [main] INFO  o.s.c.s.PostProcessorRegistrationDelegate$BeanPostProcessorChecker - Bean 'org.springframework.boot.autoconfigure.jackson.JacksonAutoConfiguration' of type [org.springframework.boot.autoconfigure.jackson.JacksonAutoConfiguration$$EnhancerBySpringCGLIB$$9e8d5e09] is not eligible for getting processed by all BeanPostProcessors (for example: not eligible for auto-proxying)
2019-03-26 10:16:05.596 febs [main] INFO  o.s.c.s.PostProcessorRegistrationDelegate$BeanPostProcessorChecker - Bean 'jsonComponentModule' of type [org.springframework.boot.jackson.JsonComponentModule] is not eligible for getting processed by all BeanPostProcessors (for example: not eligible for auto-proxying)
2019-03-26 10:16:05.599 febs [main] INFO  o.s.c.s.PostProcessorRegistrationDelegate$BeanPostProcessorChecker - Bean 'org.springframework.data.web.config.SpringDataJacksonConfiguration' of type [org.springframework.data.web.config.SpringDataJacksonConfiguration] is not eligible for getting processed by all BeanPostProcessors (for example: not eligible for auto-proxying)
2019-03-26 10:16:05.609 febs [main] INFO  o.s.c.s.PostProcessorRegistrationDelegate$BeanPostProcessorChecker - Bean 'jacksonGeoModule' of type [org.springframework.data.geo.GeoModule] is not eligible for getting processed by all BeanPostProcessors (for example: not eligible for auto-proxying)
2019-03-26 10:16:05.613 febs [main] INFO  o.s.c.s.PostProcessorRegistrationDelegate$BeanPostProcessorChecker - Bean 'jacksonObjectMapperBuilder' of type [org.springframework.http.converter.json.Jackson2ObjectMapperBuilder] is not eligible for getting processed by all BeanPostProcessors (for example: not eligible for auto-proxying)
2019-03-26 10:16:05.650 febs [main] INFO  o.s.c.s.PostProcessorRegistrationDelegate$BeanPostProcessorChecker - Bean 'jacksonObjectMapper' of type [com.fasterxml.jackson.databind.ObjectMapper] is not eligible for getting processed by all BeanPostProcessors (for example: not eligible for auto-proxying)
2019-03-26 10:16:05.677 febs [main] INFO  o.s.c.s.PostProcessorRegistrationDelegate$BeanPostProcessorChecker - Bean 'cacheService' of type [cc.mrbird.febs.common.service.impl.CacheServiceImpl] is not eligible for getting processed by all BeanPostProcessors (for example: not eligible for auto-proxying)
2019-03-26 10:16:05.682 febs [main] INFO  o.s.c.s.PostProcessorRegistrationDelegate$BeanPostProcessorChecker - Bean 'userManager' of type [cc.mrbird.febs.system.manager.UserManager] is not eligible for getting processed by all BeanPostProcessors (for example: not eligible for auto-proxying)
2019-03-26 10:16:05.683 febs [main] INFO  o.s.c.s.PostProcessorRegistrationDelegate$BeanPostProcessorChecker - Bean 'shiroRealm' of type [cc.mrbird.febs.common.authentication.ShiroRealm] is not eligible for getting processed by all BeanPostProcessors (for example: not eligible for auto-proxying)
2019-03-26 10:16:05.698 febs [main] INFO  o.s.c.s.PostProcessorRegistrationDelegate$BeanPostProcessorChecker - Bean 'securityManager' of type [org.apache.shiro.web.mgt.DefaultWebSecurityManager] is not eligible for getting processed by all BeanPostProcessors (for example: not eligible for auto-proxying)
2019-03-26 10:16:05.719 febs [main] INFO  o.s.c.s.PostProcessorRegistrationDelegate$BeanPostProcessorChecker - Bean 'authorizationAttributeSourceAdvisor' of type [org.apache.shiro.spring.security.interceptor.AuthorizationAttributeSourceAdvisor] is not eligible for getting processed by all BeanPostProcessors (for example: not eligible for auto-proxying)
2019-03-26 10:16:06.263 febs [main] INFO  o.s.b.w.e.tomcat.TomcatWebServer - Tomcat initialized with port(s): 9527 (http)
2019-03-26 10:16:06.283 febs [main] INFO  o.a.coyote.http11.Http11NioProtocol - Initializing ProtocolHandler ["http-nio-9527"]
2019-03-26 10:16:06.292 febs [main] INFO  o.a.catalina.core.StandardService - Starting service [Tomcat]
2019-03-26 10:16:06.292 febs [main] INFO  o.a.catalina.core.StandardEngine - Starting Servlet Engine: Apache Tomcat/9.0.12
2019-03-26 10:16:06.300 febs [main] INFO  o.a.c.core.AprLifecycleListener - Loaded APR based Apache Tomcat Native library [1.2.17] using APR version [1.6.3].
2019-03-26 10:16:06.300 febs [main] INFO  o.a.c.core.AprLifecycleListener - APR capabilities: IPv6 [true], sendfile [true], accept filters [false], random [true].
2019-03-26 10:16:06.300 febs [main] INFO  o.a.c.core.AprLifecycleListener - APR/OpenSSL configuration: useAprConnector [false], useOpenSSL [true]
2019-03-26 10:16:07.378 febs [main] INFO  o.a.c.core.AprLifecycleListener - OpenSSL successfully initialized [OpenSSL 1.0.2o  27 Mar 2018]
2019-03-26 10:16:07.628 febs [main] INFO  o.a.c.c.C.[Tomcat].[localhost].[/] - Initializing Spring embedded WebApplicationContext
2019-03-26 10:16:07.628 febs [main] INFO  o.s.web.context.ContextLoader - Root WebApplicationContext: initialization completed in 8159 ms
2019-03-26 10:16:08.234 febs [main] INFO  o.s.b.w.s.FilterRegistrationBean - Mapping filter: 'characterEncodingFilter' to: [/*]
2019-03-26 10:16:08.234 febs [main] INFO  o.s.b.w.s.FilterRegistrationBean - Mapping filter: 'webMvcMetricsFilter' to: [/*]
2019-03-26 10:16:08.234 febs [main] INFO  o.s.b.w.s.FilterRegistrationBean - Mapping filter: 'hiddenHttpMethodFilter' to: [/*]
2019-03-26 10:16:08.234 febs [main] INFO  o.s.b.w.s.FilterRegistrationBean - Mapping filter: 'formContentFilter' to: [/*]
2019-03-26 10:16:08.234 febs [main] INFO  o.s.b.w.s.FilterRegistrationBean - Mapping filter: 'requestContextFilter' to: [/*]
2019-03-26 10:16:08.234 febs [main] INFO  o.s.b.w.s.FilterRegistrationBean - Mapping filter: 'httpTraceFilter' to: [/*]
2019-03-26 10:16:08.234 febs [main] INFO  o.s.b.w.s.FilterRegistrationBean - Mapping filter: 'shiroFilterFactoryBean' to: [/*]
2019-03-26 10:16:08.234 febs [main] INFO  o.s.b.w.s.ServletRegistrationBean - Servlet dispatcherServlet mapped to [/]
2019-03-26 10:16:08.505 febs [main] INFO  org.quartz.impl.StdSchedulerFactory - Using default implementation for ThreadExecutor
2019-03-26 10:16:08.527 febs [main] INFO  o.quartz.core.SchedulerSignalerImpl - Initialized Scheduler Signaller of type: class org.quartz.core.SchedulerSignalerImpl
2019-03-26 10:16:08.527 febs [main] INFO  org.quartz.core.QuartzScheduler - Quartz Scheduler v.2.3.0 created.
2019-03-26 10:16:08.532 febs [main] INFO  o.s.s.quartz.LocalDataSourceJobStore - Using db table-based data access locking (synchronization).
2019-03-26 10:16:08.535 febs [main] INFO  o.s.s.quartz.LocalDataSourceJobStore - JobStoreCMT initialized.
2019-03-26 10:16:08.536 febs [main] INFO  org.quartz.core.QuartzScheduler - Scheduler meta-data: Quartz Scheduler (v2.3.0) 'MyScheduler' with instanceId 'DESKTOP-L5UH5E41553566568509'
  Scheduler class: 'org.quartz.core.QuartzScheduler' - running locally.
  NOT STARTED.
  Currently in standby mode.
  Number of jobs executed: 0
  Using thread pool 'org.quartz.simpl.SimpleThreadPool' - with 20 threads.
  Using job-store 'org.springframework.scheduling.quartz.LocalDataSourceJobStore' - which supports persistence. and is clustered.

2019-03-26 10:16:08.536 febs [main] INFO  org.quartz.impl.StdSchedulerFactory - Quartz scheduler 'MyScheduler' initialized from an externally provided properties instance.
2019-03-26 10:16:08.536 febs [main] INFO  org.quartz.impl.StdSchedulerFactory - Quartz scheduler version: 2.3.0
2019-03-26 10:16:08.538 febs [main] INFO  org.quartz.core.QuartzScheduler - JobFactory set to: org.springframework.scheduling.quartz.AdaptableJobFactory@3ffd4b12
2019-03-26 10:16:08.616 febs [main] INFO  p6spy - 2019-03-26 10:16:08 | 耗时 13 ms | SQL 语句：
select job_id jobId, bean_name beanName, method_name methodName, params, cron_expression cronExpression, status, remark, create_time createTime from t_job order by job_id;
2019-03-26 10:16:09.306 febs [main] INFO  o.s.s.c.ThreadPoolTaskExecutor - Initializing ExecutorService 'taskExecutor'
2019-03-26 10:16:10.569 febs [main] INFO  o.s.s.c.ThreadPoolTaskScheduler - Initializing ExecutorService 'taskScheduler'
2019-03-26 10:16:10.658 febs [main] INFO  o.s.b.a.e.web.EndpointLinksResolver - Exposing 2 endpoint(s) beneath base path '/actuator'
2019-03-26 10:16:10.742 febs [main] INFO  o.s.s.quartz.SchedulerFactoryBean - Will start Quartz Scheduler [MyScheduler] in 1 seconds
2019-03-26 10:16:10.759 febs [main] INFO  o.a.coyote.http11.Http11NioProtocol - Starting ProtocolHandler ["http-nio-9527"]
2019-03-26 10:16:10.771 febs [main] INFO  o.a.tomcat.util.net.NioSelectorPool - Using a shared selector for servlet write/read
2019-03-26 10:16:10.865 febs [scheduling-1] INFO  cc.mrbird.febs.common.task.CacheTask - delete expired user
2019-03-26 10:16:10.874 febs [main] INFO  o.s.b.w.e.tomcat.TomcatWebServer - Tomcat started on port(s): 9527 (http) with context path ''
2019-03-26 10:16:10.878 febs [main] INFO  cc.mrbird.febs.FebsApplication - Started FebsApplication in 12.963 seconds (JVM running for 15.79)
2019-03-26 10:16:10.893 febs [main] INFO  c.m.f.common.runner.CacheInitRunner - Redis连接中 ······
2019-03-26 10:16:10.895 febs [main] INFO  c.m.f.common.runner.CacheInitRunner - 缓存初始化 ······
2019-03-26 10:16:10.895 febs [main] INFO  c.m.f.common.runner.CacheInitRunner - 缓存用户数据 ······
2019-03-26 10:16:10.927 febs [main] INFO  p6spy - 2019-03-26 10:16:10 | 耗时 3 ms | SQL 语句：
SELECT USER_ID,username,password,dept_id,email,mobile,status,create_time,modify_time,last_login_time,ssex,description,avatar FROM t_user;
2019-03-26 10:16:10.954 febs [main] INFO  p6spy - 2019-03-26 10:16:10 | 耗时 0 ms | SQL 语句：
SELECT USER_ID,username,password,dept_id,email,mobile,status,create_time,modify_time,last_login_time,ssex,description,avatar FROM t_user WHERE username = 'mrbird';
2019-03-26 10:16:11.044 febs [main] INFO  p6spy - 2019-03-26 10:16:11 | 耗时 5 ms | SQL 语句：
select r.* from t_role r left join t_user_role ur on (r.role_id = ur.role_id) left join t_user u on (u.user_id = ur.user_id) where u.username = 'mrbird';
2019-03-26 10:16:11.068 febs [main] INFO  p6spy - 2019-03-26 10:16:11 | 耗时 8 ms | SQL 语句：
select distinct m.perms from t_role r left join t_user_role ur on (r.role_id = ur.role_id) left join t_user u on (u.user_id = ur.user_id) left join t_role_menu rm on (rm.role_id = r.role_id) left join t_menu m on (m.menu_id = rm.menu_id) where u.username = 'mrbird' and m.perms is not null and m.perms <> '';
2019-03-26 10:16:11.091 febs [main] INFO  p6spy - 2019-03-26 10:16:11 | 耗时 4 ms | SQL 语句：
SELECT USER_ID,theme,layout,multi_page,fix_siderbar,fix_header,color FROM t_user_config WHERE USER_ID='1';
2019-03-26 10:16:11.097 febs [main] INFO  p6spy - 2019-03-26 10:16:11 | 耗时 0 ms | SQL 语句：
SELECT USER_ID,username,password,dept_id,email,mobile,status,create_time,modify_time,last_login_time,ssex,description,avatar FROM t_user WHERE username = 'scott';
2019-03-26 10:16:11.101 febs [main] INFO  p6spy - 2019-03-26 10:16:11 | 耗时 0 ms | SQL 语句：
select r.* from t_role r left join t_user_role ur on (r.role_id = ur.role_id) left join t_user u on (u.user_id = ur.user_id) where u.username = 'scott';
2019-03-26 10:16:11.105 febs [main] INFO  p6spy - 2019-03-26 10:16:11 | 耗时 1 ms | SQL 语句：
select distinct m.perms from t_role r left join t_user_role ur on (r.role_id = ur.role_id) left join t_user u on (u.user_id = ur.user_id) left join t_role_menu rm on (rm.role_id = r.role_id) left join t_menu m on (m.menu_id = rm.menu_id) where u.username = 'scott' and m.perms is not null and m.perms <> '';
2019-03-26 10:16:11.110 febs [main] INFO  p6spy - 2019-03-26 10:16:11 | 耗时 0 ms | SQL 语句：
SELECT USER_ID,theme,layout,multi_page,fix_siderbar,fix_header,color FROM t_user_config WHERE USER_ID='2';
2019-03-26 10:16:11.113 febs [main] INFO  p6spy - 2019-03-26 10:16:11 | 耗时 0 ms | SQL 语句：
SELECT USER_ID,username,password,dept_id,email,mobile,status,create_time,modify_time,last_login_time,ssex,description,avatar FROM t_user WHERE username = 'jack';
2019-03-26 10:16:11.116 febs [main] INFO  p6spy - 2019-03-26 10:16:11 | 耗时 0 ms | SQL 语句：
select r.* from t_role r left join t_user_role ur on (r.role_id = ur.role_id) left join t_user u on (u.user_id = ur.user_id) where u.username = 'jack';
2019-03-26 10:16:11.119 febs [main] INFO  p6spy - 2019-03-26 10:16:11 | 耗时 0 ms | SQL 语句：
select distinct m.perms from t_role r left join t_user_role ur on (r.role_id = ur.role_id) left join t_user u on (u.user_id = ur.user_id) left join t_role_menu rm on (rm.role_id = r.role_id) left join t_menu m on (m.menu_id = rm.menu_id) where u.username = 'jack' and m.perms is not null and m.perms <> '';
2019-03-26 10:16:11.123 febs [main] INFO  p6spy - 2019-03-26 10:16:11 | 耗时 0 ms | SQL 语句：
SELECT USER_ID,theme,layout,multi_page,fix_siderbar,fix_header,color FROM t_user_config WHERE USER_ID='12';
2019-03-26 10:16:11.126 febs [main] INFO  p6spy - 2019-03-26 10:16:11 | 耗时 0 ms | SQL 语句：
SELECT USER_ID,username,password,dept_id,email,mobile,status,create_time,modify_time,last_login_time,ssex,description,avatar FROM t_user WHERE username = '1261567819';
2019-03-26 10:16:11.131 febs [main] INFO  p6spy - 2019-03-26 10:16:11 | 耗时 0 ms | SQL 语句：
select r.* from t_role r left join t_user_role ur on (r.role_id = ur.role_id) left join t_user u on (u.user_id = ur.user_id) where u.username = '1261567819';
2019-03-26 10:16:11.134 febs [main] INFO  p6spy - 2019-03-26 10:16:11 | 耗时 1 ms | SQL 语句：
select distinct m.perms from t_role r left join t_user_role ur on (r.role_id = ur.role_id) left join t_user u on (u.user_id = ur.user_id) left join t_role_menu rm on (rm.role_id = r.role_id) left join t_menu m on (m.menu_id = rm.menu_id) where u.username = '1261567819' and m.perms is not null and m.perms <> '';
2019-03-26 10:16:11.138 febs [main] INFO  p6spy - 2019-03-26 10:16:11 | 耗时 0 ms | SQL 语句：
SELECT USER_ID,theme,layout,multi_page,fix_siderbar,fix_header,color FROM t_user_config WHERE USER_ID='13';
2019-03-26 10:16:11.139 febs [main] INFO  c.m.f.common.runner.StartedUpRunner -  __    ___   _      ___   _     ____ _____  ____ 
2019-03-26 10:16:11.139 febs [main] INFO  c.m.f.common.runner.StartedUpRunner - / /`  / / \ | |\/| | |_) | |   | |_   | |  | |_  
2019-03-26 10:16:11.139 febs [main] INFO  c.m.f.common.runner.StartedUpRunner - \_\_, \_\_/ |_|  | |_|   |_|__ |_|__  |_|  |_|__ 
2019-03-26 10:16:11.139 febs [main] INFO  c.m.f.common.runner.StartedUpRunner -                                                       
2019-03-26 10:16:11.140 febs [main] INFO  c.m.f.common.runner.StartedUpRunner - FEBS 启动完毕，时间：2019-03-26T10:16:11.140
2019-03-26 10:16:11.851 febs [Quartz Scheduler [MyScheduler]] INFO  o.s.s.quartz.SchedulerFactoryBean - Starting Quartz Scheduler now, after delay of 1 seconds
2019-03-26 10:16:11.876 febs [Quartz Scheduler [MyScheduler]] INFO  o.s.s.quartz.LocalDataSourceJobStore - ClusterManager: detected 1 failed or restarted instances.
2019-03-26 10:16:11.877 febs [Quartz Scheduler [MyScheduler]] INFO  o.s.s.quartz.LocalDataSourceJobStore - ClusterManager: Scanning for instance "DESKTOP-L5UH5E41553495604823"'s failed in-progress jobs.
2019-03-26 10:16:12.100 febs [Quartz Scheduler [MyScheduler]] INFO  org.quartz.core.QuartzScheduler - Scheduler MyScheduler_$_DESKTOP-L5UH5E41553566568509 started.
2019-03-26 10:16:12.863 febs [RMI TCP Connection(6)-127.0.0.1] INFO  o.a.c.c.C.[Tomcat].[localhost].[/] - Initializing Spring DispatcherServlet 'dispatcherServlet'
2019-03-26 10:16:12.863 febs [RMI TCP Connection(6)-127.0.0.1] INFO  o.s.web.servlet.DispatcherServlet - Initializing Servlet 'dispatcherServlet'
2019-03-26 10:16:12.887 febs [RMI TCP Connection(6)-127.0.0.1] INFO  o.s.web.servlet.DispatcherServlet - Completed initialization in 24 ms
2019-03-26 10:16:12.891 febs [RMI TCP Connection(5)-127.0.0.1] INFO  p6spy - 2019-03-26 10:16:12 | 耗时 0 ms | SQL 语句：
/* ping */ SELECT 1;
2019-03-26 10:17:44.746 febs [http-nio-9527-exec-2] INFO  c.m.febs.common.aspect.LimitAspect - IP:127.0.0.1 第 1 次访问key为 [limit_login127.0.0.1]，描述为 [登录接口] 的接口
2019-03-26 10:17:44.868 febs [http-nio-9527-exec-2] INFO  p6spy - 2019-03-26 10:17:44 | 耗时 1 ms | SQL 语句：
UPDATE t_user SET last_login_time='2019-03-26T10:17:44.859+0800' WHERE username = 'mrbird';
2019-03-26 10:17:44.871 febs [http-nio-9527-exec-2] INFO  p6spy - 2019-03-26 10:17:44 | 耗时 0 ms | SQL 语句：
SELECT USER_ID,username,password,dept_id,email,mobile,status,create_time,modify_time,last_login_time,ssex,description,avatar FROM t_user WHERE username = 'mrbird';
2019-03-26 10:17:45.591 febs [http-nio-9527-exec-2] INFO  p6spy - 2019-03-26 10:17:45 | 耗时 4 ms | SQL 语句：
INSERT INTO t_login_log ( username, login_time, location, ip ) VALUES ( 'mrbird', '2019-03-26T10:17:44.897+0800', '', '127.0.0.1' );
2019-03-26 10:17:46.318 febs [http-nio-9527-exec-4] INFO  c.m.f.common.authentication.JWTUtil - token is valid
2019-03-26 10:17:46.347 febs [http-nio-9527-exec-4] INFO  p6spy - 2019-03-26 10:17:46 | 耗时 2 ms | SQL 语句：
select m.* from t_menu m where m.type <> 1 and m.MENU_ID in (select distinct rm.menu_id from t_role_menu rm left join t_role r on (rm.role_id = r.role_id) left join t_user_role ur on (ur.role_id = r.role_id) left join t_user u on (u.user_id = ur.user_id) where u.username = 'mrbird') order by m.order_num;
2019-03-26 10:17:46.745 febs [http-nio-9527-exec-6] INFO  c.m.f.common.authentication.JWTUtil - token is valid
2019-03-26 10:17:46.751 febs [http-nio-9527-exec-6] INFO  p6spy - 2019-03-26 10:17:46 | 耗时 0 ms | SQL 语句：
select count(1) from t_login_log;
2019-03-26 10:17:46.756 febs [http-nio-9527-exec-6] INFO  p6spy - 2019-03-26 10:17:46 | 耗时 3 ms | SQL 语句：
select count(1) from t_login_log where datediff(login_time,now())=0;
2019-03-26 10:17:46.759 febs [http-nio-9527-exec-6] INFO  p6spy - 2019-03-26 10:17:46 | 耗时 1 ms | SQL 语句：
select count(distinct(ip)) from t_login_log where datediff(login_time,now())=0;
2019-03-26 10:17:46.763 febs [http-nio-9527-exec-6] INFO  p6spy - 2019-03-26 10:17:46 | 耗时 2 ms | SQL 语句：
select date_format(l.login_time, '%m-%d') days, count(1) count from ( select * from t_login_log where date_sub(curdate(), interval 7 day) <= date(login_time) ) as l where 1 = 1 group by days;
2019-03-26 10:17:46.767 febs [http-nio-9527-exec-6] INFO  p6spy - 2019-03-26 10:17:46 | 耗时 1 ms | SQL 语句：
select date_format(l.login_time, '%m-%d') days, count(1) count from ( select * from t_login_log where date_sub(curdate(), interval 7 day) <= date(login_time) ) as l where 1 = 1 and l.username = 'mrbird' group by days;
2019-03-26 10:18:47.558 febs [http-nio-9527-exec-3] INFO  c.m.f.common.authentication.JWTUtil - token is valid
2019-03-26 10:18:47.560 febs [http-nio-9527-exec-2] INFO  c.m.f.common.authentication.JWTUtil - token is valid
2019-03-26 10:18:47.603 febs [http-nio-9527-exec-2] INFO  p6spy - 2019-03-26 10:18:47 | 耗时 4 ms | SQL 语句：
SELECT DEPT_ID,parent_id,dept_name,order_num,create_time,modify_time FROM t_dept ORDER BY order_num ASC;
2019-03-26 10:18:47.654 febs [http-nio-9527-exec-3] INFO  p6spy - 2019-03-26 10:18:47 | 耗时 1 ms | SQL 语句：
SELECT COUNT(1) FROM ( SELECT u.user_id userId, u.username, u.password, u.email, u.mobile, u.STATUS, u.create_time createTime, u.ssex, d.dept_id deptId, d.dept_name deptName, u.AVATAR, u.DESCRIPTION, u.LAST_LOGIN_TIME lastLoginTime, GROUP_CONCAT(r.role_id) roleId, GROUP_CONCAT(r.ROLE_NAME) roleName FROM t_user u LEFT JOIN t_dept d ON (u.dept_id = d.dept_id) LEFT JOIN t_user_role ur ON (u.user_id = ur.user_id) LEFT JOIN t_role r ON r.role_id = ur.role_id WHERE 1 = 1 GROUP BY u.username ) TOTAL;
2019-03-26 10:18:47.662 febs [http-nio-9527-exec-3] INFO  p6spy - 2019-03-26 10:18:47 | 耗时 1 ms | SQL 语句：
SELECT u.user_id userId, u.username, u.password, u.email, u.mobile, u.STATUS, u.create_time createTime, u.ssex, d.dept_id deptId, d.dept_name deptName, u.AVATAR, u.DESCRIPTION, u.LAST_LOGIN_TIME lastLoginTime, GROUP_CONCAT(r.role_id) roleId, GROUP_CONCAT(r.ROLE_NAME) roleName FROM t_user u LEFT JOIN t_dept d ON (u.dept_id = d.dept_id) LEFT JOIN t_user_role ur ON (u.user_id = ur.user_id) LEFT JOIN t_role r ON r.role_id = ur.role_id WHERE 1 = 1 group by u.username ORDER BY userId ASC LIMIT 0,10;
2019-03-26 10:21:47.839 febs [http-nio-9527-exec-9] INFO  c.m.f.common.authentication.JWTUtil - token is valid
2019-03-26 10:21:47.847 febs [http-nio-9527-exec-9] INFO  p6spy - 2019-03-26 10:21:47 | 耗时 3 ms | SQL 语句：
select count(1) from t_login_log;
2019-03-26 10:21:47.854 febs [http-nio-9527-exec-9] INFO  p6spy - 2019-03-26 10:21:47 | 耗时 5 ms | SQL 语句：
select count(1) from t_login_log where datediff(login_time,now())=0;
2019-03-26 10:21:47.859 febs [http-nio-9527-exec-9] INFO  p6spy - 2019-03-26 10:21:47 | 耗时 2 ms | SQL 语句：
select count(distinct(ip)) from t_login_log where datediff(login_time,now())=0;
2019-03-26 10:21:47.862 febs [http-nio-9527-exec-9] INFO  p6spy - 2019-03-26 10:21:47 | 耗时 1 ms | SQL 语句：
select date_format(l.login_time, '%m-%d') days, count(1) count from ( select * from t_login_log where date_sub(curdate(), interval 7 day) <= date(login_time) ) as l where 1 = 1 group by days;
2019-03-26 10:21:47.865 febs [http-nio-9527-exec-9] INFO  p6spy - 2019-03-26 10:21:47 | 耗时 1 ms | SQL 语句：
select date_format(l.login_time, '%m-%d') days, count(1) count from ( select * from t_login_log where date_sub(curdate(), interval 7 day) <= date(login_time) ) as l where 1 = 1 and l.username = 'mrbird' group by days;
2019-03-26 10:21:49.746 febs [http-nio-9527-exec-2] INFO  c.m.f.common.authentication.JWTUtil - token is valid
2019-03-26 10:21:49.747 febs [http-nio-9527-exec-3] INFO  c.m.f.common.authentication.JWTUtil - token is valid
2019-03-26 10:21:50.291 febs [http-nio-9527-exec-2] INFO  p6spy - 2019-03-26 10:21:50 | 耗时 0 ms | SQL 语句：
SELECT DEPT_ID,parent_id,dept_name,order_num,create_time,modify_time FROM t_dept ORDER BY order_num ASC;
2019-03-26 10:21:50.308 febs [http-nio-9527-exec-3] INFO  p6spy - 2019-03-26 10:21:50 | 耗时 1 ms | SQL 语句：
SELECT COUNT(1) FROM ( SELECT u.user_id userId, u.username, u.password, u.email, u.mobile, u.STATUS, u.create_time createTime, u.ssex, d.dept_id deptId, d.dept_name deptName, u.AVATAR, u.DESCRIPTION, u.LAST_LOGIN_TIME lastLoginTime, GROUP_CONCAT(r.role_id) roleId, GROUP_CONCAT(r.ROLE_NAME) roleName FROM t_user u LEFT JOIN t_dept d ON (u.dept_id = d.dept_id) LEFT JOIN t_user_role ur ON (u.user_id = ur.user_id) LEFT JOIN t_role r ON r.role_id = ur.role_id WHERE 1 = 1 GROUP BY u.username ) TOTAL;
2019-03-26 10:21:50.311 febs [http-nio-9527-exec-3] INFO  p6spy - 2019-03-26 10:21:50 | 耗时 1 ms | SQL 语句：
SELECT u.user_id userId, u.username, u.password, u.email, u.mobile, u.STATUS, u.create_time createTime, u.ssex, d.dept_id deptId, d.dept_name deptName, u.AVATAR, u.DESCRIPTION, u.LAST_LOGIN_TIME lastLoginTime, GROUP_CONCAT(r.role_id) roleId, GROUP_CONCAT(r.ROLE_NAME) roleName FROM t_user u LEFT JOIN t_dept d ON (u.dept_id = d.dept_id) LEFT JOIN t_user_role ur ON (u.user_id = ur.user_id) LEFT JOIN t_role r ON r.role_id = ur.role_id WHERE 1 = 1 group by u.username ORDER BY userId ASC LIMIT 0,10;
2019-03-26 10:21:50.932 febs [http-nio-9527-exec-5] INFO  c.m.f.common.authentication.JWTUtil - token is valid
2019-03-26 10:21:50.937 febs [http-nio-9527-exec-5] INFO  p6spy - 2019-03-26 10:21:50 | 耗时 0 ms | SQL 语句：
SELECT DEPT_ID,parent_id,dept_name,order_num,create_time,modify_time FROM t_dept ORDER BY order_num ASC;
2019-03-26 10:21:50.950 febs [http-nio-9527-exec-6] INFO  c.m.f.common.authentication.JWTUtil - token is valid
2019-03-26 10:21:50.973 febs [http-nio-9527-exec-6] INFO  p6spy - 2019-03-26 10:21:50 | 耗时 0 ms | SQL 语句：
SELECT COUNT(1) FROM t_role;
2019-03-26 10:21:50.974 febs [http-nio-9527-exec-6] INFO  p6spy - 2019-03-26 10:21:50 | 耗时 0 ms | SQL 语句：
SELECT ROLE_ID,role_name,remark,create_time,modify_time FROM t_role LIMIT 0,10;
2019-03-26 10:26:24.314 febs [http-nio-9527-exec-3] INFO  c.m.f.common.authentication.JWTUtil - token is valid
2019-03-26 10:26:24.316 febs [http-nio-9527-exec-4] INFO  c.m.f.common.authentication.JWTUtil - token is valid
2019-03-26 10:26:24.319 febs [http-nio-9527-exec-3] INFO  p6spy - 2019-03-26 10:26:24 | 耗时 0 ms | SQL 语句：
SELECT DEPT_ID,parent_id,dept_name,order_num,create_time,modify_time FROM t_dept ORDER BY order_num ASC;
2019-03-26 10:26:24.336 febs [http-nio-9527-exec-4] INFO  p6spy - 2019-03-26 10:26:24 | 耗时 1 ms | SQL 语句：
SELECT COUNT(1) FROM ( SELECT u.user_id userId, u.username, u.password, u.email, u.mobile, u.STATUS, u.create_time createTime, u.ssex, d.dept_id deptId, d.dept_name deptName, u.AVATAR, u.DESCRIPTION, u.LAST_LOGIN_TIME lastLoginTime, GROUP_CONCAT(r.role_id) roleId, GROUP_CONCAT(r.ROLE_NAME) roleName FROM t_user u LEFT JOIN t_dept d ON (u.dept_id = d.dept_id) LEFT JOIN t_user_role ur ON (u.user_id = ur.user_id) LEFT JOIN t_role r ON r.role_id = ur.role_id WHERE 1 = 1 GROUP BY u.username ) TOTAL;
2019-03-26 10:26:24.338 febs [http-nio-9527-exec-4] INFO  p6spy - 2019-03-26 10:26:24 | 耗时 1 ms | SQL 语句：
SELECT u.user_id userId, u.username, u.password, u.email, u.mobile, u.STATUS, u.create_time createTime, u.ssex, d.dept_id deptId, d.dept_name deptName, u.AVATAR, u.DESCRIPTION, u.LAST_LOGIN_TIME lastLoginTime, GROUP_CONCAT(r.role_id) roleId, GROUP_CONCAT(r.ROLE_NAME) roleName FROM t_user u LEFT JOIN t_dept d ON (u.dept_id = d.dept_id) LEFT JOIN t_user_role ur ON (u.user_id = ur.user_id) LEFT JOIN t_role r ON r.role_id = ur.role_id WHERE 1 = 1 group by u.username ORDER BY userId ASC LIMIT 0,10;
2019-03-26 10:40:16.860 febs [http-nio-9527-exec-1] INFO  c.m.f.common.authentication.JWTUtil - token is valid
2019-03-26 10:40:16.860 febs [http-nio-9527-exec-9] INFO  c.m.f.common.authentication.JWTUtil - token is valid
2019-03-26 10:40:16.865 febs [http-nio-9527-exec-1] INFO  p6spy - 2019-03-26 10:40:16 | 耗时 0 ms | SQL 语句：
SELECT DEPT_ID,parent_id,dept_name,order_num,create_time,modify_time FROM t_dept ORDER BY order_num ASC;
2019-03-26 10:40:16.871 febs [http-nio-9527-exec-9] INFO  p6spy - 2019-03-26 10:40:16 | 耗时 1 ms | SQL 语句：
SELECT COUNT(1) FROM ( SELECT u.user_id userId, u.username, u.password, u.email, u.mobile, u.STATUS, u.create_time createTime, u.ssex, d.dept_id deptId, d.dept_name deptName, u.AVATAR, u.DESCRIPTION, u.LAST_LOGIN_TIME lastLoginTime, GROUP_CONCAT(r.role_id) roleId, GROUP_CONCAT(r.ROLE_NAME) roleName FROM t_user u LEFT JOIN t_dept d ON (u.dept_id = d.dept_id) LEFT JOIN t_user_role ur ON (u.user_id = ur.user_id) LEFT JOIN t_role r ON r.role_id = ur.role_id WHERE 1 = 1 GROUP BY u.username ) TOTAL;
2019-03-26 10:40:16.874 febs [http-nio-9527-exec-9] INFO  p6spy - 2019-03-26 10:40:16 | 耗时 1 ms | SQL 语句：
SELECT u.user_id userId, u.username, u.password, u.email, u.mobile, u.STATUS, u.create_time createTime, u.ssex, d.dept_id deptId, d.dept_name deptName, u.AVATAR, u.DESCRIPTION, u.LAST_LOGIN_TIME lastLoginTime, GROUP_CONCAT(r.role_id) roleId, GROUP_CONCAT(r.ROLE_NAME) roleName FROM t_user u LEFT JOIN t_dept d ON (u.dept_id = d.dept_id) LEFT JOIN t_user_role ur ON (u.user_id = ur.user_id) LEFT JOIN t_role r ON r.role_id = ur.role_id WHERE 1 = 1 group by u.username ORDER BY userId ASC LIMIT 0,10;
2019-03-26 10:53:47.535 febs [http-nio-9527-exec-4] INFO  c.m.f.common.authentication.JWTUtil - token is valid
2019-03-26 10:53:47.557 febs [http-nio-9527-exec-4] INFO  p6spy - 2019-03-26 10:53:47 | 耗时 3 ms | SQL 语句：
UPDATE t_user_config SET theme='light', layout='head', multi_page='1', color='rgb(24, 144, 255)' WHERE USER_ID=1;
2019-03-26 10:53:47.559 febs [http-nio-9527-exec-4] INFO  p6spy - 2019-03-26 10:53:47 | 耗时 0 ms | SQL 语句：
SELECT USER_ID,theme,layout,multi_page,fix_siderbar,fix_header,color FROM t_user_config WHERE USER_ID='1';
2019-03-26 11:11:00.000 febs [http-nio-9527-exec-1] INFO  c.m.f.common.authentication.JWTUtil - token is valid
2019-03-26 11:11:00.000 febs [http-nio-9527-exec-8] INFO  c.m.f.common.authentication.JWTUtil - token is valid
2019-03-26 11:11:00.006 febs [http-nio-9527-exec-8] INFO  p6spy - 2019-03-26 11:11:00 | 耗时 1 ms | SQL 语句：
SELECT DEPT_ID,parent_id,dept_name,order_num,create_time,modify_time FROM t_dept ORDER BY order_num ASC;
2019-03-26 11:11:00.017 febs [http-nio-9527-exec-1] INFO  p6spy - 2019-03-26 11:11:00 | 耗时 2 ms | SQL 语句：
SELECT COUNT(1) FROM ( SELECT u.user_id userId, u.username, u.password, u.email, u.mobile, u.STATUS, u.create_time createTime, u.ssex, d.dept_id deptId, d.dept_name deptName, u.AVATAR, u.DESCRIPTION, u.LAST_LOGIN_TIME lastLoginTime, GROUP_CONCAT(r.role_id) roleId, GROUP_CONCAT(r.ROLE_NAME) roleName FROM t_user u LEFT JOIN t_dept d ON (u.dept_id = d.dept_id) LEFT JOIN t_user_role ur ON (u.user_id = ur.user_id) LEFT JOIN t_role r ON r.role_id = ur.role_id WHERE 1 = 1 GROUP BY u.username ) TOTAL;
2019-03-26 11:11:00.020 febs [http-nio-9527-exec-1] INFO  p6spy - 2019-03-26 11:11:00 | 耗时 1 ms | SQL 语句：
SELECT u.user_id userId, u.username, u.password, u.email, u.mobile, u.STATUS, u.create_time createTime, u.ssex, d.dept_id deptId, d.dept_name deptName, u.AVATAR, u.DESCRIPTION, u.LAST_LOGIN_TIME lastLoginTime, GROUP_CONCAT(r.role_id) roleId, GROUP_CONCAT(r.ROLE_NAME) roleName FROM t_user u LEFT JOIN t_dept d ON (u.dept_id = d.dept_id) LEFT JOIN t_user_role ur ON (u.user_id = ur.user_id) LEFT JOIN t_role r ON r.role_id = ur.role_id WHERE 1 = 1 group by u.username ORDER BY userId ASC LIMIT 0,10;
2019-03-26 11:16:10.759 febs [scheduling-1] INFO  cc.mrbird.febs.common.task.CacheTask - delete expired user
2019-03-26 11:55:23.731 febs [http-nio-9527-exec-7] INFO  c.m.febs.common.aspect.LimitAspect - IP:127.0.0.1 第 1 次访问key为 [limit_login127.0.0.1]，描述为 [登录接口] 的接口
2019-03-26 11:55:23.737 febs [http-nio-9527-exec-7] INFO  p6spy - 2019-03-26 11:55:23 | 耗时 1 ms | SQL 语句：
UPDATE t_user SET last_login_time='2019-03-26T11:55:23.734+0800' WHERE username = 'mrbird';
2019-03-26 11:55:23.740 febs [http-nio-9527-exec-7] INFO  p6spy - 2019-03-26 11:55:23 | 耗时 0 ms | SQL 语句：
SELECT USER_ID,username,password,dept_id,email,mobile,status,create_time,modify_time,last_login_time,ssex,description,avatar FROM t_user WHERE username = 'mrbird';
2019-03-26 11:55:24.408 febs [http-nio-9527-exec-7] INFO  p6spy - 2019-03-26 11:55:24 | 耗时 0 ms | SQL 语句：
INSERT INTO t_login_log ( username, login_time, location, ip ) VALUES ( 'mrbird', '2019-03-26T11:55:23.811+0800', '', '127.0.0.1' );
2019-03-26 11:55:25.181 febs [http-nio-9527-exec-1] INFO  c.m.f.common.authentication.JWTUtil - token is valid
2019-03-26 11:55:25.187 febs [http-nio-9527-exec-1] INFO  p6spy - 2019-03-26 11:55:25 | 耗时 3 ms | SQL 语句：
select m.* from t_menu m where m.type <> 1 and m.MENU_ID in (select distinct rm.menu_id from t_role_menu rm left join t_role r on (rm.role_id = r.role_id) left join t_user_role ur on (ur.role_id = r.role_id) left join t_user u on (u.user_id = ur.user_id) where u.username = 'mrbird') order by m.order_num;
2019-03-26 11:55:25.619 febs [http-nio-9527-exec-10] INFO  c.m.f.common.authentication.JWTUtil - token is valid
2019-03-26 11:55:25.623 febs [http-nio-9527-exec-10] INFO  p6spy - 2019-03-26 11:55:25 | 耗时 0 ms | SQL 语句：
select count(1) from t_login_log;
2019-03-26 11:55:25.626 febs [http-nio-9527-exec-10] INFO  p6spy - 2019-03-26 11:55:25 | 耗时 0 ms | SQL 语句：
select count(1) from t_login_log where datediff(login_time,now())=0;
2019-03-26 11:55:25.628 febs [http-nio-9527-exec-10] INFO  p6spy - 2019-03-26 11:55:25 | 耗时 0 ms | SQL 语句：
select count(distinct(ip)) from t_login_log where datediff(login_time,now())=0;
2019-03-26 11:55:25.630 febs [http-nio-9527-exec-10] INFO  p6spy - 2019-03-26 11:55:25 | 耗时 0 ms | SQL 语句：
select date_format(l.login_time, '%m-%d') days, count(1) count from ( select * from t_login_log where date_sub(curdate(), interval 7 day) <= date(login_time) ) as l where 1 = 1 group by days;
2019-03-26 11:55:25.633 febs [http-nio-9527-exec-10] INFO  p6spy - 2019-03-26 11:55:25 | 耗时 1 ms | SQL 语句：
select date_format(l.login_time, '%m-%d') days, count(1) count from ( select * from t_login_log where date_sub(curdate(), interval 7 day) <= date(login_time) ) as l where 1 = 1 and l.username = 'mrbird' group by days;
2019-03-26 12:16:10.759 febs [scheduling-1] INFO  cc.mrbird.febs.common.task.CacheTask - delete expired user
2019-03-26 13:37:02.269 febs [http-nio-9527-exec-1] INFO  c.m.febs.common.aspect.LimitAspect - IP:127.0.0.1 第 1 次访问key为 [limit_login127.0.0.1]，描述为 [登录接口] 的接口
2019-03-26 13:37:02.291 febs [http-nio-9527-exec-1] INFO  p6spy - 2019-03-26 13:37:02 | 耗时 1 ms | SQL 语句：
UPDATE t_user SET last_login_time='2019-03-26T13:37:02.280+0800' WHERE username = 'mrbird';
2019-03-26 13:37:02.295 febs [http-nio-9527-exec-1] INFO  p6spy - 2019-03-26 13:37:02 | 耗时 0 ms | SQL 语句：
SELECT USER_ID,username,password,dept_id,email,mobile,status,create_time,modify_time,last_login_time,ssex,description,avatar FROM t_user WHERE username = 'mrbird';
2019-03-26 13:37:03.068 febs [http-nio-9527-exec-1] INFO  p6spy - 2019-03-26 13:37:03 | 耗时 1 ms | SQL 语句：
INSERT INTO t_login_log ( username, login_time, location, ip ) VALUES ( 'mrbird', '2019-03-26T13:37:02.337+0800', '', '127.0.0.1' );
2019-03-26 13:37:03.937 febs [http-nio-9527-exec-10] INFO  c.m.f.common.authentication.JWTUtil - token is valid
2019-03-26 13:37:03.947 febs [http-nio-9527-exec-10] INFO  p6spy - 2019-03-26 13:37:03 | 耗时 2 ms | SQL 语句：
select m.* from t_menu m where m.type <> 1 and m.MENU_ID in (select distinct rm.menu_id from t_role_menu rm left join t_role r on (rm.role_id = r.role_id) left join t_user_role ur on (ur.role_id = r.role_id) left join t_user u on (u.user_id = ur.user_id) where u.username = 'mrbird') order by m.order_num;
2019-03-26 13:37:04.378 febs [http-nio-9527-exec-2] INFO  c.m.f.common.authentication.JWTUtil - token is valid
2019-03-26 13:37:04.382 febs [http-nio-9527-exec-2] INFO  p6spy - 2019-03-26 13:37:04 | 耗时 0 ms | SQL 语句：
select count(1) from t_login_log;
2019-03-26 13:37:04.384 febs [http-nio-9527-exec-2] INFO  p6spy - 2019-03-26 13:37:04 | 耗时 0 ms | SQL 语句：
select count(1) from t_login_log where datediff(login_time,now())=0;
2019-03-26 13:37:04.386 febs [http-nio-9527-exec-2] INFO  p6spy - 2019-03-26 13:37:04 | 耗时 1 ms | SQL 语句：
select count(distinct(ip)) from t_login_log where datediff(login_time,now())=0;
2019-03-26 13:37:04.389 febs [http-nio-9527-exec-2] INFO  p6spy - 2019-03-26 13:37:04 | 耗时 1 ms | SQL 语句：
select date_format(l.login_time, '%m-%d') days, count(1) count from ( select * from t_login_log where date_sub(curdate(), interval 7 day) <= date(login_time) ) as l where 1 = 1 group by days;
2019-03-26 13:37:04.392 febs [http-nio-9527-exec-2] INFO  p6spy - 2019-03-26 13:37:04 | 耗时 1 ms | SQL 语句：
select date_format(l.login_time, '%m-%d') days, count(1) count from ( select * from t_login_log where date_sub(curdate(), interval 7 day) <= date(login_time) ) as l where 1 = 1 and l.username = 'mrbird' group by days;
2019-03-26 13:37:07.517 febs [http-nio-9527-exec-7] INFO  c.m.f.common.authentication.JWTUtil - token is valid
2019-03-26 13:37:07.518 febs [http-nio-9527-exec-6] INFO  c.m.f.common.authentication.JWTUtil - token is valid
2019-03-26 13:37:07.530 febs [http-nio-9527-exec-6] INFO  p6spy - 2019-03-26 13:37:07 | 耗时 4 ms | SQL 语句：
SELECT DEPT_ID,parent_id,dept_name,order_num,create_time,modify_time FROM t_dept ORDER BY order_num ASC;
2019-03-26 13:37:07.537 febs [http-nio-9527-exec-7] INFO  p6spy - 2019-03-26 13:37:07 | 耗时 1 ms | SQL 语句：
SELECT COUNT(1) FROM ( SELECT u.user_id userId, u.username, u.password, u.email, u.mobile, u.STATUS, u.create_time createTime, u.ssex, d.dept_id deptId, d.dept_name deptName, u.AVATAR, u.DESCRIPTION, u.LAST_LOGIN_TIME lastLoginTime, GROUP_CONCAT(r.role_id) roleId, GROUP_CONCAT(r.ROLE_NAME) roleName FROM t_user u LEFT JOIN t_dept d ON (u.dept_id = d.dept_id) LEFT JOIN t_user_role ur ON (u.user_id = ur.user_id) LEFT JOIN t_role r ON r.role_id = ur.role_id WHERE 1 = 1 GROUP BY u.username ) TOTAL;
2019-03-26 13:37:07.540 febs [http-nio-9527-exec-7] INFO  p6spy - 2019-03-26 13:37:07 | 耗时 1 ms | SQL 语句：
SELECT u.user_id userId, u.username, u.password, u.email, u.mobile, u.STATUS, u.create_time createTime, u.ssex, d.dept_id deptId, d.dept_name deptName, u.AVATAR, u.DESCRIPTION, u.LAST_LOGIN_TIME lastLoginTime, GROUP_CONCAT(r.role_id) roleId, GROUP_CONCAT(r.ROLE_NAME) roleName FROM t_user u LEFT JOIN t_dept d ON (u.dept_id = d.dept_id) LEFT JOIN t_user_role ur ON (u.user_id = ur.user_id) LEFT JOIN t_role r ON r.role_id = ur.role_id WHERE 1 = 1 group by u.username ORDER BY userId ASC LIMIT 0,10;
2019-03-26 13:45:06.642 febs [http-nio-9527-exec-10] INFO  c.m.f.common.authentication.JWTUtil - token is valid
2019-03-26 13:45:06.651 febs [http-nio-9527-exec-10] INFO  p6spy - 2019-03-26 13:45:06 | 耗时 1 ms | SQL 语句：
SELECT MENU_ID,parent_id,menu_name,path,component,perms,icon,type,order_num,create_time,modify_time FROM t_menu;
2019-03-26 13:45:13.125 febs [http-nio-9527-exec-2] INFO  c.m.f.common.authentication.JWTUtil - token is valid
2019-03-26 13:45:13.142 febs [http-nio-9527-exec-2] INFO  p6spy - 2019-03-26 13:45:13 | 耗时 1 ms | SQL 语句：
SELECT MENU_ID,parent_id,menu_name,path,component,perms,icon,type,order_num,create_time,modify_time FROM t_menu WHERE type = '0';
2019-03-26 13:46:16.458 febs [http-nio-9527-exec-6] INFO  c.m.f.common.authentication.JWTUtil - token is valid
2019-03-26 13:46:16.495 febs [http-nio-9527-exec-6] INFO  p6spy - 2019-03-26 13:46:16 | 耗时 1 ms | SQL 语句：
INSERT INTO t_menu ( parent_id, menu_name, path, component, icon, type, order_num, create_time ) VALUES ( 141, '职位搜索', '/position/search', 'position/search/Search', 'search', '0', 5.0, '2019-03-26T13:46:16.488+0800' );
2019-03-26 13:46:17.616 febs [http-nio-9527-exec-8] INFO  c.m.f.common.authentication.JWTUtil - token is valid
2019-03-26 13:46:17.620 febs [asyncTaskExecutor-1] INFO  p6spy - 2019-03-26 13:46:17 | 耗时 14 ms | SQL 语句：
INSERT INTO t_log ( username, operation, time, method, params, ip, create_time, location ) VALUES ( 'mrbird', '新增菜单/按钮', 16, 'cc.mrbird.febs.system.controller.MenuController.addMenu()', ' menu: "Menu(menuId=146, parentId=141, menuName=职位搜索, path=/position/search, component=position/search/Search, perms=null, icon=search, type=0, orderNum=5.0, createTime=Tue Mar 26 13:46:16 CST 2019, modifyTime=null, createTimeFrom=null, createTimeTo=null)"', '127.0.0.1', '2019-03-26T13:46:16.550+0800', '' );
2019-03-26 13:46:17.629 febs [http-nio-9527-exec-8] INFO  p6spy - 2019-03-26 13:46:17 | 耗时 1 ms | SQL 语句：
SELECT MENU_ID,parent_id,menu_name,path,component,perms,icon,type,order_num,create_time,modify_time FROM t_menu;
2019-03-26 13:46:31.234 febs [http-nio-9527-exec-9] INFO  c.m.f.common.authentication.JWTUtil - token is valid
2019-03-26 13:46:31.250 febs [http-nio-9527-exec-9] INFO  p6spy - 2019-03-26 13:46:31 | 耗时 0 ms | SQL 语句：
SELECT COUNT(1) FROM t_role;
2019-03-26 13:46:31.252 febs [http-nio-9527-exec-9] INFO  p6spy - 2019-03-26 13:46:31 | 耗时 0 ms | SQL 语句：
SELECT ROLE_ID,role_name,remark,create_time,modify_time FROM t_role LIMIT 0,10;
2019-03-26 13:46:33.141 febs [http-nio-9527-exec-3] INFO  c.m.f.common.authentication.JWTUtil - token is valid
2019-03-26 13:46:33.148 febs [http-nio-9527-exec-3] INFO  p6spy - 2019-03-26 13:46:33 | 耗时 1 ms | SQL 语句：
SELECT MENU_ID,parent_id,menu_name,path,component,perms,icon,type,order_num,create_time,modify_time FROM t_menu;
2019-03-26 13:46:33.202 febs [http-nio-9527-exec-5] INFO  c.m.f.common.authentication.JWTUtil - token is valid
2019-03-26 13:46:33.225 febs [http-nio-9527-exec-5] INFO  p6spy - 2019-03-26 13:46:33 | 耗时 0 ms | SQL 语句：
SELECT role_id,menu_id FROM t_role_menu WHERE role_id = '1';
2019-03-26 13:46:38.632 febs [http-nio-9527-exec-6] INFO  c.m.f.common.authentication.JWTUtil - token is valid
2019-03-26 13:46:38.660 febs [http-nio-9527-exec-6] INFO  p6spy - 2019-03-26 13:46:38 | 耗时 1 ms | SQL 语句：
SELECT user_id,role_id FROM t_user_role WHERE role_id IN ('[Ljava.lang.String;@3635f7f9');
2019-03-26 13:46:38.724 febs [http-nio-9527-exec-6] INFO  p6spy - 2019-03-26 13:46:38 | 耗时 62 ms | SQL 语句：
UPDATE t_role SET role_name='管理员', remark='管理员', modify_time='2019-03-26T13:46:38.660+0800' WHERE ROLE_ID=1;
2019-03-26 13:46:38.741 febs [http-nio-9527-exec-6] INFO  p6spy - 2019-03-26 13:46:38 | 耗时 10 ms | SQL 语句：
DELETE FROM t_role_menu WHERE role_id = 1;
2019-03-26 13:46:38.753 febs [http-nio-9527-exec-6] INFO  p6spy - 2019-03-26 13:46:38 | 耗时 9 ms | SQL 语句：
INSERT INTO t_role_menu ( role_id, menu_id ) VALUES ( 1, 1 );
2019-03-26 13:46:38.760 febs [http-nio-9527-exec-6] INFO  p6spy - 2019-03-26 13:46:38 | 耗时 5 ms | SQL 语句：
INSERT INTO t_role_menu ( role_id, menu_id ) VALUES ( 1, 3 );
2019-03-26 13:46:38.766 febs [http-nio-9527-exec-6] INFO  p6spy - 2019-03-26 13:46:38 | 耗时 5 ms | SQL 语句：
INSERT INTO t_role_menu ( role_id, menu_id ) VALUES ( 1, 11 );
2019-03-26 13:46:38.771 febs [http-nio-9527-exec-6] INFO  p6spy - 2019-03-26 13:46:38 | 耗时 4 ms | SQL 语句：
INSERT INTO t_role_menu ( role_id, menu_id ) VALUES ( 1, 12 );
2019-03-26 13:46:38.782 febs [http-nio-9527-exec-6] INFO  p6spy - 2019-03-26 13:46:38 | 耗时 8 ms | SQL 语句：
INSERT INTO t_role_menu ( role_id, menu_id ) VALUES ( 1, 13 );
2019-03-26 13:46:38.796 febs [http-nio-9527-exec-6] INFO  p6spy - 2019-03-26 13:46:38 | 耗时 11 ms | SQL 语句：
INSERT INTO t_role_menu ( role_id, menu_id ) VALUES ( 1, 4 );
2019-03-26 13:46:38.804 febs [http-nio-9527-exec-6] INFO  p6spy - 2019-03-26 13:46:38 | 耗时 7 ms | SQL 语句：
INSERT INTO t_role_menu ( role_id, menu_id ) VALUES ( 1, 14 );
2019-03-26 13:46:38.809 febs [http-nio-9527-exec-6] INFO  p6spy - 2019-03-26 13:46:38 | 耗时 3 ms | SQL 语句：
INSERT INTO t_role_menu ( role_id, menu_id ) VALUES ( 1, 15 );
2019-03-26 13:46:38.814 febs [http-nio-9527-exec-6] INFO  p6spy - 2019-03-26 13:46:38 | 耗时 3 ms | SQL 语句：
INSERT INTO t_role_menu ( role_id, menu_id ) VALUES ( 1, 16 );
2019-03-26 13:46:38.819 febs [http-nio-9527-exec-6] INFO  p6spy - 2019-03-26 13:46:38 | 耗时 3 ms | SQL 语句：
INSERT INTO t_role_menu ( role_id, menu_id ) VALUES ( 1, 5 );
2019-03-26 13:46:38.828 febs [http-nio-9527-exec-6] INFO  p6spy - 2019-03-26 13:46:38 | 耗时 8 ms | SQL 语句：
INSERT INTO t_role_menu ( role_id, menu_id ) VALUES ( 1, 17 );
2019-03-26 13:46:38.833 febs [http-nio-9527-exec-6] INFO  p6spy - 2019-03-26 13:46:38 | 耗时 3 ms | SQL 语句：
INSERT INTO t_role_menu ( role_id, menu_id ) VALUES ( 1, 18 );
2019-03-26 13:46:38.846 febs [http-nio-9527-exec-6] INFO  p6spy - 2019-03-26 13:46:38 | 耗时 10 ms | SQL 语句：
INSERT INTO t_role_menu ( role_id, menu_id ) VALUES ( 1, 19 );
2019-03-26 13:46:38.852 febs [http-nio-9527-exec-6] INFO  p6spy - 2019-03-26 13:46:38 | 耗时 4 ms | SQL 语句：
INSERT INTO t_role_menu ( role_id, menu_id ) VALUES ( 1, 6 );
2019-03-26 13:46:38.857 febs [http-nio-9527-exec-6] INFO  p6spy - 2019-03-26 13:46:38 | 耗时 4 ms | SQL 语句：
INSERT INTO t_role_menu ( role_id, menu_id ) VALUES ( 1, 20 );
2019-03-26 13:46:38.872 febs [http-nio-9527-exec-6] INFO  p6spy - 2019-03-26 13:46:38 | 耗时 13 ms | SQL 语句：
INSERT INTO t_role_menu ( role_id, menu_id ) VALUES ( 1, 21 );
2019-03-26 13:46:38.877 febs [http-nio-9527-exec-6] INFO  p6spy - 2019-03-26 13:46:38 | 耗时 3 ms | SQL 语句：
INSERT INTO t_role_menu ( role_id, menu_id ) VALUES ( 1, 22 );
2019-03-26 13:46:38.883 febs [http-nio-9527-exec-6] INFO  p6spy - 2019-03-26 13:46:38 | 耗时 5 ms | SQL 语句：
INSERT INTO t_role_menu ( role_id, menu_id ) VALUES ( 1, 64 );
2019-03-26 13:46:38.895 febs [http-nio-9527-exec-6] INFO  p6spy - 2019-03-26 13:46:38 | 耗时 11 ms | SQL 语句：
INSERT INTO t_role_menu ( role_id, menu_id ) VALUES ( 1, 65 );
2019-03-26 13:46:38.901 febs [http-nio-9527-exec-6] INFO  p6spy - 2019-03-26 13:46:38 | 耗时 4 ms | SQL 语句：
INSERT INTO t_role_menu ( role_id, menu_id ) VALUES ( 1, 66 );
2019-03-26 13:46:38.914 febs [http-nio-9527-exec-6] INFO  p6spy - 2019-03-26 13:46:38 | 耗时 12 ms | SQL 语句：
INSERT INTO t_role_menu ( role_id, menu_id ) VALUES ( 1, 67 );
2019-03-26 13:46:38.921 febs [http-nio-9527-exec-6] INFO  p6spy - 2019-03-26 13:46:38 | 耗时 5 ms | SQL 语句：
INSERT INTO t_role_menu ( role_id, menu_id ) VALUES ( 1, 2 );
2019-03-26 13:46:38.929 febs [http-nio-9527-exec-6] INFO  p6spy - 2019-03-26 13:46:38 | 耗时 6 ms | SQL 语句：
INSERT INTO t_role_menu ( role_id, menu_id ) VALUES ( 1, 8 );
2019-03-26 13:46:38.935 febs [http-nio-9527-exec-6] INFO  p6spy - 2019-03-26 13:46:38 | 耗时 4 ms | SQL 语句：
INSERT INTO t_role_menu ( role_id, menu_id ) VALUES ( 1, 23 );
2019-03-26 13:46:38.943 febs [http-nio-9527-exec-6] INFO  p6spy - 2019-03-26 13:46:38 | 耗时 6 ms | SQL 语句：
INSERT INTO t_role_menu ( role_id, menu_id ) VALUES ( 1, 10 );
2019-03-26 13:46:38.948 febs [http-nio-9527-exec-6] INFO  p6spy - 2019-03-26 13:46:38 | 耗时 3 ms | SQL 语句：
INSERT INTO t_role_menu ( role_id, menu_id ) VALUES ( 1, 24 );
2019-03-26 13:46:38.963 febs [http-nio-9527-exec-6] INFO  p6spy - 2019-03-26 13:46:38 | 耗时 14 ms | SQL 语句：
INSERT INTO t_role_menu ( role_id, menu_id ) VALUES ( 1, 113 );
2019-03-26 13:46:38.969 febs [http-nio-9527-exec-6] INFO  p6spy - 2019-03-26 13:46:38 | 耗时 5 ms | SQL 语句：
INSERT INTO t_role_menu ( role_id, menu_id ) VALUES ( 1, 121 );
2019-03-26 13:46:38.984 febs [http-nio-9527-exec-6] INFO  p6spy - 2019-03-26 13:46:38 | 耗时 13 ms | SQL 语句：
INSERT INTO t_role_menu ( role_id, menu_id ) VALUES ( 1, 122 );
2019-03-26 13:46:38.988 febs [http-nio-9527-exec-6] INFO  p6spy - 2019-03-26 13:46:38 | 耗时 3 ms | SQL 语句：
INSERT INTO t_role_menu ( role_id, menu_id ) VALUES ( 1, 124 );
2019-03-26 13:46:38.996 febs [http-nio-9527-exec-6] INFO  p6spy - 2019-03-26 13:46:38 | 耗时 6 ms | SQL 语句：
INSERT INTO t_role_menu ( role_id, menu_id ) VALUES ( 1, 123 );
2019-03-26 13:46:39.001 febs [http-nio-9527-exec-6] INFO  p6spy - 2019-03-26 13:46:39 | 耗时 3 ms | SQL 语句：
INSERT INTO t_role_menu ( role_id, menu_id ) VALUES ( 1, 125 );
2019-03-26 13:46:39.006 febs [http-nio-9527-exec-6] INFO  p6spy - 2019-03-26 13:46:39 | 耗时 3 ms | SQL 语句：
INSERT INTO t_role_menu ( role_id, menu_id ) VALUES ( 1, 101 );
2019-03-26 13:46:39.011 febs [http-nio-9527-exec-6] INFO  p6spy - 2019-03-26 13:46:39 | 耗时 3 ms | SQL 语句：
INSERT INTO t_role_menu ( role_id, menu_id ) VALUES ( 1, 102 );
2019-03-26 13:46:39.015 febs [http-nio-9527-exec-6] INFO  p6spy - 2019-03-26 13:46:39 | 耗时 3 ms | SQL 语句：
INSERT INTO t_role_menu ( role_id, menu_id ) VALUES ( 1, 103 );
2019-03-26 13:46:39.021 febs [http-nio-9527-exec-6] INFO  p6spy - 2019-03-26 13:46:39 | 耗时 4 ms | SQL 语句：
INSERT INTO t_role_menu ( role_id, menu_id ) VALUES ( 1, 104 );
2019-03-26 13:46:39.026 febs [http-nio-9527-exec-6] INFO  p6spy - 2019-03-26 13:46:39 | 耗时 4 ms | SQL 语句：
INSERT INTO t_role_menu ( role_id, menu_id ) VALUES ( 1, 105 );
2019-03-26 13:46:39.033 febs [http-nio-9527-exec-6] INFO  p6spy - 2019-03-26 13:46:39 | 耗时 5 ms | SQL 语句：
INSERT INTO t_role_menu ( role_id, menu_id ) VALUES ( 1, 106 );
2019-03-26 13:46:39.040 febs [http-nio-9527-exec-6] INFO  p6spy - 2019-03-26 13:46:39 | 耗时 5 ms | SQL 语句：
INSERT INTO t_role_menu ( role_id, menu_id ) VALUES ( 1, 107 );
2019-03-26 13:46:39.045 febs [http-nio-9527-exec-6] INFO  p6spy - 2019-03-26 13:46:39 | 耗时 4 ms | SQL 语句：
INSERT INTO t_role_menu ( role_id, menu_id ) VALUES ( 1, 108 );
2019-03-26 13:46:39.050 febs [http-nio-9527-exec-6] INFO  p6spy - 2019-03-26 13:46:39 | 耗时 3 ms | SQL 语句：
INSERT INTO t_role_menu ( role_id, menu_id ) VALUES ( 1, 109 );
2019-03-26 13:46:39.058 febs [http-nio-9527-exec-6] INFO  p6spy - 2019-03-26 13:46:39 | 耗时 6 ms | SQL 语句：
INSERT INTO t_role_menu ( role_id, menu_id ) VALUES ( 1, 110 );
2019-03-26 13:46:39.063 febs [http-nio-9527-exec-6] INFO  p6spy - 2019-03-26 13:46:39 | 耗时 3 ms | SQL 语句：
INSERT INTO t_role_menu ( role_id, menu_id ) VALUES ( 1, 58 );
2019-03-26 13:46:39.068 febs [http-nio-9527-exec-6] INFO  p6spy - 2019-03-26 13:46:39 | 耗时 4 ms | SQL 语句：
INSERT INTO t_role_menu ( role_id, menu_id ) VALUES ( 1, 59 );
2019-03-26 13:46:39.075 febs [http-nio-9527-exec-6] INFO  p6spy - 2019-03-26 13:46:39 | 耗时 5 ms | SQL 语句：
INSERT INTO t_role_menu ( role_id, menu_id ) VALUES ( 1, 61 );
2019-03-26 13:46:39.079 febs [http-nio-9527-exec-6] INFO  p6spy - 2019-03-26 13:46:39 | 耗时 3 ms | SQL 语句：
INSERT INTO t_role_menu ( role_id, menu_id ) VALUES ( 1, 81 );
2019-03-26 13:46:39.084 febs [http-nio-9527-exec-6] INFO  p6spy - 2019-03-26 13:46:39 | 耗时 3 ms | SQL 语句：
INSERT INTO t_role_menu ( role_id, menu_id ) VALUES ( 1, 82 );
2019-03-26 13:46:39.093 febs [http-nio-9527-exec-6] INFO  p6spy - 2019-03-26 13:46:39 | 耗时 7 ms | SQL 语句：
INSERT INTO t_role_menu ( role_id, menu_id ) VALUES ( 1, 83 );
2019-03-26 13:46:39.098 febs [http-nio-9527-exec-6] INFO  p6spy - 2019-03-26 13:46:39 | 耗时 3 ms | SQL 语句：
INSERT INTO t_role_menu ( role_id, menu_id ) VALUES ( 1, 127 );
2019-03-26 13:46:39.106 febs [http-nio-9527-exec-6] INFO  p6spy - 2019-03-26 13:46:39 | 耗时 7 ms | SQL 语句：
INSERT INTO t_role_menu ( role_id, menu_id ) VALUES ( 1, 128 );
2019-03-26 13:46:39.111 febs [http-nio-9527-exec-6] INFO  p6spy - 2019-03-26 13:46:39 | 耗时 3 ms | SQL 语句：
INSERT INTO t_role_menu ( role_id, menu_id ) VALUES ( 1, 129 );
2019-03-26 13:46:39.116 febs [http-nio-9527-exec-6] INFO  p6spy - 2019-03-26 13:46:39 | 耗时 4 ms | SQL 语句：
INSERT INTO t_role_menu ( role_id, menu_id ) VALUES ( 1, 130 );
2019-03-26 13:46:39.121 febs [http-nio-9527-exec-6] INFO  p6spy - 2019-03-26 13:46:39 | 耗时 3 ms | SQL 语句：
INSERT INTO t_role_menu ( role_id, menu_id ) VALUES ( 1, 135 );
2019-03-26 13:46:39.127 febs [http-nio-9527-exec-6] INFO  p6spy - 2019-03-26 13:46:39 | 耗时 3 ms | SQL 语句：
INSERT INTO t_role_menu ( role_id, menu_id ) VALUES ( 1, 131 );
2019-03-26 13:46:39.131 febs [http-nio-9527-exec-6] INFO  p6spy - 2019-03-26 13:46:39 | 耗时 3 ms | SQL 语句：
INSERT INTO t_role_menu ( role_id, menu_id ) VALUES ( 1, 132 );
2019-03-26 13:46:39.136 febs [http-nio-9527-exec-6] INFO  p6spy - 2019-03-26 13:46:39 | 耗时 3 ms | SQL 语句：
INSERT INTO t_role_menu ( role_id, menu_id ) VALUES ( 1, 133 );
2019-03-26 13:46:39.141 febs [http-nio-9527-exec-6] INFO  p6spy - 2019-03-26 13:46:39 | 耗时 5 ms | SQL 语句：
INSERT INTO t_role_menu ( role_id, menu_id ) VALUES ( 1, 134 );
2019-03-26 13:46:39.146 febs [http-nio-9527-exec-6] INFO  p6spy - 2019-03-26 13:46:39 | 耗时 3 ms | SQL 语句：
INSERT INTO t_role_menu ( role_id, menu_id ) VALUES ( 1, 136 );
2019-03-26 13:46:39.151 febs [http-nio-9527-exec-6] INFO  p6spy - 2019-03-26 13:46:39 | 耗时 3 ms | SQL 语句：
INSERT INTO t_role_menu ( role_id, menu_id ) VALUES ( 1, 137 );
2019-03-26 13:46:39.156 febs [http-nio-9527-exec-6] INFO  p6spy - 2019-03-26 13:46:39 | 耗时 3 ms | SQL 语句：
INSERT INTO t_role_menu ( role_id, menu_id ) VALUES ( 1, 138 );
2019-03-26 13:46:39.163 febs [http-nio-9527-exec-6] INFO  p6spy - 2019-03-26 13:46:39 | 耗时 5 ms | SQL 语句：
INSERT INTO t_role_menu ( role_id, menu_id ) VALUES ( 1, 139 );
2019-03-26 13:46:39.168 febs [http-nio-9527-exec-6] INFO  p6spy - 2019-03-26 13:46:39 | 耗时 3 ms | SQL 语句：
INSERT INTO t_role_menu ( role_id, menu_id ) VALUES ( 1, 140 );
2019-03-26 13:46:39.173 febs [http-nio-9527-exec-6] INFO  p6spy - 2019-03-26 13:46:39 | 耗时 3 ms | SQL 语句：
INSERT INTO t_role_menu ( role_id, menu_id ) VALUES ( 1, 141 );
2019-03-26 13:46:39.181 febs [http-nio-9527-exec-6] INFO  p6spy - 2019-03-26 13:46:39 | 耗时 7 ms | SQL 语句：
INSERT INTO t_role_menu ( role_id, menu_id ) VALUES ( 1, 142 );
2019-03-26 13:46:39.185 febs [http-nio-9527-exec-6] INFO  p6spy - 2019-03-26 13:46:39 | 耗时 3 ms | SQL 语句：
INSERT INTO t_role_menu ( role_id, menu_id ) VALUES ( 1, 143 );
2019-03-26 13:46:39.190 febs [http-nio-9527-exec-6] INFO  p6spy - 2019-03-26 13:46:39 | 耗时 4 ms | SQL 语句：
INSERT INTO t_role_menu ( role_id, menu_id ) VALUES ( 1, 144 );
2019-03-26 13:46:39.195 febs [http-nio-9527-exec-6] INFO  p6spy - 2019-03-26 13:46:39 | 耗时 3 ms | SQL 语句：
INSERT INTO t_role_menu ( role_id, menu_id ) VALUES ( 1, 145 );
2019-03-26 13:46:39.200 febs [http-nio-9527-exec-6] INFO  p6spy - 2019-03-26 13:46:39 | 耗时 4 ms | SQL 语句：
INSERT INTO t_role_menu ( role_id, menu_id ) VALUES ( 1, 146 );
2019-03-26 13:46:39.353 febs [http-nio-9527-exec-8] INFO  c.m.f.common.authentication.JWTUtil - token is valid
2019-03-26 13:46:39.362 febs [http-nio-9527-exec-8] INFO  p6spy - 2019-03-26 13:46:39 | 耗时 0 ms | SQL 语句：
SELECT COUNT(1) FROM t_role;
2019-03-26 13:46:39.364 febs [http-nio-9527-exec-8] INFO  p6spy - 2019-03-26 13:46:39 | 耗时 0 ms | SQL 语句：
SELECT ROLE_ID,role_name,remark,create_time,modify_time FROM t_role LIMIT 0,10;
2019-03-26 13:46:39.915 febs [asyncTaskExecutor-2] INFO  p6spy - 2019-03-26 13:46:39 | 耗时 0 ms | SQL 语句：
INSERT INTO t_log ( username, operation, time, method, params, ip, create_time, location ) VALUES ( 'mrbird', '修改角色', 563, 'cc.mrbird.febs.system.controller.RoleController.updateRole()', ' role: "Role(roleId=1, roleName=管理员, remark=管理员, createTime=null, modifyTime=Tue Mar 26 13:46:38 CST 2019, createTimeFrom=null, createTimeTo=null, menuId=1,3,11,12,13,4,14,15,16,5,17,18,19,6,20,21,22,64,65,66,67,2,8,23,10,24,113,121,122,124,123,125,101,102,103,104,105,106,107,108,109,110,58,59,61,81,82,83,127,128,129,130,135,131,132,133,134,136,137,138,139,140,141,142,143,144,145,146)"', '127.0.0.1', '2019-03-26T13:46:39.232+0800', '' );
2019-03-26 13:46:47.533 febs [http-nio-9527-exec-9] INFO  c.m.f.common.authentication.JWTUtil - token is valid
2019-03-26 13:46:47.541 febs [http-nio-9527-exec-9] INFO  p6spy - 2019-03-26 13:46:47 | 耗时 0 ms | SQL 语句：
SELECT COUNT(1) FROM t_role;
2019-03-26 13:46:47.542 febs [http-nio-9527-exec-9] INFO  p6spy - 2019-03-26 13:46:47 | 耗时 0 ms | SQL 语句：
SELECT ROLE_ID,role_name,remark,create_time,modify_time FROM t_role LIMIT 0,10;
2019-03-26 13:46:54.399 febs [http-nio-9527-exec-5] INFO  c.m.febs.common.aspect.LimitAspect - IP:127.0.0.1 第 1 次访问key为 [limit_login127.0.0.1]，描述为 [登录接口] 的接口
2019-03-26 13:46:54.406 febs [http-nio-9527-exec-5] INFO  p6spy - 2019-03-26 13:46:54 | 耗时 1 ms | SQL 语句：
UPDATE t_user SET last_login_time='2019-03-26T13:46:54.402+0800' WHERE username = 'mrbird';
2019-03-26 13:46:54.410 febs [http-nio-9527-exec-5] INFO  p6spy - 2019-03-26 13:46:54 | 耗时 0 ms | SQL 语句：
SELECT USER_ID,username,password,dept_id,email,mobile,status,create_time,modify_time,last_login_time,ssex,description,avatar FROM t_user WHERE username = 'mrbird';
2019-03-26 13:46:55.437 febs [http-nio-9527-exec-5] INFO  p6spy - 2019-03-26 13:46:55 | 耗时 0 ms | SQL 语句：
INSERT INTO t_login_log ( username, login_time, location, ip ) VALUES ( 'mrbird', '2019-03-26T13:46:54.431+0800', '', '127.0.0.1' );
2019-03-26 13:46:56.047 febs [http-nio-9527-exec-6] INFO  c.m.f.common.authentication.JWTUtil - token is valid
2019-03-26 13:46:56.052 febs [http-nio-9527-exec-6] INFO  p6spy - 2019-03-26 13:46:56 | 耗时 1 ms | SQL 语句：
select m.* from t_menu m where m.type <> 1 and m.MENU_ID in (select distinct rm.menu_id from t_role_menu rm left join t_role r on (rm.role_id = r.role_id) left join t_user_role ur on (ur.role_id = r.role_id) left join t_user u on (u.user_id = ur.user_id) where u.username = 'mrbird') order by m.order_num;
2019-03-26 13:46:56.536 febs [http-nio-9527-exec-8] INFO  c.m.f.common.authentication.JWTUtil - token is valid
2019-03-26 13:46:56.540 febs [http-nio-9527-exec-8] INFO  p6spy - 2019-03-26 13:46:56 | 耗时 0 ms | SQL 语句：
select count(1) from t_login_log;
2019-03-26 13:46:56.541 febs [http-nio-9527-exec-8] INFO  p6spy - 2019-03-26 13:46:56 | 耗时 0 ms | SQL 语句：
select count(1) from t_login_log where datediff(login_time,now())=0;
2019-03-26 13:46:56.543 febs [http-nio-9527-exec-8] INFO  p6spy - 2019-03-26 13:46:56 | 耗时 1 ms | SQL 语句：
select count(distinct(ip)) from t_login_log where datediff(login_time,now())=0;
2019-03-26 13:46:56.545 febs [http-nio-9527-exec-8] INFO  p6spy - 2019-03-26 13:46:56 | 耗时 1 ms | SQL 语句：
select date_format(l.login_time, '%m-%d') days, count(1) count from ( select * from t_login_log where date_sub(curdate(), interval 7 day) <= date(login_time) ) as l where 1 = 1 group by days;
2019-03-26 13:46:56.548 febs [http-nio-9527-exec-8] INFO  p6spy - 2019-03-26 13:46:56 | 耗时 1 ms | SQL 语句：
select date_format(l.login_time, '%m-%d') days, count(1) count from ( select * from t_login_log where date_sub(curdate(), interval 7 day) <= date(login_time) ) as l where 1 = 1 and l.username = 'mrbird' group by days;
