2019-04-30 15:17:36.962 febs [main] INFO  cc.mrbird.febs.FebsApplication - Starting FebsApplication on DESKTOP-L5UH5E4 with PID 11908 (D:\demo\vue\FEBS-Vue\backend\target\classes started by volga in D:\demo\vue\FEBS-Vue\backend)
2019-04-30 15:17:36.969 febs [main] INFO  cc.mrbird.febs.FebsApplication - No active profile set, falling back to default profiles: default
2019-04-30 15:17:41.439 febs [main] INFO  o.s.d.r.c.RepositoryConfigurationDelegate - Multiple Spring Data modules found, entering strict repository configuration mode!
2019-04-30 15:17:41.445 febs [main] INFO  o.s.d.r.c.RepositoryConfigurationDelegate - Bootstrapping Spring Data repositories in DEFAULT mode.
2019-04-30 15:17:41.707 febs [main] INFO  o.s.d.r.c.RepositoryConfigurationDelegate - Finished Spring Data repository scanning in 225ms. Found 0 repository interfaces.
2019-04-30 15:17:42.931 febs [main] INFO  o.s.c.s.PostProcessorRegistrationDelegate$BeanPostProcessorChecker - Bean 'asyncExecutorPoolConfig' of type [cc.mrbird.febs.common.config.AsyncExecutorPoolConfig$$EnhancerBySpringCGLIB$$13d36334] is not eligible for getting processed by all BeanPostProcessors (for example: not eligible for auto-proxying)
2019-04-30 15:17:43.375 febs [main] INFO  o.s.c.s.PostProcessorRegistrationDelegate$BeanPostProcessorChecker - Bean 'spring.datasource.dynamic-com.baomidou.dynamic.datasource.spring.boot.autoconfigure.DynamicDataSourceProperties' of type [com.baomidou.dynamic.datasource.spring.boot.autoconfigure.DynamicDataSourceProperties] is not eligible for getting processed by all BeanPostProcessors (for example: not eligible for auto-proxying)
2019-04-30 15:17:43.803 febs [main] INFO  o.s.c.s.PostProcessorRegistrationDelegate$BeanPostProcessorChecker - Bean 'com.baomidou.dynamic.datasource.spring.boot.autoconfigure.DynamicDataSourceAutoConfiguration' of type [com.baomidou.dynamic.datasource.spring.boot.autoconfigure.DynamicDataSourceAutoConfiguration$$EnhancerBySpringCGLIB$$ee22aed8] is not eligible for getting processed by all BeanPostProcessors (for example: not eligible for auto-proxying)
2019-04-30 15:17:43.831 febs [main] INFO  o.s.c.s.PostProcessorRegistrationDelegate$BeanPostProcessorChecker - Bean 'dsProcessor' of type [com.baomidou.dynamic.datasource.processor.DsHeaderProcessor] is not eligible for getting processed by all BeanPostProcessors (for example: not eligible for auto-proxying)
2019-04-30 15:17:43.853 febs [main] INFO  o.s.c.s.PostProcessorRegistrationDelegate$BeanPostProcessorChecker - Bean 'dynamicDatasourceAnnotationAdvisor' of type [com.baomidou.dynamic.datasource.aop.DynamicDataSourceAnnotationAdvisor] is not eligible for getting processed by all BeanPostProcessors (for example: not eligible for auto-proxying)
2019-04-30 15:17:43.879 febs [main] INFO  o.s.c.s.PostProcessorRegistrationDelegate$BeanPostProcessorChecker - Bean 'org.springframework.transaction.annotation.ProxyTransactionManagementConfiguration' of type [org.springframework.transaction.annotation.ProxyTransactionManagementConfiguration$$EnhancerBySpringCGLIB$$84943e07] is not eligible for getting processed by all BeanPostProcessors (for example: not eligible for auto-proxying)
2019-04-30 15:17:43.917 febs [main] INFO  o.s.c.s.PostProcessorRegistrationDelegate$BeanPostProcessorChecker - Bean 'shiroConfig' of type [cc.mrbird.febs.common.authentication.ShiroConfig$$EnhancerBySpringCGLIB$$f0143fb0] is not eligible for getting processed by all BeanPostProcessors (for example: not eligible for auto-proxying)
2019-04-30 15:17:44.237 febs [main] INFO  o.s.c.s.PostProcessorRegistrationDelegate$BeanPostProcessorChecker - Bean 'redisConfig' of type [cc.mrbird.febs.common.config.RedisConfig$$EnhancerBySpringCGLIB$$e8d8f704] is not eligible for getting processed by all BeanPostProcessors (for example: not eligible for auto-proxying)
2019-04-30 15:17:44.290 febs [main] INFO  o.s.c.s.PostProcessorRegistrationDelegate$BeanPostProcessorChecker - Bean 'redisPoolFactory' of type [redis.clients.jedis.JedisPool] is not eligible for getting processed by all BeanPostProcessors (for example: not eligible for auto-proxying)
2019-04-30 15:17:44.306 febs [main] INFO  o.s.c.s.PostProcessorRegistrationDelegate$BeanPostProcessorChecker - Bean 'redisService' of type [cc.mrbird.febs.common.service.impl.RedisServiceImpl] is not eligible for getting processed by all BeanPostProcessors (for example: not eligible for auto-proxying)
2019-04-30 15:17:44.588 febs [main] INFO  o.s.c.s.PostProcessorRegistrationDelegate$BeanPostProcessorChecker - Bean 'mybatis-plus-com.baomidou.mybatisplus.autoconfigure.MybatisPlusProperties' of type [com.baomidou.mybatisplus.autoconfigure.MybatisPlusProperties] is not eligible for getting processed by all BeanPostProcessors (for example: not eligible for auto-proxying)
2019-04-30 15:17:44.619 febs [main] INFO  o.s.c.s.PostProcessorRegistrationDelegate$BeanPostProcessorChecker - Bean 'mybatisPlusConfig' of type [cc.mrbird.febs.common.config.MybatisPlusConfig$$EnhancerBySpringCGLIB$$d61b9a16] is not eligible for getting processed by all BeanPostProcessors (for example: not eligible for auto-proxying)
2019-04-30 15:17:44.634 febs [main] INFO  o.s.c.s.PostProcessorRegistrationDelegate$BeanPostProcessorChecker - Bean 'paginationInterceptor' of type [com.baomidou.mybatisplus.extension.plugins.PaginationInterceptor] is not eligible for getting processed by all BeanPostProcessors (for example: not eligible for auto-proxying)
2019-04-30 15:17:44.655 febs [main] INFO  o.s.c.s.PostProcessorRegistrationDelegate$BeanPostProcessorChecker - Bean 'com.baomidou.mybatisplus.autoconfigure.MybatisPlusAutoConfiguration' of type [com.baomidou.mybatisplus.autoconfigure.MybatisPlusAutoConfiguration$$EnhancerBySpringCGLIB$$c25caaa1] is not eligible for getting processed by all BeanPostProcessors (for example: not eligible for auto-proxying)
2019-04-30 15:17:44.713 febs [main] INFO  o.s.c.s.PostProcessorRegistrationDelegate$BeanPostProcessorChecker - Bean 'dynamicDataSourceCreator' of type [com.baomidou.dynamic.datasource.DynamicDataSourceCreator] is not eligible for getting processed by all BeanPostProcessors (for example: not eligible for auto-proxying)
2019-04-30 15:17:44.714 febs [main] INFO  o.s.c.s.PostProcessorRegistrationDelegate$BeanPostProcessorChecker - Bean 'dynamicDataSourceProvider' of type [com.baomidou.dynamic.datasource.provider.YmlDynamicDataSourceProvider] is not eligible for getting processed by all BeanPostProcessors (for example: not eligible for auto-proxying)
2019-04-30 15:17:44.727 febs [main] INFO  c.b.d.d.DynamicRoutingDataSource - 动态数据源-检测到并开启了p6spy
2019-04-30 15:17:44.746 febs [main] INFO  com.zaxxer.hikari.HikariDataSource - primary - Starting...
2019-04-30 15:17:47.366 febs [main] INFO  o.s.b.a.l.ConditionEvaluationReportLoggingListener - 

Error starting ApplicationContext. To display the conditions report re-run your application with 'debug' enabled.
2019-04-30 15:19:05.871 febs [main] INFO  cc.mrbird.febs.FebsApplication - Starting FebsApplication on DESKTOP-L5UH5E4 with PID 3860 (D:\demo\vue\FEBS-Vue\backend\target\classes started by volga in D:\demo\vue\FEBS-Vue\backend)
2019-04-30 15:19:05.879 febs [main] INFO  cc.mrbird.febs.FebsApplication - No active profile set, falling back to default profiles: default
2019-04-30 15:19:08.356 febs [main] INFO  o.s.d.r.c.RepositoryConfigurationDelegate - Multiple Spring Data modules found, entering strict repository configuration mode!
2019-04-30 15:19:08.359 febs [main] INFO  o.s.d.r.c.RepositoryConfigurationDelegate - Bootstrapping Spring Data repositories in DEFAULT mode.
2019-04-30 15:19:08.633 febs [main] INFO  o.s.d.r.c.RepositoryConfigurationDelegate - Finished Spring Data repository scanning in 250ms. Found 0 repository interfaces.
2019-04-30 15:19:09.975 febs [main] INFO  o.s.c.s.PostProcessorRegistrationDelegate$BeanPostProcessorChecker - Bean 'asyncExecutorPoolConfig' of type [cc.mrbird.febs.common.config.AsyncExecutorPoolConfig$$EnhancerBySpringCGLIB$$df5f2e2] is not eligible for getting processed by all BeanPostProcessors (for example: not eligible for auto-proxying)
2019-04-30 15:19:10.302 febs [main] INFO  o.s.c.s.PostProcessorRegistrationDelegate$BeanPostProcessorChecker - Bean 'spring.datasource.dynamic-com.baomidou.dynamic.datasource.spring.boot.autoconfigure.DynamicDataSourceProperties' of type [com.baomidou.dynamic.datasource.spring.boot.autoconfigure.DynamicDataSourceProperties] is not eligible for getting processed by all BeanPostProcessors (for example: not eligible for auto-proxying)
2019-04-30 15:19:10.930 febs [main] INFO  o.s.c.s.PostProcessorRegistrationDelegate$BeanPostProcessorChecker - Bean 'com.baomidou.dynamic.datasource.spring.boot.autoconfigure.DynamicDataSourceAutoConfiguration' of type [com.baomidou.dynamic.datasource.spring.boot.autoconfigure.DynamicDataSourceAutoConfiguration$$EnhancerBySpringCGLIB$$e8453e86] is not eligible for getting processed by all BeanPostProcessors (for example: not eligible for auto-proxying)
2019-04-30 15:19:10.980 febs [main] INFO  o.s.c.s.PostProcessorRegistrationDelegate$BeanPostProcessorChecker - Bean 'dsProcessor' of type [com.baomidou.dynamic.datasource.processor.DsHeaderProcessor] is not eligible for getting processed by all BeanPostProcessors (for example: not eligible for auto-proxying)
2019-04-30 15:19:10.990 febs [main] INFO  o.s.c.s.PostProcessorRegistrationDelegate$BeanPostProcessorChecker - Bean 'dynamicDatasourceAnnotationAdvisor' of type [com.baomidou.dynamic.datasource.aop.DynamicDataSourceAnnotationAdvisor] is not eligible for getting processed by all BeanPostProcessors (for example: not eligible for auto-proxying)
2019-04-30 15:19:11.049 febs [main] INFO  o.s.c.s.PostProcessorRegistrationDelegate$BeanPostProcessorChecker - Bean 'org.springframework.transaction.annotation.ProxyTransactionManagementConfiguration' of type [org.springframework.transaction.annotation.ProxyTransactionManagementConfiguration$$EnhancerBySpringCGLIB$$7eb6cdb5] is not eligible for getting processed by all BeanPostProcessors (for example: not eligible for auto-proxying)
2019-04-30 15:19:11.151 febs [main] INFO  o.s.c.s.PostProcessorRegistrationDelegate$BeanPostProcessorChecker - Bean 'shiroConfig' of type [cc.mrbird.febs.common.authentication.ShiroConfig$$EnhancerBySpringCGLIB$$ea36cf5e] is not eligible for getting processed by all BeanPostProcessors (for example: not eligible for auto-proxying)
2019-04-30 15:19:11.505 febs [main] INFO  o.s.c.s.PostProcessorRegistrationDelegate$BeanPostProcessorChecker - Bean 'redisConfig' of type [cc.mrbird.febs.common.config.RedisConfig$$EnhancerBySpringCGLIB$$e2fb86b2] is not eligible for getting processed by all BeanPostProcessors (for example: not eligible for auto-proxying)
2019-04-30 15:19:11.576 febs [main] INFO  o.s.c.s.PostProcessorRegistrationDelegate$BeanPostProcessorChecker - Bean 'redisPoolFactory' of type [redis.clients.jedis.JedisPool] is not eligible for getting processed by all BeanPostProcessors (for example: not eligible for auto-proxying)
2019-04-30 15:19:11.617 febs [main] INFO  o.s.c.s.PostProcessorRegistrationDelegate$BeanPostProcessorChecker - Bean 'redisService' of type [cc.mrbird.febs.common.service.impl.RedisServiceImpl] is not eligible for getting processed by all BeanPostProcessors (for example: not eligible for auto-proxying)
2019-04-30 15:19:11.917 febs [main] INFO  o.s.c.s.PostProcessorRegistrationDelegate$BeanPostProcessorChecker - Bean 'mybatis-plus-com.baomidou.mybatisplus.autoconfigure.MybatisPlusProperties' of type [com.baomidou.mybatisplus.autoconfigure.MybatisPlusProperties] is not eligible for getting processed by all BeanPostProcessors (for example: not eligible for auto-proxying)
2019-04-30 15:19:11.934 febs [main] INFO  o.s.c.s.PostProcessorRegistrationDelegate$BeanPostProcessorChecker - Bean 'mybatisPlusConfig' of type [cc.mrbird.febs.common.config.MybatisPlusConfig$$EnhancerBySpringCGLIB$$d03e29c4] is not eligible for getting processed by all BeanPostProcessors (for example: not eligible for auto-proxying)
2019-04-30 15:19:11.953 febs [main] INFO  o.s.c.s.PostProcessorRegistrationDelegate$BeanPostProcessorChecker - Bean 'paginationInterceptor' of type [com.baomidou.mybatisplus.extension.plugins.PaginationInterceptor] is not eligible for getting processed by all BeanPostProcessors (for example: not eligible for auto-proxying)
2019-04-30 15:19:11.973 febs [main] INFO  o.s.c.s.PostProcessorRegistrationDelegate$BeanPostProcessorChecker - Bean 'com.baomidou.mybatisplus.autoconfigure.MybatisPlusAutoConfiguration' of type [com.baomidou.mybatisplus.autoconfigure.MybatisPlusAutoConfiguration$$EnhancerBySpringCGLIB$$bc7f3a4f] is not eligible for getting processed by all BeanPostProcessors (for example: not eligible for auto-proxying)
2019-04-30 15:19:11.996 febs [main] INFO  o.s.c.s.PostProcessorRegistrationDelegate$BeanPostProcessorChecker - Bean 'dynamicDataSourceCreator' of type [com.baomidou.dynamic.datasource.DynamicDataSourceCreator] is not eligible for getting processed by all BeanPostProcessors (for example: not eligible for auto-proxying)
2019-04-30 15:19:11.999 febs [main] INFO  o.s.c.s.PostProcessorRegistrationDelegate$BeanPostProcessorChecker - Bean 'dynamicDataSourceProvider' of type [com.baomidou.dynamic.datasource.provider.YmlDynamicDataSourceProvider] is not eligible for getting processed by all BeanPostProcessors (for example: not eligible for auto-proxying)
2019-04-30 15:19:12.003 febs [main] INFO  c.b.d.d.DynamicRoutingDataSource - 动态数据源-检测到并开启了p6spy
2019-04-30 15:19:12.022 febs [main] INFO  com.zaxxer.hikari.HikariDataSource - primary - Starting...
2019-04-30 15:19:14.449 febs [main] INFO  com.zaxxer.hikari.HikariDataSource - primary - Start completed.
2019-04-30 15:19:14.449 febs [main] INFO  c.b.d.d.DynamicRoutingDataSource - 初始共加载 1 个数据源
2019-04-30 15:19:14.449 febs [main] INFO  c.b.d.d.DynamicRoutingDataSource - 动态数据源-加载 primary 成功
2019-04-30 15:19:14.449 febs [main] INFO  c.b.d.d.DynamicRoutingDataSource - 当前的默认数据源是单数据源，数据源名为 primary
2019-04-30 15:19:14.449 febs [main] INFO  o.s.c.s.PostProcessorRegistrationDelegate$BeanPostProcessorChecker - Bean 'dataSource' of type [com.baomidou.dynamic.datasource.DynamicRoutingDataSource] is not eligible for getting processed by all BeanPostProcessors (for example: not eligible for auto-proxying)
2019-04-30 15:19:14.473 febs [main] INFO  o.s.c.s.PostProcessorRegistrationDelegate$BeanPostProcessorChecker - Bean 'spring.datasource-org.springframework.boot.autoconfigure.jdbc.DataSourceProperties' of type [org.springframework.boot.autoconfigure.jdbc.DataSourceProperties] is not eligible for getting processed by all BeanPostProcessors (for example: not eligible for auto-proxying)
2019-04-30 15:19:14.496 febs [main] INFO  o.s.c.s.PostProcessorRegistrationDelegate$BeanPostProcessorChecker - Bean 'org.springframework.boot.autoconfigure.jdbc.DataSourceInitializerInvoker' of type [org.springframework.boot.autoconfigure.jdbc.DataSourceInitializerInvoker] is not eligible for getting processed by all BeanPostProcessors (for example: not eligible for auto-proxying)
2019-04-30 15:19:17.188 febs [main] INFO  o.s.c.s.PostProcessorRegistrationDelegate$BeanPostProcessorChecker - Bean 'sqlSessionFactory' of type [org.apache.ibatis.session.defaults.DefaultSqlSessionFactory] is not eligible for getting processed by all BeanPostProcessors (for example: not eligible for auto-proxying)
2019-04-30 15:19:17.205 febs [main] INFO  o.s.c.s.PostProcessorRegistrationDelegate$BeanPostProcessorChecker - Bean 'sqlSessionTemplate' of type [org.mybatis.spring.SqlSessionTemplate] is not eligible for getting processed by all BeanPostProcessors (for example: not eligible for auto-proxying)
2019-04-30 15:19:17.205 febs [main] INFO  o.s.c.s.PostProcessorRegistrationDelegate$BeanPostProcessorChecker - Bean 'roleMapper' of type [org.mybatis.spring.mapper.MapperFactoryBean] is not eligible for getting processed by all BeanPostProcessors (for example: not eligible for auto-proxying)
2019-04-30 15:19:17.205 febs [main] INFO  o.s.c.s.PostProcessorRegistrationDelegate$BeanPostProcessorChecker - Bean 'roleMapper' of type [com.sun.proxy.$Proxy105] is not eligible for getting processed by all BeanPostProcessors (for example: not eligible for auto-proxying)
2019-04-30 15:19:17.261 febs [main] INFO  o.s.c.s.PostProcessorRegistrationDelegate$BeanPostProcessorChecker - Bean 'roleMenuMapper' of type [org.mybatis.spring.mapper.MapperFactoryBean] is not eligible for getting processed by all BeanPostProcessors (for example: not eligible for auto-proxying)
2019-04-30 15:19:17.278 febs [main] INFO  o.s.c.s.PostProcessorRegistrationDelegate$BeanPostProcessorChecker - Bean 'roleMenuMapper' of type [com.sun.proxy.$Proxy107] is not eligible for getting processed by all BeanPostProcessors (for example: not eligible for auto-proxying)
2019-04-30 15:19:17.288 febs [main] INFO  o.s.c.s.PostProcessorRegistrationDelegate$BeanPostProcessorChecker - Bean 'userRoleMapper' of type [org.mybatis.spring.mapper.MapperFactoryBean] is not eligible for getting processed by all BeanPostProcessors (for example: not eligible for auto-proxying)
2019-04-30 15:19:17.288 febs [main] INFO  o.s.c.s.PostProcessorRegistrationDelegate$BeanPostProcessorChecker - Bean 'userRoleMapper' of type [com.sun.proxy.$Proxy108] is not eligible for getting processed by all BeanPostProcessors (for example: not eligible for auto-proxying)
2019-04-30 15:19:17.305 febs [main] INFO  o.s.c.s.PostProcessorRegistrationDelegate$BeanPostProcessorChecker - Bean 'userRoleService' of type [cc.mrbird.febs.system.service.impl.UserRoleServiceImpl] is not eligible for getting processed by all BeanPostProcessors (for example: not eligible for auto-proxying)
2019-04-30 15:19:17.392 febs [main] INFO  o.s.c.s.PostProcessorRegistrationDelegate$BeanPostProcessorChecker - Bean 'roleMenuService' of type [cc.mrbird.febs.system.service.impl.RoleMenuServiceImpl] is not eligible for getting processed by all BeanPostProcessors (for example: not eligible for auto-proxying)
2019-04-30 15:19:17.440 febs [main] INFO  o.s.c.s.PostProcessorRegistrationDelegate$BeanPostProcessorChecker - Bean 'roleService' of type [cc.mrbird.febs.system.service.impl.RoleServiceImpl] is not eligible for getting processed by all BeanPostProcessors (for example: not eligible for auto-proxying)
2019-04-30 15:19:17.479 febs [main] INFO  o.s.c.s.PostProcessorRegistrationDelegate$BeanPostProcessorChecker - Bean 'menuMapper' of type [org.mybatis.spring.mapper.MapperFactoryBean] is not eligible for getting processed by all BeanPostProcessors (for example: not eligible for auto-proxying)
2019-04-30 15:19:17.482 febs [main] INFO  o.s.c.s.PostProcessorRegistrationDelegate$BeanPostProcessorChecker - Bean 'menuMapper' of type [com.sun.proxy.$Proxy112] is not eligible for getting processed by all BeanPostProcessors (for example: not eligible for auto-proxying)
2019-04-30 15:19:17.487 febs [main] INFO  o.s.c.s.PostProcessorRegistrationDelegate$BeanPostProcessorChecker - Bean 'menuService' of type [cc.mrbird.febs.system.service.impl.MenuServiceImpl] is not eligible for getting processed by all BeanPostProcessors (for example: not eligible for auto-proxying)
2019-04-30 15:19:17.535 febs [main] INFO  o.s.c.s.PostProcessorRegistrationDelegate$BeanPostProcessorChecker - Bean 'userMapper' of type [org.mybatis.spring.mapper.MapperFactoryBean] is not eligible for getting processed by all BeanPostProcessors (for example: not eligible for auto-proxying)
2019-04-30 15:19:17.535 febs [main] INFO  o.s.c.s.PostProcessorRegistrationDelegate$BeanPostProcessorChecker - Bean 'userMapper' of type [com.sun.proxy.$Proxy114] is not eligible for getting processed by all BeanPostProcessors (for example: not eligible for auto-proxying)
2019-04-30 15:19:17.590 febs [main] INFO  o.s.c.s.PostProcessorRegistrationDelegate$BeanPostProcessorChecker - Bean 'userConfigMapper' of type [org.mybatis.spring.mapper.MapperFactoryBean] is not eligible for getting processed by all BeanPostProcessors (for example: not eligible for auto-proxying)
2019-04-30 15:19:17.607 febs [main] INFO  o.s.c.s.PostProcessorRegistrationDelegate$BeanPostProcessorChecker - Bean 'userConfigMapper' of type [com.sun.proxy.$Proxy115] is not eligible for getting processed by all BeanPostProcessors (for example: not eligible for auto-proxying)
2019-04-30 15:19:17.607 febs [main] INFO  o.s.c.s.PostProcessorRegistrationDelegate$BeanPostProcessorChecker - Bean 'userConfigService' of type [cc.mrbird.febs.system.service.impl.UserConfigServiceImpl] is not eligible for getting processed by all BeanPostProcessors (for example: not eligible for auto-proxying)
2019-04-30 15:19:17.668 febs [main] INFO  o.s.c.s.PostProcessorRegistrationDelegate$BeanPostProcessorChecker - Bean 'resumeMapper' of type [org.mybatis.spring.mapper.MapperFactoryBean] is not eligible for getting processed by all BeanPostProcessors (for example: not eligible for auto-proxying)
2019-04-30 15:19:17.668 febs [main] INFO  o.s.c.s.PostProcessorRegistrationDelegate$BeanPostProcessorChecker - Bean 'resumeMapper' of type [com.sun.proxy.$Proxy117] is not eligible for getting processed by all BeanPostProcessors (for example: not eligible for auto-proxying)
2019-04-30 15:19:17.668 febs [main] INFO  o.s.c.s.PostProcessorRegistrationDelegate$BeanPostProcessorChecker - Bean 'resumeService' of type [cc.mrbird.febs.resume.service.impl.ResumeServiceImpl] is not eligible for getting processed by all BeanPostProcessors (for example: not eligible for auto-proxying)
2019-04-30 15:19:17.708 febs [main] INFO  o.s.c.s.PostProcessorRegistrationDelegate$BeanPostProcessorChecker - Bean 'userService' of type [cc.mrbird.febs.system.service.impl.UserServiceImpl] is not eligible for getting processed by all BeanPostProcessors (for example: not eligible for auto-proxying)
2019-04-30 15:19:17.744 febs [main] INFO  o.s.c.s.PostProcessorRegistrationDelegate$BeanPostProcessorChecker - Bean 'org.springframework.boot.autoconfigure.jackson.JacksonAutoConfiguration$JacksonObjectMapperConfiguration' of type [org.springframework.boot.autoconfigure.jackson.JacksonAutoConfiguration$JacksonObjectMapperConfiguration$$EnhancerBySpringCGLIB$$da4a4d46] is not eligible for getting processed by all BeanPostProcessors (for example: not eligible for auto-proxying)
2019-04-30 15:19:17.751 febs [main] INFO  o.s.c.s.PostProcessorRegistrationDelegate$BeanPostProcessorChecker - Bean 'org.springframework.boot.autoconfigure.jackson.JacksonAutoConfiguration$JacksonObjectMapperBuilderConfiguration' of type [org.springframework.boot.autoconfigure.jackson.JacksonAutoConfiguration$JacksonObjectMapperBuilderConfiguration$$EnhancerBySpringCGLIB$$8c970f5f] is not eligible for getting processed by all BeanPostProcessors (for example: not eligible for auto-proxying)
2019-04-30 15:19:17.755 febs [main] INFO  o.s.c.s.PostProcessorRegistrationDelegate$BeanPostProcessorChecker - Bean 'org.springframework.boot.autoconfigure.jackson.JacksonAutoConfiguration$Jackson2ObjectMapperBuilderCustomizerConfiguration' of type [org.springframework.boot.autoconfigure.jackson.JacksonAutoConfiguration$Jackson2ObjectMapperBuilderCustomizerConfiguration$$EnhancerBySpringCGLIB$$47adf54e] is not eligible for getting processed by all BeanPostProcessors (for example: not eligible for auto-proxying)
2019-04-30 15:19:17.768 febs [main] INFO  o.s.c.s.PostProcessorRegistrationDelegate$BeanPostProcessorChecker - Bean 'spring.jackson-org.springframework.boot.autoconfigure.jackson.JacksonProperties' of type [org.springframework.boot.autoconfigure.jackson.JacksonProperties] is not eligible for getting processed by all BeanPostProcessors (for example: not eligible for auto-proxying)
2019-04-30 15:19:17.769 febs [main] INFO  o.s.c.s.PostProcessorRegistrationDelegate$BeanPostProcessorChecker - Bean 'standardJacksonObjectMapperBuilderCustomizer' of type [org.springframework.boot.autoconfigure.jackson.JacksonAutoConfiguration$Jackson2ObjectMapperBuilderCustomizerConfiguration$StandardJackson2ObjectMapperBuilderCustomizer] is not eligible for getting processed by all BeanPostProcessors (for example: not eligible for auto-proxying)
2019-04-30 15:19:17.779 febs [main] INFO  o.s.c.s.PostProcessorRegistrationDelegate$BeanPostProcessorChecker - Bean 'org.springframework.boot.autoconfigure.jackson.JacksonAutoConfiguration$ParameterNamesModuleConfiguration' of type [org.springframework.boot.autoconfigure.jackson.JacksonAutoConfiguration$ParameterNamesModuleConfiguration$$EnhancerBySpringCGLIB$$6e796c7c] is not eligible for getting processed by all BeanPostProcessors (for example: not eligible for auto-proxying)
2019-04-30 15:19:17.790 febs [main] INFO  o.s.c.s.PostProcessorRegistrationDelegate$BeanPostProcessorChecker - Bean 'parameterNamesModule' of type [com.fasterxml.jackson.module.paramnames.ParameterNamesModule] is not eligible for getting processed by all BeanPostProcessors (for example: not eligible for auto-proxying)
2019-04-30 15:19:17.798 febs [main] INFO  o.s.c.s.PostProcessorRegistrationDelegate$BeanPostProcessorChecker - Bean 'org.springframework.boot.autoconfigure.jackson.JacksonAutoConfiguration' of type [org.springframework.boot.autoconfigure.jackson.JacksonAutoConfiguration$$EnhancerBySpringCGLIB$$bc55ead5] is not eligible for getting processed by all BeanPostProcessors (for example: not eligible for auto-proxying)
2019-04-30 15:19:17.820 febs [main] INFO  o.s.c.s.PostProcessorRegistrationDelegate$BeanPostProcessorChecker - Bean 'jsonComponentModule' of type [org.springframework.boot.jackson.JsonComponentModule] is not eligible for getting processed by all BeanPostProcessors (for example: not eligible for auto-proxying)
2019-04-30 15:19:17.820 febs [main] INFO  o.s.c.s.PostProcessorRegistrationDelegate$BeanPostProcessorChecker - Bean 'org.springframework.data.web.config.SpringDataJacksonConfiguration' of type [org.springframework.data.web.config.SpringDataJacksonConfiguration] is not eligible for getting processed by all BeanPostProcessors (for example: not eligible for auto-proxying)
2019-04-30 15:19:17.839 febs [main] INFO  o.s.c.s.PostProcessorRegistrationDelegate$BeanPostProcessorChecker - Bean 'jacksonGeoModule' of type [org.springframework.data.geo.GeoModule] is not eligible for getting processed by all BeanPostProcessors (for example: not eligible for auto-proxying)
2019-04-30 15:19:17.843 febs [main] INFO  o.s.c.s.PostProcessorRegistrationDelegate$BeanPostProcessorChecker - Bean 'jacksonObjectMapperBuilder' of type [org.springframework.http.converter.json.Jackson2ObjectMapperBuilder] is not eligible for getting processed by all BeanPostProcessors (for example: not eligible for auto-proxying)
2019-04-30 15:19:17.882 febs [main] INFO  o.s.c.s.PostProcessorRegistrationDelegate$BeanPostProcessorChecker - Bean 'jacksonObjectMapper' of type [com.fasterxml.jackson.databind.ObjectMapper] is not eligible for getting processed by all BeanPostProcessors (for example: not eligible for auto-proxying)
2019-04-30 15:19:17.910 febs [main] INFO  o.s.c.s.PostProcessorRegistrationDelegate$BeanPostProcessorChecker - Bean 'cacheService' of type [cc.mrbird.febs.common.service.impl.CacheServiceImpl] is not eligible for getting processed by all BeanPostProcessors (for example: not eligible for auto-proxying)
2019-04-30 15:19:17.931 febs [main] INFO  o.s.c.s.PostProcessorRegistrationDelegate$BeanPostProcessorChecker - Bean 'userManager' of type [cc.mrbird.febs.system.manager.UserManager] is not eligible for getting processed by all BeanPostProcessors (for example: not eligible for auto-proxying)
2019-04-30 15:19:17.932 febs [main] INFO  o.s.c.s.PostProcessorRegistrationDelegate$BeanPostProcessorChecker - Bean 'shiroRealm' of type [cc.mrbird.febs.common.authentication.ShiroRealm] is not eligible for getting processed by all BeanPostProcessors (for example: not eligible for auto-proxying)
2019-04-30 15:19:17.950 febs [main] INFO  o.s.c.s.PostProcessorRegistrationDelegate$BeanPostProcessorChecker - Bean 'securityManager' of type [org.apache.shiro.web.mgt.DefaultWebSecurityManager] is not eligible for getting processed by all BeanPostProcessors (for example: not eligible for auto-proxying)
2019-04-30 15:19:17.985 febs [main] INFO  o.s.c.s.PostProcessorRegistrationDelegate$BeanPostProcessorChecker - Bean 'authorizationAttributeSourceAdvisor' of type [org.apache.shiro.spring.security.interceptor.AuthorizationAttributeSourceAdvisor] is not eligible for getting processed by all BeanPostProcessors (for example: not eligible for auto-proxying)
2019-04-30 15:19:18.665 febs [main] INFO  o.s.b.w.e.tomcat.TomcatWebServer - Tomcat initialized with port(s): 9527 (http)
2019-04-30 15:19:18.688 febs [main] INFO  o.a.coyote.http11.Http11NioProtocol - Initializing ProtocolHandler ["http-nio-9527"]
2019-04-30 15:19:18.699 febs [main] INFO  o.a.catalina.core.StandardService - Starting service [Tomcat]
2019-04-30 15:19:18.699 febs [main] INFO  o.a.catalina.core.StandardEngine - Starting Servlet Engine: Apache Tomcat/9.0.12
2019-04-30 15:19:18.708 febs [main] INFO  o.a.c.core.AprLifecycleListener - Loaded APR based Apache Tomcat Native library [1.2.17] using APR version [1.6.3].
2019-04-30 15:19:18.708 febs [main] INFO  o.a.c.core.AprLifecycleListener - APR capabilities: IPv6 [true], sendfile [true], accept filters [false], random [true].
2019-04-30 15:19:18.709 febs [main] INFO  o.a.c.core.AprLifecycleListener - APR/OpenSSL configuration: useAprConnector [false], useOpenSSL [true]
2019-04-30 15:19:19.893 febs [main] INFO  o.a.c.core.AprLifecycleListener - OpenSSL successfully initialized [OpenSSL 1.0.2o  27 Mar 2018]
2019-04-30 15:19:20.304 febs [main] INFO  o.a.c.c.C.[Tomcat].[localhost].[/] - Initializing Spring embedded WebApplicationContext
2019-04-30 15:19:20.304 febs [main] INFO  o.s.web.context.ContextLoader - Root WebApplicationContext: initialization completed in 14308 ms
2019-04-30 15:19:21.657 febs [main] INFO  o.s.b.w.s.FilterRegistrationBean - Mapping filter: 'characterEncodingFilter' to: [/*]
2019-04-30 15:19:21.658 febs [main] INFO  o.s.b.w.s.FilterRegistrationBean - Mapping filter: 'webMvcMetricsFilter' to: [/*]
2019-04-30 15:19:21.658 febs [main] INFO  o.s.b.w.s.FilterRegistrationBean - Mapping filter: 'hiddenHttpMethodFilter' to: [/*]
2019-04-30 15:19:21.658 febs [main] INFO  o.s.b.w.s.FilterRegistrationBean - Mapping filter: 'formContentFilter' to: [/*]
2019-04-30 15:19:21.658 febs [main] INFO  o.s.b.w.s.FilterRegistrationBean - Mapping filter: 'requestContextFilter' to: [/*]
2019-04-30 15:19:21.658 febs [main] INFO  o.s.b.w.s.FilterRegistrationBean - Mapping filter: 'httpTraceFilter' to: [/*]
2019-04-30 15:19:21.658 febs [main] INFO  o.s.b.w.s.FilterRegistrationBean - Mapping filter: 'shiroFilterFactoryBean' to: [/*]
2019-04-30 15:19:21.658 febs [main] INFO  o.s.b.w.s.ServletRegistrationBean - Servlet dispatcherServlet mapped to [/]
2019-04-30 15:19:23.595 febs [main] INFO  o.s.s.c.ThreadPoolTaskExecutor - Initializing ExecutorService 'taskExecutor'
2019-04-30 15:19:26.272 febs [main] INFO  o.s.s.c.ThreadPoolTaskScheduler - Initializing ExecutorService 'taskScheduler'
2019-04-30 15:19:26.400 febs [main] INFO  o.s.b.a.e.web.EndpointLinksResolver - Exposing 2 endpoint(s) beneath base path '/actuator'
2019-04-30 15:19:26.619 febs [main] INFO  o.a.coyote.http11.Http11NioProtocol - Starting ProtocolHandler ["http-nio-9527"]
2019-04-30 15:19:26.643 febs [main] INFO  o.a.tomcat.util.net.NioSelectorPool - Using a shared selector for servlet write/read
2019-04-30 15:19:26.643 febs [scheduling-1] INFO  cc.mrbird.febs.common.task.CacheTask - delete expired user
2019-04-30 15:19:26.675 febs [main] INFO  o.s.b.w.e.tomcat.TomcatWebServer - Tomcat started on port(s): 9527 (http) with context path ''
2019-04-30 15:19:26.676 febs [main] INFO  cc.mrbird.febs.FebsApplication - Started FebsApplication in 22.467 seconds (JVM running for 26.519)
2019-04-30 15:19:26.693 febs [main] INFO  c.m.f.common.runner.CacheInitRunner - Redis连接中 ······
2019-04-30 15:19:26.783 febs [main] INFO  c.m.f.common.runner.CacheInitRunner - 缓存初始化 ······
2019-04-30 15:19:26.784 febs [main] INFO  c.m.f.common.runner.CacheInitRunner - 缓存用户数据 ······
2019-04-30 15:19:26.987 febs [main] INFO  p6spy - 2019-04-30 15:19:26 | 耗时 21 ms | SQL 语句：
SELECT USER_ID,username,password,company_name,email,mobile,status,create_time,modify_time,birthday,last_login_time,ssex,description,avatar,resume FROM t_user;
2019-04-30 15:19:27.054 febs [main] INFO  p6spy - 2019-04-30 15:19:27 | 耗时 13 ms | SQL 语句：
SELECT u.user_id userId, u.username, u.password, u.email, u.mobile, u.status, u.birthday, u.create_time createTime, u.ssex, u.company_name companyName, u.avatar, u.resume, u.description, u.last_login_time lastLoginTime, GROUP_CONCAT(r.role_id) roleId, GROUP_CONCAT(r.ROLE_NAME) roleName FROM t_user u LEFT JOIN t_user_role ur ON (u.user_id = ur.user_id) LEFT JOIN t_role r ON r.role_id = ur.role_id WHERE 1 = 1 AND u.username = 'mrbird' group by u.username;
2019-04-30 15:19:27.207 febs [main] INFO  p6spy - 2019-04-30 15:19:27 | 耗时 2 ms | SQL 语句：
select r.* from t_role r left join t_user_role ur on (r.role_id = ur.role_id) left join t_user u on (u.user_id = ur.user_id) where u.username = 'mrbird';
2019-04-30 15:19:27.252 febs [main] INFO  p6spy - 2019-04-30 15:19:27 | 耗时 12 ms | SQL 语句：
select distinct m.perms from t_role r left join t_user_role ur on (r.role_id = ur.role_id) left join t_user u on (u.user_id = ur.user_id) left join t_role_menu rm on (rm.role_id = r.role_id) left join t_menu m on (m.menu_id = rm.menu_id) where u.username = 'mrbird' and m.perms is not null and m.perms <> '';
2019-04-30 15:19:27.302 febs [main] INFO  p6spy - 2019-04-30 15:19:27 | 耗时 6 ms | SQL 语句：
SELECT USER_ID,theme,layout,multi_page,fix_siderbar,fix_header,color FROM t_user_config WHERE USER_ID='1';
2019-04-30 15:19:27.306 febs [main] INFO  p6spy - 2019-04-30 15:19:27 | 耗时 2 ms | SQL 语句：
SELECT u.user_id userId, u.username, u.password, u.email, u.mobile, u.status, u.birthday, u.create_time createTime, u.ssex, u.company_name companyName, u.avatar, u.resume, u.description, u.last_login_time lastLoginTime, GROUP_CONCAT(r.role_id) roleId, GROUP_CONCAT(r.ROLE_NAME) roleName FROM t_user u LEFT JOIN t_user_role ur ON (u.user_id = ur.user_id) LEFT JOIN t_role r ON r.role_id = ur.role_id WHERE 1 = 1 AND u.username = 'scott' group by u.username;
2019-04-30 15:19:27.320 febs [main] INFO  p6spy - 2019-04-30 15:19:27 | 耗时 1 ms | SQL 语句：
select r.* from t_role r left join t_user_role ur on (r.role_id = ur.role_id) left join t_user u on (u.user_id = ur.user_id) where u.username = 'scott';
2019-04-30 15:19:27.323 febs [main] INFO  p6spy - 2019-04-30 15:19:27 | 耗时 2 ms | SQL 语句：
select distinct m.perms from t_role r left join t_user_role ur on (r.role_id = ur.role_id) left join t_user u on (u.user_id = ur.user_id) left join t_role_menu rm on (rm.role_id = r.role_id) left join t_menu m on (m.menu_id = rm.menu_id) where u.username = 'scott' and m.perms is not null and m.perms <> '';
2019-04-30 15:19:27.334 febs [main] INFO  p6spy - 2019-04-30 15:19:27 | 耗时 2 ms | SQL 语句：
SELECT USER_ID,theme,layout,multi_page,fix_siderbar,fix_header,color FROM t_user_config WHERE USER_ID='2';
2019-04-30 15:19:27.340 febs [main] INFO  p6spy - 2019-04-30 15:19:27 | 耗时 2 ms | SQL 语句：
SELECT u.user_id userId, u.username, u.password, u.email, u.mobile, u.status, u.birthday, u.create_time createTime, u.ssex, u.company_name companyName, u.avatar, u.resume, u.description, u.last_login_time lastLoginTime, GROUP_CONCAT(r.role_id) roleId, GROUP_CONCAT(r.ROLE_NAME) roleName FROM t_user u LEFT JOIN t_user_role ur ON (u.user_id = ur.user_id) LEFT JOIN t_role r ON r.role_id = ur.role_id WHERE 1 = 1 AND u.username = 'jack' group by u.username;
2019-04-30 15:19:27.343 febs [main] INFO  p6spy - 2019-04-30 15:19:27 | 耗时 1 ms | SQL 语句：
select r.* from t_role r left join t_user_role ur on (r.role_id = ur.role_id) left join t_user u on (u.user_id = ur.user_id) where u.username = 'jack';
2019-04-30 15:19:27.351 febs [main] INFO  p6spy - 2019-04-30 15:19:27 | 耗时 2 ms | SQL 语句：
select distinct m.perms from t_role r left join t_user_role ur on (r.role_id = ur.role_id) left join t_user u on (u.user_id = ur.user_id) left join t_role_menu rm on (rm.role_id = r.role_id) left join t_menu m on (m.menu_id = rm.menu_id) where u.username = 'jack' and m.perms is not null and m.perms <> '';
2019-04-30 15:19:27.360 febs [main] INFO  p6spy - 2019-04-30 15:19:27 | 耗时 1 ms | SQL 语句：
SELECT USER_ID,theme,layout,multi_page,fix_siderbar,fix_header,color FROM t_user_config WHERE USER_ID='12';
2019-04-30 15:19:27.362 febs [main] INFO  p6spy - 2019-04-30 15:19:27 | 耗时 2 ms | SQL 语句：
SELECT u.user_id userId, u.username, u.password, u.email, u.mobile, u.status, u.birthday, u.create_time createTime, u.ssex, u.company_name companyName, u.avatar, u.resume, u.description, u.last_login_time lastLoginTime, GROUP_CONCAT(r.role_id) roleId, GROUP_CONCAT(r.ROLE_NAME) roleName FROM t_user u LEFT JOIN t_user_role ur ON (u.user_id = ur.user_id) LEFT JOIN t_role r ON r.role_id = ur.role_id WHERE 1 = 1 AND u.username = 'liuqiang' group by u.username;
2019-04-30 15:19:27.362 febs [main] INFO  p6spy - 2019-04-30 15:19:27 | 耗时 1 ms | SQL 语句：
select r.* from t_role r left join t_user_role ur on (r.role_id = ur.role_id) left join t_user u on (u.user_id = ur.user_id) where u.username = 'liuqiang';
2019-04-30 15:19:27.362 febs [main] INFO  p6spy - 2019-04-30 15:19:27 | 耗时 1 ms | SQL 语句：
select distinct m.perms from t_role r left join t_user_role ur on (r.role_id = ur.role_id) left join t_user u on (u.user_id = ur.user_id) left join t_role_menu rm on (rm.role_id = r.role_id) left join t_menu m on (m.menu_id = rm.menu_id) where u.username = 'liuqiang' and m.perms is not null and m.perms <> '';
2019-04-30 15:19:27.381 febs [main] INFO  p6spy - 2019-04-30 15:19:27 | 耗时 1 ms | SQL 语句：
SELECT USER_ID,theme,layout,multi_page,fix_siderbar,fix_header,color FROM t_user_config WHERE USER_ID='15';
2019-04-30 15:19:27.388 febs [main] INFO  p6spy - 2019-04-30 15:19:27 | 耗时 1 ms | SQL 语句：
SELECT u.user_id userId, u.username, u.password, u.email, u.mobile, u.status, u.birthday, u.create_time createTime, u.ssex, u.company_name companyName, u.avatar, u.resume, u.description, u.last_login_time lastLoginTime, GROUP_CONCAT(r.role_id) roleId, GROUP_CONCAT(r.ROLE_NAME) roleName FROM t_user u LEFT JOIN t_user_role ur ON (u.user_id = ur.user_id) LEFT JOIN t_role r ON r.role_id = ur.role_id WHERE 1 = 1 AND u.username = 'zhb666' group by u.username;
2019-04-30 15:19:27.392 febs [main] INFO  p6spy - 2019-04-30 15:19:27 | 耗时 1 ms | SQL 语句：
select r.* from t_role r left join t_user_role ur on (r.role_id = ur.role_id) left join t_user u on (u.user_id = ur.user_id) where u.username = 'zhb666';
2019-04-30 15:19:27.403 febs [main] INFO  p6spy - 2019-04-30 15:19:27 | 耗时 10 ms | SQL 语句：
select distinct m.perms from t_role r left join t_user_role ur on (r.role_id = ur.role_id) left join t_user u on (u.user_id = ur.user_id) left join t_role_menu rm on (rm.role_id = r.role_id) left join t_menu m on (m.menu_id = rm.menu_id) where u.username = 'zhb666' and m.perms is not null and m.perms <> '';
2019-04-30 15:19:27.417 febs [main] INFO  p6spy - 2019-04-30 15:19:27 | 耗时 3 ms | SQL 语句：
SELECT USER_ID,theme,layout,multi_page,fix_siderbar,fix_header,color FROM t_user_config WHERE USER_ID='16';
2019-04-30 15:19:27.423 febs [main] INFO  p6spy - 2019-04-30 15:19:27 | 耗时 2 ms | SQL 语句：
SELECT u.user_id userId, u.username, u.password, u.email, u.mobile, u.status, u.birthday, u.create_time createTime, u.ssex, u.company_name companyName, u.avatar, u.resume, u.description, u.last_login_time lastLoginTime, GROUP_CONCAT(r.role_id) roleId, GROUP_CONCAT(r.ROLE_NAME) roleName FROM t_user u LEFT JOIN t_user_role ur ON (u.user_id = ur.user_id) LEFT JOIN t_role r ON r.role_id = ur.role_id WHERE 1 = 1 AND u.username = '蹦跶蹦跶' group by u.username;
2019-04-30 15:19:27.433 febs [main] INFO  p6spy - 2019-04-30 15:19:27 | 耗时 1 ms | SQL 语句：
select r.* from t_role r left join t_user_role ur on (r.role_id = ur.role_id) left join t_user u on (u.user_id = ur.user_id) where u.username = '蹦跶蹦跶';
2019-04-30 15:19:27.444 febs [main] INFO  p6spy - 2019-04-30 15:19:27 | 耗时 4 ms | SQL 语句：
select distinct m.perms from t_role r left join t_user_role ur on (r.role_id = ur.role_id) left join t_user u on (u.user_id = ur.user_id) left join t_role_menu rm on (rm.role_id = r.role_id) left join t_menu m on (m.menu_id = rm.menu_id) where u.username = '蹦跶蹦跶' and m.perms is not null and m.perms <> '';
2019-04-30 15:19:27.457 febs [main] INFO  p6spy - 2019-04-30 15:19:27 | 耗时 1 ms | SQL 语句：
SELECT USER_ID,theme,layout,multi_page,fix_siderbar,fix_header,color FROM t_user_config WHERE USER_ID='17';
2019-04-30 15:19:27.463 febs [main] INFO  c.m.f.common.runner.StartedUpRunner -  __    ___   _      ___   _     ____ _____  ____ 
2019-04-30 15:19:27.463 febs [main] INFO  c.m.f.common.runner.StartedUpRunner - / /`  / / \ | |\/| | |_) | |   | |_   | |  | |_  
2019-04-30 15:19:27.464 febs [main] INFO  c.m.f.common.runner.StartedUpRunner - \_\_, \_\_/ |_|  | |_|   |_|__ |_|__  |_|  |_|__ 
2019-04-30 15:19:27.464 febs [main] INFO  c.m.f.common.runner.StartedUpRunner -                                                       
2019-04-30 15:19:27.464 febs [main] INFO  c.m.f.common.runner.StartedUpRunner - FEBS 启动完毕，时间：2019-04-30T15:19:27.464
2019-04-30 15:19:28.811 febs [RMI TCP Connection(10)-127.0.0.1] INFO  p6spy - 2019-04-30 15:19:28 | 耗时 1 ms | SQL 语句：
/* ping */ SELECT 1;
2019-04-30 15:19:28.884 febs [RMI TCP Connection(12)-127.0.0.1] INFO  o.a.c.c.C.[Tomcat].[localhost].[/] - Initializing Spring DispatcherServlet 'dispatcherServlet'
2019-04-30 15:19:28.884 febs [RMI TCP Connection(12)-127.0.0.1] INFO  o.s.web.servlet.DispatcherServlet - Initializing Servlet 'dispatcherServlet'
2019-04-30 15:19:28.923 febs [RMI TCP Connection(12)-127.0.0.1] INFO  o.s.web.servlet.DispatcherServlet - Completed initialization in 39 ms
2019-04-30 15:19:32.169 febs [http-nio-9527-exec-1] INFO  c.m.febs.common.aspect.LimitAspect - IP:127.0.0.1 第 1 次访问key为 [limit_login127.0.0.1]，描述为 [登录接口] 的接口
2019-04-30 15:19:32.454 febs [http-nio-9527-exec-1] INFO  p6spy - 2019-04-30 15:19:32 | 耗时 5 ms | SQL 语句：
UPDATE t_user SET last_login_time='2019-04-30T15:19:32.402+0800' WHERE username = 'mrbird';
2019-04-30 15:19:32.458 febs [http-nio-9527-exec-1] INFO  p6spy - 2019-04-30 15:19:32 | 耗时 1 ms | SQL 语句：
SELECT u.user_id userId, u.username, u.password, u.email, u.mobile, u.status, u.birthday, u.create_time createTime, u.ssex, u.company_name companyName, u.avatar, u.resume, u.description, u.last_login_time lastLoginTime, GROUP_CONCAT(r.role_id) roleId, GROUP_CONCAT(r.ROLE_NAME) roleName FROM t_user u LEFT JOIN t_user_role ur ON (u.user_id = ur.user_id) LEFT JOIN t_role r ON r.role_id = ur.role_id WHERE 1 = 1 AND u.username = 'mrbird' group by u.username;
2019-04-30 15:19:33.697 febs [http-nio-9527-exec-1] INFO  p6spy - 2019-04-30 15:19:33 | 耗时 6 ms | SQL 语句：
INSERT INTO t_login_log ( username, login_time, location, ip ) VALUES ( 'mrbird', '2019-04-30T15:19:32.559+0800', '', '127.0.0.1' );
2019-04-30 15:19:34.981 febs [http-nio-9527-exec-4] INFO  c.m.f.common.authentication.JWTUtil - token is valid
2019-04-30 15:19:35.030 febs [http-nio-9527-exec-4] INFO  p6spy - 2019-04-30 15:19:35 | 耗时 6 ms | SQL 语句：
select m.* from t_menu m where m.type <> 1 and m.MENU_ID in (select distinct rm.menu_id from t_role_menu rm left join t_role r on (rm.role_id = r.role_id) left join t_user_role ur on (ur.role_id = r.role_id) left join t_user u on (u.user_id = ur.user_id) where u.username = 'mrbird') order by m.order_num;
2019-04-30 15:19:35.896 febs [http-nio-9527-exec-8] INFO  c.m.f.common.authentication.JWTUtil - token is valid
2019-04-30 15:19:35.896 febs [http-nio-9527-exec-7] INFO  c.m.f.common.authentication.JWTUtil - token is valid
2019-04-30 15:19:35.905 febs [http-nio-9527-exec-8] INFO  p6spy - 2019-04-30 15:19:35 | 耗时 2 ms | SQL 语句：
select count(1) from t_login_log;
2019-04-30 15:19:35.913 febs [http-nio-9527-exec-8] INFO  p6spy - 2019-04-30 15:19:35 | 耗时 4 ms | SQL 语句：
select count(1) from t_login_log where datediff(login_time,now())=0;
2019-04-30 15:19:35.916 febs [http-nio-9527-exec-8] INFO  p6spy - 2019-04-30 15:19:35 | 耗时 1 ms | SQL 语句：
select count(distinct(ip)) from t_login_log where datediff(login_time,now())=0;
2019-04-30 15:19:35.923 febs [http-nio-9527-exec-8] INFO  p6spy - 2019-04-30 15:19:35 | 耗时 3 ms | SQL 语句：
select date_format(l.login_time, '%m-%d') days, count(1) count from ( select * from t_login_log where date_sub(curdate(), interval 7 day) <= date(login_time) ) as l where 1 = 1 group by days;
2019-04-30 15:19:35.928 febs [http-nio-9527-exec-8] INFO  p6spy - 2019-04-30 15:19:35 | 耗时 2 ms | SQL 语句：
select date_format(l.login_time, '%m-%d') days, count(1) count from ( select * from t_login_log where date_sub(curdate(), interval 7 day) <= date(login_time) ) as l where 1 = 1 and l.username = 'mrbird' group by days;
2019-04-30 15:19:36.049 febs [http-nio-9527-exec-7] INFO  p6spy - 2019-04-30 15:19:36 | 耗时 8 ms | SQL 语句：
SELECT COUNT(1) FROM t_project t WHERE 1 = 1 AND t.USER_ID = 1;
2019-04-30 15:19:36.060 febs [http-nio-9527-exec-7] INFO  p6spy - 2019-04-30 15:19:36 | 耗时 2 ms | SQL 语句：
select t.PROJECT_ID, t.PROJECT_CODE, t.PROJECT_NAME projectName, t.START_TIME startTime, t.PLAN_FINISH_TIME planFinishTime, t.PROJECT_STATUS projectStatus, t.PRIORITY_LEVEL, t.COMPANY_NAME companyName, t.GATHER_STATUS gatherStatus, t.CUSTOMER_MANAGER, t.BUSINESS_PERSON, t.PROJECT_CHARGE, t.PROJECT_COUNSELOR, t.COMPANY_CONTACT, t.SEARCH_PERSON, t.COMPANY_PAYER, t.COMPANY_INFO, t.REPORT_OBJECT, t.SUBORDINATE_POSITION, t.WORK_ADDRESS, t.NUMBER, t.TRADE, t.SUITABLE_FUNCTION, t.LANGUAGE_REQUIRE, t.SEX_REQUIRE, t.POSITION_LEVEL, t.POSITION_SORT, t.AGE_REQUIRE, t.POSITION_INFO, t.POSITION_REASON, t.SALARY_RANGE, t.BONUS, t.WELFARE, t.PROGRESS, t.EXECUTION_ANALYZE, t.USER_ID, t.MODIFY_TIME, t.CREATE_TIME from t_project t where 1=1 AND t.USER_ID = 1 ORDER BY PROJECT_ID ASC LIMIT 0,10;
2019-04-30 15:19:46.597 febs [http-nio-9527-exec-10] INFO  c.m.f.common.authentication.JWTUtil - token is valid
2019-04-30 15:19:46.639 febs [http-nio-9527-exec-10] INFO  p6spy - 2019-04-30 15:19:46 | 耗时 7 ms | SQL 语句：
SELECT COUNT(1) FROM t_resume u WHERE 1 = 1 AND u.user_id = 1;
2019-04-30 15:19:46.642 febs [http-nio-9527-exec-10] INFO  p6spy - 2019-04-30 15:19:46 | 耗时 1 ms | SQL 语句：
SELECT * from t_resume u where 1 = 1 AND u.user_id = 1;
2019-04-30 15:19:55.448 febs [http-nio-9527-exec-1] INFO  c.m.f.common.authentication.JWTUtil - token is valid
2019-04-30 15:19:55.456 febs [http-nio-9527-exec-1] INFO  p6spy - 2019-04-30 15:19:55 | 耗时 1 ms | SQL 语句：
SELECT COUNT(1) FROM t_resume u WHERE 1 = 1 AND u.user_id = 1;
2019-04-30 15:19:55.457 febs [http-nio-9527-exec-1] INFO  p6spy - 2019-04-30 15:19:55 | 耗时 1 ms | SQL 语句：
SELECT * from t_resume u where 1 = 1 AND u.user_id = 1;
2019-04-30 15:21:08.645 febs [http-nio-9527-exec-6] INFO  c.m.f.common.authentication.JWTUtil - token is valid
2019-04-30 15:21:08.652 febs [http-nio-9527-exec-6] INFO  p6spy - 2019-04-30 15:21:08 | 耗时 1 ms | SQL 语句：
SELECT COUNT(1) FROM t_resume u WHERE 1 = 1 AND u.user_id = 1;
2019-04-30 15:21:08.655 febs [http-nio-9527-exec-6] INFO  p6spy - 2019-04-30 15:21:08 | 耗时 2 ms | SQL 语句：
SELECT * from t_resume u where 1 = 1 AND u.user_id = 1 ORDER BY resume_id ASC LIMIT 0,10;
2019-04-30 15:25:51.143 febs [http-nio-9527-exec-9] INFO  c.m.f.common.authentication.JWTUtil - token is valid
2019-04-30 15:25:51.153 febs [http-nio-9527-exec-9] INFO  p6spy - 2019-04-30 15:25:51 | 耗时 1 ms | SQL 语句：
SELECT COUNT(1) FROM t_resume u WHERE 1 = 1 AND u.user_id = 1;
2019-04-30 15:25:51.161 febs [http-nio-9527-exec-9] INFO  p6spy - 2019-04-30 15:25:51 | 耗时 6 ms | SQL 语句：
SELECT * from t_resume u where 1 = 1 AND u.user_id = 1 ORDER BY resume_id ASC LIMIT 0,10;
2019-04-30 15:28:38.643 febs [http-nio-9527-exec-1] INFO  c.m.f.common.authentication.JWTUtil - token is valid
2019-04-30 15:28:38.653 febs [http-nio-9527-exec-1] INFO  p6spy - 2019-04-30 15:28:38 | 耗时 1 ms | SQL 语句：
SELECT COUNT(1) FROM t_resume u WHERE 1 = 1 AND u.user_id = 1;
2019-04-30 15:28:38.656 febs [http-nio-9527-exec-1] INFO  p6spy - 2019-04-30 15:28:38 | 耗时 1 ms | SQL 语句：
SELECT * from t_resume u where 1 = 1 AND u.user_id = 1 ORDER BY resume_id ASC LIMIT 0,10;
2019-04-30 15:29:18.842 febs [http-nio-9527-exec-4] INFO  c.m.f.common.authentication.JWTUtil - token is valid
2019-04-30 15:29:18.849 febs [http-nio-9527-exec-4] INFO  p6spy - 2019-04-30 15:29:18 | 耗时 1 ms | SQL 语句：
SELECT COUNT(1) FROM t_resume u WHERE 1 = 1 AND u.user_id = 1;
2019-04-30 15:29:18.852 febs [http-nio-9527-exec-4] INFO  p6spy - 2019-04-30 15:29:18 | 耗时 1 ms | SQL 语句：
SELECT * from t_resume u where 1 = 1 AND u.user_id = 1 ORDER BY resume_id ASC LIMIT 0,10;
2019-04-30 15:29:54.839 febs [http-nio-9527-exec-6] INFO  c.m.f.common.authentication.JWTUtil - token is valid
2019-04-30 15:29:54.845 febs [http-nio-9527-exec-6] INFO  p6spy - 2019-04-30 15:29:54 | 耗时 0 ms | SQL 语句：
SELECT COUNT(1) FROM t_resume u WHERE 1 = 1 AND u.user_id = 1;
2019-04-30 15:29:54.854 febs [http-nio-9527-exec-6] INFO  p6spy - 2019-04-30 15:29:54 | 耗时 6 ms | SQL 语句：
SELECT * from t_resume u where 1 = 1 AND u.user_id = 1 ORDER BY resume_id ASC LIMIT 0,10;
2019-04-30 15:31:24.664 febs [http-nio-9527-exec-9] INFO  c.m.f.common.authentication.JWTUtil - token is valid
2019-04-30 15:31:24.673 febs [http-nio-9527-exec-9] INFO  p6spy - 2019-04-30 15:31:24 | 耗时 2 ms | SQL 语句：
SELECT COUNT(1) FROM t_resume u WHERE 1 = 1 AND u.user_id = 1;
2019-04-30 15:31:24.676 febs [http-nio-9527-exec-9] INFO  p6spy - 2019-04-30 15:31:24 | 耗时 1 ms | SQL 语句：
SELECT * from t_resume u where 1 = 1 AND u.user_id = 1 ORDER BY resume_id ASC LIMIT 0,10;
2019-04-30 15:32:46.357 febs [http-nio-9527-exec-1] INFO  c.m.f.common.authentication.JWTUtil - token is valid
2019-04-30 15:32:46.366 febs [http-nio-9527-exec-1] INFO  p6spy - 2019-04-30 15:32:46 | 耗时 1 ms | SQL 语句：
SELECT COUNT(1) FROM t_resume u WHERE 1 = 1 AND u.user_id = 1;
2019-04-30 15:32:46.370 febs [http-nio-9527-exec-1] INFO  p6spy - 2019-04-30 15:32:46 | 耗时 1 ms | SQL 语句：
SELECT * from t_resume u where 1 = 1 AND u.user_id = 1 ORDER BY resume_id ASC LIMIT 0,10;
2019-04-30 15:32:50.300 febs [http-nio-9527-exec-3] INFO  c.m.f.common.authentication.JWTUtil - token is valid
2019-04-30 15:32:50.309 febs [http-nio-9527-exec-3] INFO  p6spy - 2019-04-30 15:32:50 | 耗时 1 ms | SQL 语句：
SELECT COUNT(1) FROM t_resume u WHERE 1 = 1 AND u.user_id = 1;
2019-04-30 15:32:50.327 febs [http-nio-9527-exec-3] INFO  p6spy - 2019-04-30 15:32:50 | 耗时 15 ms | SQL 语句：
SELECT * from t_resume u where 1 = 1 AND u.user_id = 1 ORDER BY resume_id ASC LIMIT 0,10;
2019-04-30 15:32:53.547 febs [http-nio-9527-exec-5] INFO  c.m.f.common.authentication.JWTUtil - token is valid
2019-04-30 15:32:53.558 febs [http-nio-9527-exec-5] INFO  p6spy - 2019-04-30 15:32:53 | 耗时 1 ms | SQL 语句：
SELECT COUNT(1) FROM t_resume u WHERE 1 = 1 AND u.user_id = 1;
2019-04-30 15:32:53.562 febs [http-nio-9527-exec-5] INFO  p6spy - 2019-04-30 15:32:53 | 耗时 2 ms | SQL 语句：
SELECT * from t_resume u where 1 = 1 AND u.user_id = 1 ORDER BY resume_id ASC LIMIT 0,10;
2019-04-30 15:35:32.717 febs [http-nio-9527-exec-7] INFO  c.m.f.common.authentication.JWTUtil - token is valid
2019-04-30 15:35:32.726 febs [http-nio-9527-exec-7] INFO  p6spy - 2019-04-30 15:35:32 | 耗时 0 ms | SQL 语句：
SELECT COUNT(1) FROM t_resume u WHERE 1 = 1 AND u.user_id = 1;
2019-04-30 15:35:32.728 febs [http-nio-9527-exec-7] INFO  p6spy - 2019-04-30 15:35:32 | 耗时 1 ms | SQL 语句：
SELECT * from t_resume u where 1 = 1 AND u.user_id = 1 ORDER BY resume_id ASC LIMIT 0,10;
2019-04-30 15:38:36.958 febs [http-nio-9527-exec-2] INFO  c.m.f.common.authentication.JWTUtil - token is valid
2019-04-30 15:38:36.966 febs [http-nio-9527-exec-2] INFO  p6spy - 2019-04-30 15:38:36 | 耗时 1 ms | SQL 语句：
SELECT COUNT(1) FROM t_resume u WHERE 1 = 1 AND u.user_id = 1;
2019-04-30 15:38:36.981 febs [http-nio-9527-exec-2] INFO  p6spy - 2019-04-30 15:38:36 | 耗时 13 ms | SQL 语句：
SELECT * from t_resume u where 1 = 1 AND u.user_id = 1 ORDER BY resume_id ASC LIMIT 0,10;
2019-04-30 15:38:45.961 febs [http-nio-9527-exec-3] INFO  c.m.f.common.authentication.JWTUtil - token is valid
2019-04-30 15:38:45.967 febs [http-nio-9527-exec-3] INFO  p6spy - 2019-04-30 15:38:45 | 耗时 1 ms | SQL 语句：
SELECT COUNT(1) FROM t_resume u WHERE 1 = 1 AND u.user_id = 1;
2019-04-30 15:38:45.970 febs [http-nio-9527-exec-3] INFO  p6spy - 2019-04-30 15:38:45 | 耗时 1 ms | SQL 语句：
SELECT * from t_resume u where 1 = 1 AND u.user_id = 1 ORDER BY resume_id ASC LIMIT 0,10;
2019-04-30 15:39:58.444 febs [http-nio-9527-exec-6] INFO  c.m.f.common.authentication.JWTUtil - token is valid
2019-04-30 15:39:58.459 febs [http-nio-9527-exec-6] INFO  p6spy - 2019-04-30 15:39:58 | 耗时 2 ms | SQL 语句：
SELECT MENU_ID,parent_id,menu_name,path,component,perms,icon,type,order_num,create_time,modify_time FROM t_menu;
2019-04-30 15:40:06.846 febs [http-nio-9527-exec-7] INFO  c.m.f.common.authentication.JWTUtil - token is valid
2019-04-30 15:40:06.864 febs [http-nio-9527-exec-7] INFO  p6spy - 2019-04-30 15:40:06 | 耗时 1 ms | SQL 语句：
SELECT MENU_ID,parent_id,menu_name,path,component,perms,icon,type,order_num,create_time,modify_time FROM t_menu WHERE type = '0';
2019-04-30 15:40:56.301 febs [http-nio-9527-exec-10] INFO  c.m.f.common.authentication.JWTUtil - token is valid
2019-04-30 15:40:56.311 febs [http-nio-9527-exec-10] INFO  p6spy - 2019-04-30 15:40:56 | 耗时 1 ms | SQL 语句：
SELECT MENU_ID,parent_id,menu_name,path,component,perms,icon,type,order_num,create_time,modify_time FROM t_menu;
2019-04-30 15:41:05.966 febs [http-nio-9527-exec-1] INFO  c.m.f.common.authentication.JWTUtil - token is valid
2019-04-30 15:41:05.979 febs [http-nio-9527-exec-1] INFO  p6spy - 2019-04-30 15:41:05 | 耗时 1 ms | SQL 语句：
SELECT MENU_ID,parent_id,menu_name,path,component,perms,icon,type,order_num,create_time,modify_time FROM t_menu WHERE type = '0';
2019-04-30 15:41:22.128 febs [http-nio-9527-exec-4] INFO  c.m.f.common.authentication.JWTUtil - token is valid
2019-04-30 15:41:22.175 febs [http-nio-9527-exec-4] INFO  p6spy - 2019-04-30 15:41:22 | 耗时 2 ms | SQL 语句：
UPDATE t_menu SET parent_id=139, menu_name='简历查看', path='/resume/resume', component='resume/resume/Resume', icon='meh', type='0', order_num=1.0, modify_time='2019-04-30T15:41:22.167+0800' WHERE MENU_ID=140;
2019-04-30 15:41:22.178 febs [http-nio-9527-exec-4] INFO  p6spy - 2019-04-30 15:41:22 | 耗时 1 ms | SQL 语句：
SELECT user_id FROM t_user_role WHERE role_id IN ( SELECT rm.role_id FROM t_role_menu rm WHERE rm.menu_id = '140' );
2019-04-30 15:41:22.184 febs [http-nio-9527-exec-4] INFO  p6spy - 2019-04-30 15:41:22 | 耗时 1 ms | SQL 语句：
SELECT USER_ID,username,password,company_name,email,mobile,status,create_time,modify_time,birthday,last_login_time,ssex,description,avatar,resume FROM t_user WHERE USER_ID='2';
2019-04-30 15:41:22.187 febs [http-nio-9527-exec-4] INFO  p6spy - 2019-04-30 15:41:22 | 耗时 1 ms | SQL 语句：
select r.* from t_role r left join t_user_role ur on (r.role_id = ur.role_id) left join t_user u on (u.user_id = ur.user_id) where u.username = 'scott';
2019-04-30 15:41:22.192 febs [http-nio-9527-exec-4] INFO  p6spy - 2019-04-30 15:41:22 | 耗时 1 ms | SQL 语句：
select distinct m.perms from t_role r left join t_user_role ur on (r.role_id = ur.role_id) left join t_user u on (u.user_id = ur.user_id) left join t_role_menu rm on (rm.role_id = r.role_id) left join t_menu m on (m.menu_id = rm.menu_id) where u.username = 'scott' and m.perms is not null and m.perms <> '';
2019-04-30 15:41:22.195 febs [http-nio-9527-exec-4] INFO  p6spy - 2019-04-30 15:41:22 | 耗时 0 ms | SQL 语句：
SELECT USER_ID,username,password,company_name,email,mobile,status,create_time,modify_time,birthday,last_login_time,ssex,description,avatar,resume FROM t_user WHERE USER_ID='1';
2019-04-30 15:41:22.198 febs [http-nio-9527-exec-4] INFO  p6spy - 2019-04-30 15:41:22 | 耗时 1 ms | SQL 语句：
select r.* from t_role r left join t_user_role ur on (r.role_id = ur.role_id) left join t_user u on (u.user_id = ur.user_id) where u.username = 'mrbird';
2019-04-30 15:41:22.202 febs [http-nio-9527-exec-4] INFO  p6spy - 2019-04-30 15:41:22 | 耗时 1 ms | SQL 语句：
select distinct m.perms from t_role r left join t_user_role ur on (r.role_id = ur.role_id) left join t_user u on (u.user_id = ur.user_id) left join t_role_menu rm on (rm.role_id = r.role_id) left join t_menu m on (m.menu_id = rm.menu_id) where u.username = 'mrbird' and m.perms is not null and m.perms <> '';
2019-04-30 15:41:22.210 febs [http-nio-9527-exec-4] INFO  p6spy - 2019-04-30 15:41:22 | 耗时 0 ms | SQL 语句：
SELECT USER_ID,username,password,company_name,email,mobile,status,create_time,modify_time,birthday,last_login_time,ssex,description,avatar,resume FROM t_user WHERE USER_ID='16';
2019-04-30 15:41:22.213 febs [http-nio-9527-exec-4] INFO  p6spy - 2019-04-30 15:41:22 | 耗时 1 ms | SQL 语句：
select r.* from t_role r left join t_user_role ur on (r.role_id = ur.role_id) left join t_user u on (u.user_id = ur.user_id) where u.username = 'zhb666';
2019-04-30 15:41:22.242 febs [http-nio-9527-exec-4] INFO  p6spy - 2019-04-30 15:41:22 | 耗时 1 ms | SQL 语句：
select distinct m.perms from t_role r left join t_user_role ur on (r.role_id = ur.role_id) left join t_user u on (u.user_id = ur.user_id) left join t_role_menu rm on (rm.role_id = r.role_id) left join t_menu m on (m.menu_id = rm.menu_id) where u.username = 'zhb666' and m.perms is not null and m.perms <> '';
2019-04-30 15:41:22.245 febs [http-nio-9527-exec-4] INFO  p6spy - 2019-04-30 15:41:22 | 耗时 0 ms | SQL 语句：
SELECT USER_ID,username,password,company_name,email,mobile,status,create_time,modify_time,birthday,last_login_time,ssex,description,avatar,resume FROM t_user WHERE USER_ID='17';
2019-04-30 15:41:22.662 febs [http-nio-9527-exec-4] INFO  p6spy - 2019-04-30 15:41:22 | 耗时 1 ms | SQL 语句：
select r.* from t_role r left join t_user_role ur on (r.role_id = ur.role_id) left join t_user u on (u.user_id = ur.user_id) where u.username = '蹦跶蹦跶';
2019-04-30 15:41:22.670 febs [http-nio-9527-exec-4] INFO  p6spy - 2019-04-30 15:41:22 | 耗时 2 ms | SQL 语句：
select distinct m.perms from t_role r left join t_user_role ur on (r.role_id = ur.role_id) left join t_user u on (u.user_id = ur.user_id) left join t_role_menu rm on (rm.role_id = r.role_id) left join t_menu m on (m.menu_id = rm.menu_id) where u.username = '蹦跶蹦跶' and m.perms is not null and m.perms <> '';
2019-04-30 15:41:23.450 febs [http-nio-9527-exec-6] INFO  c.m.f.common.authentication.JWTUtil - token is valid
2019-04-30 15:41:23.785 febs [http-nio-9527-exec-6] INFO  p6spy - 2019-04-30 15:41:23 | 耗时 2 ms | SQL 语句：
SELECT MENU_ID,parent_id,menu_name,path,component,perms,icon,type,order_num,create_time,modify_time FROM t_menu;
2019-04-30 15:41:23.793 febs [asyncTaskExecutor-1] INFO  p6spy - 2019-04-30 15:41:23 | 耗时 7 ms | SQL 语句：
INSERT INTO t_log ( username, operation, time, method, params, ip, create_time, location ) VALUES ( 'mrbird', '修改菜单/按钮', 661, 'cc.mrbird.febs.system.controller.MenuController.updateMenu()', ' menu: "Menu(menuId=140, parentId=139, menuName=简历查看, path=/resume/resume, component=resume/resume/Resume, perms=null, icon=meh, type=0, orderNum=1.0, createTime=null, modifyTime=Tue Apr 30 15:41:22 CST 2019, createTimeFrom=null, createTimeTo=null)"', '127.0.0.1', '2019-04-30T15:41:22.843+0800', '' );
2019-04-30 15:42:36.020 febs [http-nio-9527-exec-10] INFO  c.m.febs.common.aspect.LimitAspect - IP:127.0.0.1 第 1 次访问key为 [limit_login127.0.0.1]，描述为 [登录接口] 的接口
2019-04-30 15:42:36.033 febs [http-nio-9527-exec-10] INFO  p6spy - 2019-04-30 15:42:36 | 耗时 5 ms | SQL 语句：
UPDATE t_user SET last_login_time='2019-04-30T15:42:36.023+0800' WHERE username = 'mrbird';
2019-04-30 15:42:36.037 febs [http-nio-9527-exec-10] INFO  p6spy - 2019-04-30 15:42:36 | 耗时 1 ms | SQL 语句：
SELECT u.user_id userId, u.username, u.password, u.email, u.mobile, u.status, u.birthday, u.create_time createTime, u.ssex, u.company_name companyName, u.avatar, u.resume, u.description, u.last_login_time lastLoginTime, GROUP_CONCAT(r.role_id) roleId, GROUP_CONCAT(r.ROLE_NAME) roleName FROM t_user u LEFT JOIN t_user_role ur ON (u.user_id = ur.user_id) LEFT JOIN t_role r ON r.role_id = ur.role_id WHERE 1 = 1 AND u.username = 'mrbird' group by u.username;
2019-04-30 15:42:37.036 febs [http-nio-9527-exec-10] INFO  p6spy - 2019-04-30 15:42:37 | 耗时 4 ms | SQL 语句：
INSERT INTO t_login_log ( username, login_time, location, ip ) VALUES ( 'mrbird', '2019-04-30T15:42:36.139+0800', '', '127.0.0.1' );
2019-04-30 15:43:00.416 febs [http-nio-9527-exec-1] INFO  c.m.febs.common.aspect.LimitAspect - IP:127.0.0.1 第 2 次访问key为 [limit_login127.0.0.1]，描述为 [登录接口] 的接口
2019-04-30 15:43:00.426 febs [http-nio-9527-exec-1] INFO  p6spy - 2019-04-30 15:43:00 | 耗时 1 ms | SQL 语句：
UPDATE t_user SET last_login_time='2019-04-30T15:43:00.421+0800' WHERE username = 'mrbird';
2019-04-30 15:43:00.430 febs [http-nio-9527-exec-1] INFO  p6spy - 2019-04-30 15:43:00 | 耗时 1 ms | SQL 语句：
SELECT u.user_id userId, u.username, u.password, u.email, u.mobile, u.status, u.birthday, u.create_time createTime, u.ssex, u.company_name companyName, u.avatar, u.resume, u.description, u.last_login_time lastLoginTime, GROUP_CONCAT(r.role_id) roleId, GROUP_CONCAT(r.ROLE_NAME) roleName FROM t_user u LEFT JOIN t_user_role ur ON (u.user_id = ur.user_id) LEFT JOIN t_role r ON r.role_id = ur.role_id WHERE 1 = 1 AND u.username = 'mrbird' group by u.username;
2019-04-30 15:43:02.080 febs [http-nio-9527-exec-1] INFO  p6spy - 2019-04-30 15:43:02 | 耗时 1 ms | SQL 语句：
INSERT INTO t_login_log ( username, login_time, location, ip ) VALUES ( 'mrbird', '2019-04-30T15:43:00.439+0800', '', '127.0.0.1' );
2019-04-30 15:43:02.202 febs [http-nio-9527-exec-4] INFO  c.m.f.common.authentication.JWTUtil - token is valid
2019-04-30 15:43:02.209 febs [http-nio-9527-exec-4] INFO  p6spy - 2019-04-30 15:43:02 | 耗时 3 ms | SQL 语句：
select m.* from t_menu m where m.type <> 1 and m.MENU_ID in (select distinct rm.menu_id from t_role_menu rm left join t_role r on (rm.role_id = r.role_id) left join t_user_role ur on (ur.role_id = r.role_id) left join t_user u on (u.user_id = ur.user_id) where u.username = 'mrbird') order by m.order_num;
2019-04-30 15:43:02.953 febs [http-nio-9527-exec-8] INFO  c.m.f.common.authentication.JWTUtil - token is valid
2019-04-30 15:43:02.955 febs [http-nio-9527-exec-7] INFO  c.m.f.common.authentication.JWTUtil - token is valid
2019-04-30 15:43:02.962 febs [http-nio-9527-exec-7] INFO  p6spy - 2019-04-30 15:43:02 | 耗时 1 ms | SQL 语句：
select count(1) from t_login_log;
2019-04-30 15:43:02.966 febs [http-nio-9527-exec-7] INFO  p6spy - 2019-04-30 15:43:02 | 耗时 1 ms | SQL 语句：
select count(1) from t_login_log where datediff(login_time,now())=0;
2019-04-30 15:43:02.969 febs [http-nio-9527-exec-7] INFO  p6spy - 2019-04-30 15:43:02 | 耗时 1 ms | SQL 语句：
select count(distinct(ip)) from t_login_log where datediff(login_time,now())=0;
2019-04-30 15:43:02.970 febs [http-nio-9527-exec-8] INFO  p6spy - 2019-04-30 15:43:02 | 耗时 1 ms | SQL 语句：
SELECT COUNT(1) FROM t_project t WHERE 1 = 1 AND t.USER_ID = 1;
2019-04-30 15:43:02.972 febs [http-nio-9527-exec-7] INFO  p6spy - 2019-04-30 15:43:02 | 耗时 1 ms | SQL 语句：
select date_format(l.login_time, '%m-%d') days, count(1) count from ( select * from t_login_log where date_sub(curdate(), interval 7 day) <= date(login_time) ) as l where 1 = 1 group by days;
2019-04-30 15:43:02.974 febs [http-nio-9527-exec-8] INFO  p6spy - 2019-04-30 15:43:02 | 耗时 1 ms | SQL 语句：
select t.PROJECT_ID, t.PROJECT_CODE, t.PROJECT_NAME projectName, t.START_TIME startTime, t.PLAN_FINISH_TIME planFinishTime, t.PROJECT_STATUS projectStatus, t.PRIORITY_LEVEL, t.COMPANY_NAME companyName, t.GATHER_STATUS gatherStatus, t.CUSTOMER_MANAGER, t.BUSINESS_PERSON, t.PROJECT_CHARGE, t.PROJECT_COUNSELOR, t.COMPANY_CONTACT, t.SEARCH_PERSON, t.COMPANY_PAYER, t.COMPANY_INFO, t.REPORT_OBJECT, t.SUBORDINATE_POSITION, t.WORK_ADDRESS, t.NUMBER, t.TRADE, t.SUITABLE_FUNCTION, t.LANGUAGE_REQUIRE, t.SEX_REQUIRE, t.POSITION_LEVEL, t.POSITION_SORT, t.AGE_REQUIRE, t.POSITION_INFO, t.POSITION_REASON, t.SALARY_RANGE, t.BONUS, t.WELFARE, t.PROGRESS, t.EXECUTION_ANALYZE, t.USER_ID, t.MODIFY_TIME, t.CREATE_TIME from t_project t where 1=1 AND t.USER_ID = 1 ORDER BY PROJECT_ID ASC LIMIT 0,10;
2019-04-30 15:43:02.976 febs [http-nio-9527-exec-7] INFO  p6spy - 2019-04-30 15:43:02 | 耗时 1 ms | SQL 语句：
select date_format(l.login_time, '%m-%d') days, count(1) count from ( select * from t_login_log where date_sub(curdate(), interval 7 day) <= date(login_time) ) as l where 1 = 1 and l.username = 'mrbird' group by days;
2019-04-30 15:43:08.037 febs [http-nio-9527-exec-2] INFO  c.m.f.common.authentication.JWTUtil - token is valid
2019-04-30 15:43:08.043 febs [http-nio-9527-exec-2] INFO  p6spy - 2019-04-30 15:43:08 | 耗时 1 ms | SQL 语句：
SELECT COUNT(1) FROM t_resume u WHERE 1 = 1 AND u.user_id = 1;
2019-04-30 15:43:08.046 febs [http-nio-9527-exec-2] INFO  p6spy - 2019-04-30 15:43:08 | 耗时 1 ms | SQL 语句：
SELECT * from t_resume u where 1 = 1 AND u.user_id = 1 ORDER BY resume_id ASC LIMIT 0,10;
2019-04-30 15:45:10.468 febs [http-nio-9527-exec-5] INFO  c.m.f.common.authentication.JWTUtil - token is valid
2019-04-30 15:45:10.478 febs [http-nio-9527-exec-5] INFO  p6spy - 2019-04-30 15:45:10 | 耗时 0 ms | SQL 语句：
SELECT COUNT(1) FROM t_resume u WHERE 1 = 1 AND u.user_id = 1;
2019-04-30 15:45:10.488 febs [http-nio-9527-exec-5] INFO  p6spy - 2019-04-30 15:45:10 | 耗时 8 ms | SQL 语句：
SELECT * from t_resume u where 1 = 1 AND u.user_id = 1 ORDER BY resume_id ASC LIMIT 0,10;
2019-04-30 15:45:30.279 febs [http-nio-9527-exec-7] INFO  c.m.f.common.authentication.JWTUtil - token is valid
2019-04-30 15:45:30.286 febs [http-nio-9527-exec-7] INFO  p6spy - 2019-04-30 15:45:30 | 耗时 1 ms | SQL 语句：
SELECT COUNT(1) FROM t_resume u WHERE 1 = 1 AND u.user_id = 1;
2019-04-30 15:45:30.289 febs [http-nio-9527-exec-7] INFO  p6spy - 2019-04-30 15:45:30 | 耗时 1 ms | SQL 语句：
SELECT * from t_resume u where 1 = 1 AND u.user_id = 1 ORDER BY resume_id ASC LIMIT 0,10;
2019-04-30 15:47:12.346 febs [http-nio-9527-exec-2] INFO  c.m.f.common.authentication.JWTUtil - token is valid
2019-04-30 15:47:12.352 febs [http-nio-9527-exec-2] INFO  p6spy - 2019-04-30 15:47:12 | 耗时 1 ms | SQL 语句：
SELECT COUNT(1) FROM t_resume u WHERE 1 = 1 AND u.user_id = 1;
2019-04-30 15:47:12.355 febs [http-nio-9527-exec-2] INFO  p6spy - 2019-04-30 15:47:12 | 耗时 1 ms | SQL 语句：
SELECT * from t_resume u where 1 = 1 AND u.user_id = 1 ORDER BY resume_id ASC LIMIT 0,10;
2019-04-30 15:49:19.435 febs [http-nio-9527-exec-3] INFO  c.m.f.common.authentication.JWTUtil - token is valid
2019-04-30 15:49:19.449 febs [http-nio-9527-exec-3] INFO  p6spy - 2019-04-30 15:49:19 | 耗时 7 ms | SQL 语句：
SELECT COUNT(1) FROM t_resume u WHERE 1 = 1 AND u.user_id = 1;
2019-04-30 15:49:19.453 febs [http-nio-9527-exec-3] INFO  p6spy - 2019-04-30 15:49:19 | 耗时 2 ms | SQL 语句：
SELECT * from t_resume u where 1 = 1 AND u.user_id = 1 ORDER BY resume_id ASC LIMIT 0,10;
2019-04-30 15:50:08.424 febs [http-nio-9527-exec-5] INFO  c.m.f.common.authentication.JWTUtil - token is valid
2019-04-30 15:50:08.435 febs [http-nio-9527-exec-5] INFO  p6spy - 2019-04-30 15:50:08 | 耗时 1 ms | SQL 语句：
SELECT COUNT(1) FROM t_resume u WHERE 1 = 1 AND u.user_id = 1;
2019-04-30 15:50:08.439 febs [http-nio-9527-exec-5] INFO  p6spy - 2019-04-30 15:50:08 | 耗时 2 ms | SQL 语句：
SELECT * from t_resume u where 1 = 1 AND u.user_id = 1 ORDER BY resume_id ASC LIMIT 0,10;
2019-04-30 15:50:26.603 febs [http-nio-9527-exec-7] INFO  c.m.f.common.authentication.JWTUtil - token is valid
2019-04-30 15:50:26.609 febs [http-nio-9527-exec-7] INFO  p6spy - 2019-04-30 15:50:26 | 耗时 0 ms | SQL 语句：
SELECT COUNT(1) FROM t_resume u WHERE 1 = 1 AND u.user_id = 1;
2019-04-30 15:50:26.612 febs [http-nio-9527-exec-7] INFO  p6spy - 2019-04-30 15:50:26 | 耗时 1 ms | SQL 语句：
SELECT * from t_resume u where 1 = 1 AND u.user_id = 1 ORDER BY resume_id ASC LIMIT 0,10;
2019-04-30 15:51:39.670 febs [http-nio-9527-exec-2] INFO  c.m.f.common.authentication.JWTUtil - token is valid
2019-04-30 15:51:39.677 febs [http-nio-9527-exec-2] INFO  p6spy - 2019-04-30 15:51:39 | 耗时 0 ms | SQL 语句：
SELECT COUNT(1) FROM t_resume u WHERE 1 = 1 AND u.user_id = 1;
2019-04-30 15:51:39.679 febs [http-nio-9527-exec-2] INFO  p6spy - 2019-04-30 15:51:39 | 耗时 1 ms | SQL 语句：
SELECT * from t_resume u where 1 = 1 AND u.user_id = 1 ORDER BY resume_id ASC LIMIT 0,10;
2019-04-30 15:51:51.371 febs [http-nio-9527-exec-1] INFO  c.m.f.common.authentication.JWTUtil - token is valid
2019-04-30 15:51:51.377 febs [http-nio-9527-exec-1] INFO  p6spy - 2019-04-30 15:51:51 | 耗时 0 ms | SQL 语句：
SELECT COUNT(1) FROM t_resume u WHERE 1 = 1 AND u.user_id = 1;
2019-04-30 15:51:51.380 febs [http-nio-9527-exec-1] INFO  p6spy - 2019-04-30 15:51:51 | 耗时 1 ms | SQL 语句：
SELECT * from t_resume u where 1 = 1 AND u.user_id = 1 ORDER BY resume_id ASC LIMIT 0,10;
2019-04-30 15:52:01.187 febs [http-nio-9527-exec-4] INFO  c.m.f.common.authentication.JWTUtil - token is valid
2019-04-30 15:52:01.194 febs [http-nio-9527-exec-4] INFO  p6spy - 2019-04-30 15:52:01 | 耗时 0 ms | SQL 语句：
SELECT COUNT(1) FROM t_resume u WHERE 1 = 1 AND u.user_id = 1;
2019-04-30 15:52:01.197 febs [http-nio-9527-exec-4] INFO  p6spy - 2019-04-30 15:52:01 | 耗时 1 ms | SQL 语句：
SELECT * from t_resume u where 1 = 1 AND u.user_id = 1 ORDER BY resume_id ASC LIMIT 0,10;
2019-04-30 15:52:17.758 febs [http-nio-9527-exec-6] INFO  c.m.f.common.authentication.JWTUtil - token is valid
2019-04-30 15:52:17.766 febs [http-nio-9527-exec-6] INFO  p6spy - 2019-04-30 15:52:17 | 耗时 1 ms | SQL 语句：
SELECT COUNT(1) FROM t_resume u WHERE 1 = 1 AND u.user_id = 1;
2019-04-30 15:52:17.768 febs [http-nio-9527-exec-6] INFO  p6spy - 2019-04-30 15:52:17 | 耗时 1 ms | SQL 语句：
SELECT * from t_resume u where 1 = 1 AND u.user_id = 1 ORDER BY resume_id ASC LIMIT 0,10;
2019-04-30 15:52:37.970 febs [http-nio-9527-exec-8] INFO  c.m.f.common.authentication.JWTUtil - token is valid
2019-04-30 15:52:37.976 febs [http-nio-9527-exec-8] INFO  p6spy - 2019-04-30 15:52:37 | 耗时 0 ms | SQL 语句：
SELECT COUNT(1) FROM t_resume u WHERE 1 = 1 AND u.user_id = 1;
2019-04-30 15:52:37.980 febs [http-nio-9527-exec-8] INFO  p6spy - 2019-04-30 15:52:37 | 耗时 1 ms | SQL 语句：
SELECT * from t_resume u where 1 = 1 AND u.user_id = 1 ORDER BY resume_id ASC LIMIT 0,10;
2019-04-30 15:54:44.655 febs [http-nio-9527-exec-10] INFO  c.m.f.common.authentication.JWTUtil - token is valid
2019-04-30 15:54:44.664 febs [http-nio-9527-exec-10] INFO  p6spy - 2019-04-30 15:54:44 | 耗时 0 ms | SQL 语句：
SELECT COUNT(1) FROM t_resume u WHERE 1 = 1 AND u.user_id = 1;
2019-04-30 15:54:44.667 febs [http-nio-9527-exec-10] INFO  p6spy - 2019-04-30 15:54:44 | 耗时 1 ms | SQL 语句：
SELECT * from t_resume u where 1 = 1 AND u.user_id = 1 ORDER BY resume_id ASC LIMIT 0,10;
2019-04-30 15:55:15.583 febs [http-nio-9527-exec-3] INFO  c.m.f.common.authentication.JWTUtil - token is valid
2019-04-30 15:55:15.591 febs [http-nio-9527-exec-3] INFO  p6spy - 2019-04-30 15:55:15 | 耗时 0 ms | SQL 语句：
SELECT COUNT(1) FROM t_resume u WHERE 1 = 1 AND u.user_id = 1;
2019-04-30 15:55:15.594 febs [http-nio-9527-exec-3] INFO  p6spy - 2019-04-30 15:55:15 | 耗时 1 ms | SQL 语句：
SELECT * from t_resume u where 1 = 1 AND u.user_id = 1 ORDER BY resume_id ASC LIMIT 0,10;
2019-04-30 16:03:47.281 febs [http-nio-9527-exec-6] INFO  c.m.f.common.authentication.JWTUtil - token is valid
2019-04-30 16:03:47.288 febs [http-nio-9527-exec-6] INFO  p6spy - 2019-04-30 16:03:47 | 耗时 0 ms | SQL 语句：
SELECT COUNT(1) FROM t_resume u WHERE 1 = 1 AND u.user_id = 1;
2019-04-30 16:03:47.290 febs [http-nio-9527-exec-6] INFO  p6spy - 2019-04-30 16:03:47 | 耗时 1 ms | SQL 语句：
SELECT * from t_resume u where 1 = 1 AND u.user_id = 1 ORDER BY resume_id ASC LIMIT 0,10;
2019-04-30 16:04:13.898 febs [http-nio-9527-exec-8] INFO  c.m.f.common.authentication.JWTUtil - token is valid
2019-04-30 16:04:13.903 febs [http-nio-9527-exec-8] INFO  p6spy - 2019-04-30 16:04:13 | 耗时 0 ms | SQL 语句：
SELECT COUNT(1) FROM t_resume u WHERE 1 = 1 AND u.user_id = 1;
2019-04-30 16:04:13.911 febs [http-nio-9527-exec-8] INFO  p6spy - 2019-04-30 16:04:13 | 耗时 5 ms | SQL 语句：
SELECT * from t_resume u where 1 = 1 AND u.user_id = 1 ORDER BY resume_id ASC LIMIT 0,10;
2019-04-30 16:05:02.328 febs [http-nio-9527-exec-2] INFO  c.m.f.common.authentication.JWTUtil - token is valid
2019-04-30 16:05:02.335 febs [http-nio-9527-exec-2] INFO  p6spy - 2019-04-30 16:05:02 | 耗时 1 ms | SQL 语句：
SELECT COUNT(1) FROM t_resume u WHERE 1 = 1 AND u.user_id = 1;
2019-04-30 16:05:02.337 febs [http-nio-9527-exec-2] INFO  p6spy - 2019-04-30 16:05:02 | 耗时 1 ms | SQL 语句：
SELECT * from t_resume u where 1 = 1 AND u.user_id = 1 ORDER BY resume_id ASC LIMIT 0,10;
2019-04-30 16:05:28.379 febs [http-nio-9527-exec-1] INFO  c.m.f.common.authentication.JWTUtil - token is valid
2019-04-30 16:05:28.384 febs [http-nio-9527-exec-1] INFO  p6spy - 2019-04-30 16:05:28 | 耗时 0 ms | SQL 语句：
SELECT COUNT(1) FROM t_resume u WHERE 1 = 1 AND u.user_id = 1;
2019-04-30 16:05:28.386 febs [http-nio-9527-exec-1] INFO  p6spy - 2019-04-30 16:05:28 | 耗时 1 ms | SQL 语句：
SELECT * from t_resume u where 1 = 1 AND u.user_id = 1 ORDER BY resume_id ASC LIMIT 0,10;
2019-04-30 16:08:11.406 febs [http-nio-9527-exec-5] INFO  c.m.f.common.authentication.JWTUtil - token is valid
2019-04-30 16:08:11.412 febs [http-nio-9527-exec-5] INFO  p6spy - 2019-04-30 16:08:11 | 耗时 0 ms | SQL 语句：
SELECT COUNT(1) FROM t_resume u WHERE 1 = 1 AND u.user_id = 1;
2019-04-30 16:08:11.416 febs [http-nio-9527-exec-5] INFO  p6spy - 2019-04-30 16:08:11 | 耗时 3 ms | SQL 语句：
SELECT * from t_resume u where 1 = 1 AND u.user_id = 1 ORDER BY resume_id ASC LIMIT 0,10;
2019-04-30 16:08:52.672 febs [http-nio-9527-exec-7] INFO  c.m.f.common.authentication.JWTUtil - token is valid
2019-04-30 16:08:52.680 febs [http-nio-9527-exec-7] INFO  p6spy - 2019-04-30 16:08:52 | 耗时 2 ms | SQL 语句：
SELECT MENU_ID,parent_id,menu_name,path,component,perms,icon,type,order_num,create_time,modify_time FROM t_menu;
2019-04-30 16:08:58.270 febs [http-nio-9527-exec-9] INFO  c.m.f.common.authentication.JWTUtil - token is valid
2019-04-30 16:08:58.279 febs [http-nio-9527-exec-9] INFO  p6spy - 2019-04-30 16:08:58 | 耗时 1 ms | SQL 语句：
SELECT MENU_ID,parent_id,menu_name,path,component,perms,icon,type,order_num,create_time,modify_time FROM t_menu WHERE type = '0';
2019-04-30 16:09:19.802 febs [http-nio-9527-exec-10] INFO  c.m.f.common.authentication.JWTUtil - token is valid
2019-04-30 16:09:19.810 febs [http-nio-9527-exec-10] INFO  p6spy - 2019-04-30 16:09:19 | 耗时 1 ms | SQL 语句：
SELECT MENU_ID,parent_id,menu_name,path,component,perms,icon,type,order_num,create_time,modify_time FROM t_menu WHERE type = '0';
2019-04-30 16:10:21.061 febs [http-nio-9527-exec-4] INFO  c.m.f.common.authentication.JWTUtil - token is valid
2019-04-30 16:10:21.077 febs [http-nio-9527-exec-4] INFO  p6spy - 2019-04-30 16:10:21 | 耗时 7 ms | SQL 语句：
INSERT INTO t_menu ( parent_id, menu_name, path, component, icon, type, order_num, create_time ) VALUES ( 0, '文件管理', '/file', 'PageView', 'folder-open', '0', 9.0, '2019-04-30T16:10:21.066+0800' );
2019-04-30 16:10:21.934 febs [asyncTaskExecutor-2] INFO  p6spy - 2019-04-30 16:10:21 | 耗时 2 ms | SQL 语句：
INSERT INTO t_log ( username, operation, time, method, params, ip, create_time, location ) VALUES ( 'mrbird', '新增菜单/按钮', 147, 'cc.mrbird.febs.system.controller.MenuController.addMenu()', ' menu: "Menu(menuId=191, parentId=0, menuName=文件管理, path=/file, component=PageView, perms=null, icon=folder-open, type=0, orderNum=9.0, createTime=Tue Apr 30 16:10:21 CST 2019, modifyTime=null, createTimeFrom=null, createTimeTo=null)"', '127.0.0.1', '2019-04-30T16:10:21.217+0800', '' );
2019-04-30 16:10:21.938 febs [http-nio-9527-exec-6] INFO  c.m.f.common.authentication.JWTUtil - token is valid
2019-04-30 16:10:21.947 febs [http-nio-9527-exec-6] INFO  p6spy - 2019-04-30 16:10:21 | 耗时 1 ms | SQL 语句：
SELECT MENU_ID,parent_id,menu_name,path,component,perms,icon,type,order_num,create_time,modify_time FROM t_menu;
2019-04-30 16:10:32.394 febs [http-nio-9527-exec-8] INFO  c.m.f.common.authentication.JWTUtil - token is valid
2019-04-30 16:10:32.402 febs [http-nio-9527-exec-8] INFO  p6spy - 2019-04-30 16:10:32 | 耗时 1 ms | SQL 语句：
SELECT MENU_ID,parent_id,menu_name,path,component,perms,icon,type,order_num,create_time,modify_time FROM t_menu WHERE type = '0';
2019-04-30 16:10:37.214 febs [http-nio-9527-exec-2] INFO  c.m.f.common.authentication.JWTUtil - token is valid
2019-04-30 16:10:37.223 febs [http-nio-9527-exec-2] INFO  p6spy - 2019-04-30 16:10:37 | 耗时 1 ms | SQL 语句：
UPDATE t_menu SET parent_id=0, menu_name='文件管理', path='/file', component='PageView', icon='folder-open', type='0', order_num=10.0, modify_time='2019-04-30T16:10:37.220+0800' WHERE MENU_ID=191;
2019-04-30 16:10:37.226 febs [http-nio-9527-exec-2] INFO  p6spy - 2019-04-30 16:10:37 | 耗时 1 ms | SQL 语句：
SELECT user_id FROM t_user_role WHERE role_id IN ( SELECT rm.role_id FROM t_role_menu rm WHERE rm.menu_id = '191' );
2019-04-30 16:10:37.946 febs [http-nio-9527-exec-1] INFO  c.m.f.common.authentication.JWTUtil - token is valid
2019-04-30 16:10:38.405 febs [http-nio-9527-exec-1] INFO  p6spy - 2019-04-30 16:10:38 | 耗时 1 ms | SQL 语句：
SELECT MENU_ID,parent_id,menu_name,path,component,perms,icon,type,order_num,create_time,modify_time FROM t_menu;
2019-04-30 16:10:38.405 febs [asyncTaskExecutor-3] INFO  p6spy - 2019-04-30 16:10:38 | 耗时 1 ms | SQL 语句：
INSERT INTO t_log ( username, operation, time, method, params, ip, create_time, location ) VALUES ( 'mrbird', '修改菜单/按钮', 127, 'cc.mrbird.febs.system.controller.MenuController.updateMenu()', ' menu: "Menu(menuId=191, parentId=0, menuName=文件管理, path=/file, component=PageView, perms=null, icon=folder-open, type=0, orderNum=10.0, createTime=null, modifyTime=Tue Apr 30 16:10:37 CST 2019, createTimeFrom=null, createTimeTo=null)"', '127.0.0.1', '2019-04-30T16:10:37.350+0800', '' );
2019-04-30 16:16:08.153 febs [http-nio-9527-exec-5] INFO  c.m.f.common.authentication.JWTUtil - token is valid
2019-04-30 16:16:08.160 febs [http-nio-9527-exec-5] INFO  p6spy - 2019-04-30 16:16:08 | 耗时 1 ms | SQL 语句：
SELECT COUNT(1) FROM t_resume u WHERE 1 = 1 AND u.user_id = 1;
2019-04-30 16:16:08.163 febs [http-nio-9527-exec-5] INFO  p6spy - 2019-04-30 16:16:08 | 耗时 1 ms | SQL 语句：
SELECT * from t_resume u where 1 = 1 AND u.user_id = 1 ORDER BY resume_id ASC LIMIT 0,10;
2019-04-30 16:19:26.616 febs [scheduling-1] INFO  cc.mrbird.febs.common.task.CacheTask - delete expired user
2019-04-30 16:29:41.693 febs [http-nio-9527-exec-8] INFO  c.m.f.common.authentication.JWTUtil - token is valid
2019-04-30 16:29:41.701 febs [http-nio-9527-exec-8] INFO  p6spy - 2019-04-30 16:29:41 | 耗时 2 ms | SQL 语句：
SELECT COUNT(1) FROM t_resume u WHERE 1 = 1 AND u.user_id = 1;
2019-04-30 16:29:41.704 febs [http-nio-9527-exec-8] INFO  p6spy - 2019-04-30 16:29:41 | 耗时 1 ms | SQL 语句：
SELECT * from t_resume u where 1 = 1 AND u.user_id = 1 ORDER BY resume_id ASC LIMIT 0,10;
2019-04-30 16:32:10.332 febs [http-nio-9527-exec-10] INFO  c.m.f.common.authentication.JWTUtil - token is valid
2019-04-30 16:32:10.336 febs [http-nio-9527-exec-10] INFO  p6spy - 2019-04-30 16:32:10 | 耗时 0 ms | SQL 语句：
SELECT COUNT(1) FROM t_resume u WHERE 1 = 1 AND u.user_id = 1;
2019-04-30 16:32:10.339 febs [http-nio-9527-exec-10] INFO  p6spy - 2019-04-30 16:32:10 | 耗时 1 ms | SQL 语句：
SELECT * from t_resume u where 1 = 1 AND u.user_id = 1 ORDER BY resume_id ASC LIMIT 0,10;
2019-04-30 16:32:31.087 febs [http-nio-9527-exec-3] INFO  c.m.f.common.authentication.JWTUtil - token is valid
2019-04-30 16:32:31.092 febs [http-nio-9527-exec-3] INFO  p6spy - 2019-04-30 16:32:31 | 耗时 0 ms | SQL 语句：
SELECT COUNT(1) FROM t_resume u WHERE 1 = 1 AND u.user_id = 1;
2019-04-30 16:32:31.094 febs [http-nio-9527-exec-3] INFO  p6spy - 2019-04-30 16:32:31 | 耗时 1 ms | SQL 语句：
SELECT * from t_resume u where 1 = 1 AND u.user_id = 1 ORDER BY resume_id ASC LIMIT 0,10;
2019-04-30 16:34:36.770 febs [http-nio-9527-exec-6] INFO  c.m.f.common.authentication.JWTUtil - token is valid
2019-04-30 16:34:36.776 febs [http-nio-9527-exec-6] INFO  p6spy - 2019-04-30 16:34:36 | 耗时 0 ms | SQL 语句：
SELECT COUNT(1) FROM t_resume u WHERE 1 = 1 AND u.user_id = 1;
2019-04-30 16:34:36.778 febs [http-nio-9527-exec-6] INFO  p6spy - 2019-04-30 16:34:36 | 耗时 1 ms | SQL 语句：
SELECT * from t_resume u where 1 = 1 AND u.user_id = 1 ORDER BY resume_id ASC LIMIT 0,10;
2019-04-30 16:38:16.824 febs [http-nio-9527-exec-9] INFO  c.m.f.common.authentication.JWTUtil - token is valid
2019-04-30 16:38:16.846 febs [http-nio-9527-exec-9] INFO  p6spy - 2019-04-30 16:38:16 | 耗时 1 ms | SQL 语句：
SELECT MENU_ID,parent_id,menu_name,path,component,perms,icon,type,order_num,create_time,modify_time FROM t_menu;
